[0.992s] Invoking command in '/home/juan/ProyectoPR/SmartGarden1.0/smartg/src': PYTHONPATH=/home/juan/ProyectoPR/SmartGarden1.0/smartg/build/smart_g/prefix_override:/home/juan/ProyectoPR/SmartGarden1.0/smartg/install/smart_g/lib/python3.8/site-packages:${PYTHONPATH} /usr/bin/python3 setup.py egg_info --egg-base ../build/smart_g build --build-base /home/juan/ProyectoPR/SmartGarden1.0/smartg/build/smart_g/build install --record /home/juan/ProyectoPR/SmartGarden1.0/smartg/build/smart_g/install.log --install-scripts $base/lib/smart_g --single-version-externally-managed
[1.126s] /home/juan/.local/lib/python3.8/site-packages/setuptools/dist.py:498: SetuptoolsDeprecationWarning: Invalid dash-separated options
[1.126s] !!
[1.127s] 
[1.127s]         ********************************************************************************
[1.127s]         Usage of dash-separated 'script-dir' will not be supported in future
[1.127s]         versions. Please use the underscore name 'script_dir' instead.
[1.127s] 
[1.127s]         This deprecation is overdue, please update your project and remove deprecated
[1.127s]         calls to avoid build errors in the future.
[1.127s] 
[1.127s]         See https://setuptools.pypa.io/en/latest/userguide/declarative_config.html for details.
[1.127s]         ********************************************************************************
[1.128s] 
[1.128s] !!
[1.128s]   opt = self.warn_dash_deprecation(opt, section)
[1.235s] running egg_info
[1.254s] writing ../build/smart_g/smart_g.egg-info/PKG-INFO
[1.255s] writing dependency_links to ../build/smart_g/smart_g.egg-info/dependency_links.txt
[1.255s] writing entry points to ../build/smart_g/smart_g.egg-info/entry_points.txt
[1.255s] writing requirements to ../build/smart_g/smart_g.egg-info/requires.txt
[1.255s] writing top-level names to ../build/smart_g/smart_g.egg-info/top_level.txt
[1.386s] reading manifest file '../build/smart_g/smart_g.egg-info/SOURCES.txt'
[1.387s] writing manifest file '../build/smart_g/smart_g.egg-info/SOURCES.txt'
[1.387s] running build
[1.387s] running build_py
[1.388s] copying smart_g/tracker.py -> /home/juan/ProyectoPR/SmartGarden1.0/smartg/build/smart_g/build/lib/smart_g
[1.388s] running install
[1.389s] /home/juan/.local/lib/python3.8/site-packages/setuptools/_distutils/cmd.py:66: SetuptoolsDeprecationWarning: setup.py install is deprecated.
[1.389s] !!
[1.389s] 
[1.389s]         ********************************************************************************
[1.389s]         Please avoid running ``setup.py`` directly.
[1.389s]         Instead, use pypa/build, pypa/installer or other
[1.389s]         standards-based tools.
[1.389s] 
[1.390s]         See https://blog.ganssle.io/articles/2021/10/setup-py-deprecated.html for details.
[1.390s]         ********************************************************************************
[1.390s] 
[1.390s] !!
[1.390s]   self.initialize_options()
[1.393s] running install_lib
[1.412s] copying /home/juan/ProyectoPR/SmartGarden1.0/smartg/build/smart_g/build/lib/smart_g/tracker.py -> /home/juan/ProyectoPR/SmartGarden1.0/smartg/install/smart_g/lib/python3.8/site-packages/smart_g
[1.413s] byte-compiling /home/juan/ProyectoPR/SmartGarden1.0/smartg/install/smart_g/lib/python3.8/site-packages/smart_g/tracker.py to tracker.cpython-38.pyc
[1.414s] running install_data
[1.431s] running install_egg_info
[1.452s] removing '/home/juan/ProyectoPR/SmartGarden1.0/smartg/install/smart_g/lib/python3.8/site-packages/smart_g-0.0.0-py3.8.egg-info' (and everything under it)
[1.453s] Copying ../build/smart_g/smart_g.egg-info to /home/juan/ProyectoPR/SmartGarden1.0/smartg/install/smart_g/lib/python3.8/site-packages/smart_g-0.0.0-py3.8.egg-info
[1.453s] running install_scripts
[1.499s] Installing VideoInput script to /home/juan/ProyectoPR/SmartGarden1.0/smartg/install/smart_g/lib/smart_g
[1.500s] Installing detector script to /home/juan/ProyectoPR/SmartGarden1.0/smartg/install/smart_g/lib/smart_g
[1.500s] Installing image_filterA script to /home/juan/ProyectoPR/SmartGarden1.0/smartg/install/smart_g/lib/smart_g
[1.500s] Installing image_filterB script to /home/juan/ProyectoPR/SmartGarden1.0/smartg/install/smart_g/lib/smart_g
[1.500s] Installing image_filterSubs script to /home/juan/ProyectoPR/SmartGarden1.0/smartg/install/smart_g/lib/smart_g
[1.500s] Installing leaf_define script to /home/juan/ProyectoPR/SmartGarden1.0/smartg/install/smart_g/lib/smart_g
[1.501s] Installing obj_Tracker script to /home/juan/ProyectoPR/SmartGarden1.0/smartg/install/smart_g/lib/smart_g
[1.501s] writing list of installed files to '/home/juan/ProyectoPR/SmartGarden1.0/smartg/build/smart_g/install.log'
[1.533s] Invoked command in '/home/juan/ProyectoPR/SmartGarden1.0/smartg/src' returned '0': PYTHONPATH=/home/juan/ProyectoPR/SmartGarden1.0/smartg/build/smart_g/prefix_override:/home/juan/ProyectoPR/SmartGarden1.0/smartg/install/smart_g/lib/python3.8/site-packages:${PYTHONPATH} /usr/bin/python3 setup.py egg_info --egg-base ../build/smart_g build --build-base /home/juan/ProyectoPR/SmartGarden1.0/smartg/build/smart_g/build install --record /home/juan/ProyectoPR/SmartGarden1.0/smartg/build/smart_g/install.log --install-scripts $base/lib/smart_g --single-version-externally-managed
