[2.977s] Invoking command in '/home/juan/ProyectoPR/SmartGarden1.0/smartg/src': CONDA_PROMPT_MODIFIER=(base) PYTHONPATH=/home/juan/ProyectoPR/SmartGarden1.0/smartg/build/smart_g/prefix_override:/home/juan/ProyectoPR/SmartGarden1.0/smartg/install/smart_g/lib/python3.8/site-packages:${PYTHONPATH} /usr/bin/python3 setup.py egg_info --egg-base ../build/smart_g build --build-base /home/juan/ProyectoPR/SmartGarden1.0/smartg/build/smart_g/build install --record /home/juan/ProyectoPR/SmartGarden1.0/smartg/build/smart_g/install.log --install-scripts $base/lib/smart_g --single-version-externally-managed
[3.150s] /home/juan/.local/lib/python3.8/site-packages/setuptools/dist.py:498: SetuptoolsDeprecationWarning: Invalid dash-separated options
[3.151s] !!
[3.151s] 
[3.151s]         ********************************************************************************
[3.151s]         Usage of dash-separated 'script-dir' will not be supported in future
[3.151s]         versions. Please use the underscore name 'script_dir' instead.
[3.151s] 
[3.151s]         This deprecation is overdue, please update your project and remove deprecated
[3.151s]         calls to avoid build errors in the future.
[3.152s] 
[3.152s]         See https://setuptools.pypa.io/en/latest/userguide/declarative_config.html for details.
[3.152s]         ********************************************************************************
[3.152s] 
[3.152s] !!
[3.152s]   opt = self.warn_dash_deprecation(opt, section)
[3.325s] running egg_info
[3.352s] writing ../build/smart_g/smart_g.egg-info/PKG-INFO
[3.352s] writing dependency_links to ../build/smart_g/smart_g.egg-info/dependency_links.txt
[3.353s] writing entry points to ../build/smart_g/smart_g.egg-info/entry_points.txt
[3.353s] writing requirements to ../build/smart_g/smart_g.egg-info/requires.txt
[3.353s] writing top-level names to ../build/smart_g/smart_g.egg-info/top_level.txt
[3.931s] reading manifest file '../build/smart_g/smart_g.egg-info/SOURCES.txt'
[3.948s] writing manifest file '../build/smart_g/smart_g.egg-info/SOURCES.txt'
[3.949s] running build
[3.949s] running build_py
[3.949s] copying smart_g/tracker.py -> /home/juan/ProyectoPR/SmartGarden1.0/smartg/build/smart_g/build/lib/smart_g
[3.951s] running install
[3.980s] /home/juan/.local/lib/python3.8/site-packages/setuptools/_distutils/cmd.py:66: SetuptoolsDeprecationWarning: setup.py install is deprecated.
[3.980s] !!
[3.980s] 
[3.980s]         ********************************************************************************
[3.980s]         Please avoid running ``setup.py`` directly.
[3.980s]         Instead, use pypa/build, pypa/installer or other
[3.981s]         standards-based tools.
[3.981s] 
[3.981s]         See https://blog.ganssle.io/articles/2021/10/setup-py-deprecated.html for details.
[3.981s]         ********************************************************************************
[3.981s] 
[3.981s] !!
[3.982s]   self.initialize_options()
[3.992s] running install_lib
[4.019s] copying /home/juan/ProyectoPR/SmartGarden1.0/smartg/build/smart_g/build/lib/smart_g/tracker.py -> /home/juan/ProyectoPR/SmartGarden1.0/smartg/install/smart_g/lib/python3.8/site-packages/smart_g
[4.020s] byte-compiling /home/juan/ProyectoPR/SmartGarden1.0/smartg/install/smart_g/lib/python3.8/site-packages/smart_g/tracker.py to tracker.cpython-38.pyc
[4.021s] running install_data
[4.048s] running install_egg_info
[4.075s] removing '/home/juan/ProyectoPR/SmartGarden1.0/smartg/install/smart_g/lib/python3.8/site-packages/smart_g-0.0.0-py3.8.egg-info' (and everything under it)
[4.075s] Copying ../build/smart_g/smart_g.egg-info to /home/juan/ProyectoPR/SmartGarden1.0/smartg/install/smart_g/lib/python3.8/site-packages/smart_g-0.0.0-py3.8.egg-info
[4.078s] running install_scripts
[4.158s] Installing VideoInput script to /home/juan/ProyectoPR/SmartGarden1.0/smartg/install/smart_g/lib/smart_g
[4.159s] Installing detector script to /home/juan/ProyectoPR/SmartGarden1.0/smartg/install/smart_g/lib/smart_g
[4.159s] Installing image_filterA script to /home/juan/ProyectoPR/SmartGarden1.0/smartg/install/smart_g/lib/smart_g
[4.159s] Installing image_filterB script to /home/juan/ProyectoPR/SmartGarden1.0/smartg/install/smart_g/lib/smart_g
[4.159s] Installing image_filterSubs script to /home/juan/ProyectoPR/SmartGarden1.0/smartg/install/smart_g/lib/smart_g
[4.159s] Installing leaf_define script to /home/juan/ProyectoPR/SmartGarden1.0/smartg/install/smart_g/lib/smart_g
[4.159s] Installing obj_Tracker script to /home/juan/ProyectoPR/SmartGarden1.0/smartg/install/smart_g/lib/smart_g
[4.161s] writing list of installed files to '/home/juan/ProyectoPR/SmartGarden1.0/smartg/build/smart_g/install.log'
[4.226s] Invoked command in '/home/juan/ProyectoPR/SmartGarden1.0/smartg/src' returned '0': CONDA_PROMPT_MODIFIER=(base) PYTHONPATH=/home/juan/ProyectoPR/SmartGarden1.0/smartg/build/smart_g/prefix_override:/home/juan/ProyectoPR/SmartGarden1.0/smartg/install/smart_g/lib/python3.8/site-packages:${PYTHONPATH} /usr/bin/python3 setup.py egg_info --egg-base ../build/smart_g build --build-base /home/juan/ProyectoPR/SmartGarden1.0/smartg/build/smart_g/build install --record /home/juan/ProyectoPR/SmartGarden1.0/smartg/build/smart_g/install.log --install-scripts $base/lib/smart_g --single-version-externally-managed
