[2.534s] Invoking command in '/home/juan/ProyectoPR/SmartGarden1.0/smartg/src': CONDA_PROMPT_MODIFIER=(base) PYTHONPATH=/home/juan/ProyectoPR/SmartGarden1.0/smartg/build/smart_g/prefix_override:/home/juan/ProyectoPR/SmartGarden1.0/smartg/install/smart_g/lib/python3.8/site-packages:${PYTHONPATH} /usr/bin/python3 setup.py egg_info --egg-base ../build/smart_g build --build-base /home/juan/ProyectoPR/SmartGarden1.0/smartg/build/smart_g/build install --record /home/juan/ProyectoPR/SmartGarden1.0/smartg/build/smart_g/install.log --install-scripts $base/lib/smart_g --single-version-externally-managed
[2.767s] /home/juan/.local/lib/python3.8/site-packages/setuptools/dist.py:498: SetuptoolsDeprecationWarning: Invalid dash-separated options
[2.768s] !!
[2.768s] 
[2.768s]         ********************************************************************************
[2.768s]         Usage of dash-separated 'script-dir' will not be supported in future
[2.768s]         versions. Please use the underscore name 'script_dir' instead.
[2.769s] 
[2.769s]         This deprecation is overdue, please update your project and remove deprecated
[2.769s]         calls to avoid build errors in the future.
[2.769s] 
[2.769s]         See https://setuptools.pypa.io/en/latest/userguide/declarative_config.html for details.
[2.769s]         ********************************************************************************
[2.770s] 
[2.770s] !!
[2.770s]   opt = self.warn_dash_deprecation(opt, section)
[2.932s] running egg_info
[2.958s] writing ../build/smart_g/smart_g.egg-info/PKG-INFO
[2.958s] writing dependency_links to ../build/smart_g/smart_g.egg-info/dependency_links.txt
[2.959s] writing entry points to ../build/smart_g/smart_g.egg-info/entry_points.txt
[2.959s] writing requirements to ../build/smart_g/smart_g.egg-info/requires.txt
[2.959s] writing top-level names to ../build/smart_g/smart_g.egg-info/top_level.txt
[3.243s] reading manifest file '../build/smart_g/smart_g.egg-info/SOURCES.txt'
[3.287s] writing manifest file '../build/smart_g/smart_g.egg-info/SOURCES.txt'
[3.287s] running build
[3.287s] running build_py
[3.288s] running install
[3.386s] /home/juan/.local/lib/python3.8/site-packages/setuptools/_distutils/cmd.py:66: SetuptoolsDeprecationWarning: setup.py install is deprecated.
[3.386s] !!
[3.386s] 
[3.386s]         ********************************************************************************
[3.386s]         Please avoid running ``setup.py`` directly.
[3.387s]         Instead, use pypa/build, pypa/installer or other
[3.387s]         standards-based tools.
[3.387s] 
[3.387s]         See https://blog.ganssle.io/articles/2021/10/setup-py-deprecated.html for details.
[3.387s]         ********************************************************************************
[3.387s] 
[3.387s] !!
[3.388s]   self.initialize_options()
[3.396s] running install_lib
[3.426s] running install_data
[3.453s] running install_egg_info
[3.482s] removing '/home/juan/ProyectoPR/SmartGarden1.0/smartg/install/smart_g/lib/python3.8/site-packages/smart_g-0.0.0-py3.8.egg-info' (and everything under it)
[3.483s] Copying ../build/smart_g/smart_g.egg-info to /home/juan/ProyectoPR/SmartGarden1.0/smartg/install/smart_g/lib/python3.8/site-packages/smart_g-0.0.0-py3.8.egg-info
[3.485s] running install_scripts
[3.560s] Installing VideoInput script to /home/juan/ProyectoPR/SmartGarden1.0/smartg/install/smart_g/lib/smart_g
[3.560s] Installing detector script to /home/juan/ProyectoPR/SmartGarden1.0/smartg/install/smart_g/lib/smart_g
[3.560s] Installing image_filterA script to /home/juan/ProyectoPR/SmartGarden1.0/smartg/install/smart_g/lib/smart_g
[3.561s] Installing image_filterSubs script to /home/juan/ProyectoPR/SmartGarden1.0/smartg/install/smart_g/lib/smart_g
[3.561s] Installing leaf_define script to /home/juan/ProyectoPR/SmartGarden1.0/smartg/install/smart_g/lib/smart_g
[3.561s] Installing obj_Tracker script to /home/juan/ProyectoPR/SmartGarden1.0/smartg/install/smart_g/lib/smart_g
[3.561s] Installing outputNode script to /home/juan/ProyectoPR/SmartGarden1.0/smartg/install/smart_g/lib/smart_g
[3.562s] writing list of installed files to '/home/juan/ProyectoPR/SmartGarden1.0/smartg/build/smart_g/install.log'
[3.598s] Invoked command in '/home/juan/ProyectoPR/SmartGarden1.0/smartg/src' returned '0': CONDA_PROMPT_MODIFIER=(base) PYTHONPATH=/home/juan/ProyectoPR/SmartGarden1.0/smartg/build/smart_g/prefix_override:/home/juan/ProyectoPR/SmartGarden1.0/smartg/install/smart_g/lib/python3.8/site-packages:${PYTHONPATH} /usr/bin/python3 setup.py egg_info --egg-base ../build/smart_g build --build-base /home/juan/ProyectoPR/SmartGarden1.0/smartg/build/smart_g/build install --record /home/juan/ProyectoPR/SmartGarden1.0/smartg/build/smart_g/install.log --install-scripts $base/lib/smart_g --single-version-externally-managed
