/home/sofia/Proyecto_final/SmartGarden1.0/smartg/install/smart_g/lib/python3.8/site-packages/smart_g/tracker.py
/home/sofia/Proyecto_final/SmartGarden1.0/smartg/install/smart_g/lib/python3.8/site-packages/smart_g/VideoInput.py
/home/sofia/Proyecto_final/SmartGarden1.0/smartg/install/smart_g/lib/python3.8/site-packages/smart_g/outputNode.py
/home/sofia/Proyecto_final/SmartGarden1.0/smartg/install/smart_g/lib/python3.8/site-packages/smart_g/__init__.py
/home/sofia/Proyecto_final/SmartGarden1.0/smartg/install/smart_g/lib/python3.8/site-packages/smart_g/detector.py
/home/sofia/Proyecto_final/SmartGarden1.0/smartg/install/smart_g/lib/python3.8/site-packages/smart_g/leaf_define.py
/home/sofia/Proyecto_final/SmartGarden1.0/smartg/install/smart_g/lib/python3.8/site-packages/smart_g/__pycache__/tracker.cpython-38.pyc
/home/sofia/Proyecto_final/SmartGarden1.0/smartg/install/smart_g/lib/python3.8/site-packages/smart_g/__pycache__/VideoInput.cpython-38.pyc
/home/sofia/Proyecto_final/SmartGarden1.0/smartg/install/smart_g/lib/python3.8/site-packages/smart_g/__pycache__/outputNode.cpython-38.pyc
/home/sofia/Proyecto_final/SmartGarden1.0/smartg/install/smart_g/lib/python3.8/site-packages/smart_g/__pycache__/__init__.cpython-38.pyc
/home/sofia/Proyecto_final/SmartGarden1.0/smartg/install/smart_g/lib/python3.8/site-packages/smart_g/__pycache__/detector.cpython-38.pyc
/home/sofia/Proyecto_final/SmartGarden1.0/smartg/install/smart_g/lib/python3.8/site-packages/smart_g/__pycache__/leaf_define.cpython-38.pyc
/home/sofia/Proyecto_final/SmartGarden1.0/smartg/install/smart_g/share/ament_index/resource_index/packages/smart_g
/home/sofia/Proyecto_final/SmartGarden1.0/smartg/install/smart_g/share/smart_g/package.xml
/home/sofia/Proyecto_final/SmartGarden1.0/smartg/install/smart_g/share/smart_g/launch/inicio.launch.py
/home/sofia/Proyecto_final/SmartGarden1.0/smartg/install/smart_g/lib/python3.8/site-packages/smart_g-0.0.0-py3.8.egg-info/SOURCES.txt
/home/sofia/Proyecto_final/SmartGarden1.0/smartg/install/smart_g/lib/python3.8/site-packages/smart_g-0.0.0-py3.8.egg-info/zip-safe
/home/sofia/Proyecto_final/SmartGarden1.0/smartg/install/smart_g/lib/python3.8/site-packages/smart_g-0.0.0-py3.8.egg-info/PKG-INFO
/home/sofia/Proyecto_final/SmartGarden1.0/smartg/install/smart_g/lib/python3.8/site-packages/smart_g-0.0.0-py3.8.egg-info/dependency_links.txt
/home/sofia/Proyecto_final/SmartGarden1.0/smartg/install/smart_g/lib/python3.8/site-packages/smart_g-0.0.0-py3.8.egg-info/entry_points.txt
/home/sofia/Proyecto_final/SmartGarden1.0/smartg/install/smart_g/lib/python3.8/site-packages/smart_g-0.0.0-py3.8.egg-info/requires.txt
/home/sofia/Proyecto_final/SmartGarden1.0/smartg/install/smart_g/lib/python3.8/site-packages/smart_g-0.0.0-py3.8.egg-info/top_level.txt
/home/sofia/Proyecto_final/SmartGarden1.0/smartg/install/smart_g/lib/smart_g/VideoInput
/home/sofia/Proyecto_final/SmartGarden1.0/smartg/install/smart_g/lib/smart_g/detector
/home/sofia/Proyecto_final/SmartGarden1.0/smartg/install/smart_g/lib/smart_g/leaf_define
/home/sofia/Proyecto_final/SmartGarden1.0/smartg/install/smart_g/lib/smart_g/obj_Tracker
/home/sofia/Proyecto_final/SmartGarden1.0/smartg/install/smart_g/lib/smart_g/outputNode
