[7.182s] DEBUG:colcon:Command line arguments: ['/usr/bin/colcon', 'build']
[7.182s] DEBUG:colcon:Parsed command line arguments: Namespace(allow_overriding=[], ament_cmake_args=None, base_paths=['.'], build_base='build', catkin_cmake_args=None, catkin_skip_building_tests=False, cmake_args=None, cmake_clean_cache=False, cmake_clean_first=False, cmake_force_configure=False, cmake_target=None, cmake_target_skip_unavailable=False, continue_on_error=False, event_handlers=None, executor='parallel', ignore_user_meta=False, install_base='install', log_base=None, log_level=None, main=<bound method BuildVerb.main of <colcon_core.verb.build.BuildVerb object at 0x7f167cf4a940>>, merge_install=False, metas=['./colcon.meta'], packages_above=None, packages_above_and_dependencies=None, packages_above_depth=None, packages_end=None, packages_ignore=None, packages_ignore_regex=None, packages_select=None, packages_select_build_failed=False, packages_select_by_dep=None, packages_select_regex=None, packages_select_test_failures=False, packages_skip=None, packages_skip_build_finished=False, packages_skip_by_dep=None, packages_skip_regex=None, packages_skip_test_passed=False, packages_skip_up_to=None, packages_start=None, packages_up_to=None, packages_up_to_regex=None, parallel_workers=12, paths=None, symlink_install=False, test_result_base=None, verb_extension=<colcon_core.verb.build.BuildVerb object at 0x7f167cf4a940>, verb_name='build', verb_parser=<colcon_defaults.argument_parser.defaults.DefaultArgumentsDecorator object at 0x7f167cbcdc70>)
[8.892s] Level 1:colcon.colcon_core.package_discovery:discover_packages(colcon_meta) check parameters
[8.892s] Level 1:colcon.colcon_core.package_discovery:discover_packages(recursive) check parameters
[8.892s] Level 1:colcon.colcon_core.package_discovery:discover_packages(ignore) check parameters
[8.892s] Level 1:colcon.colcon_core.package_discovery:discover_packages(path) check parameters
[8.892s] Level 1:colcon.colcon_core.package_discovery:discover_packages(colcon_meta) discover
[8.893s] Level 1:colcon.colcon_core.package_discovery:discover_packages(recursive) discover
[8.893s] INFO:colcon.colcon_core.package_discovery:Crawling recursively for packages in '/home/juan/ProyectoPR/SmartGarden1.0/smartg'
[8.893s] Level 1:colcon.colcon_core.package_identification:_identify(.) by extensions ['ignore', 'ignore_ament_install']
[8.893s] Level 1:colcon.colcon_core.package_identification:_identify(.) by extension 'ignore'
[8.893s] Level 1:colcon.colcon_core.package_identification:_identify(.) by extension 'ignore_ament_install'
[8.893s] Level 1:colcon.colcon_core.package_identification:_identify(.) by extensions ['colcon_pkg']
[8.893s] Level 1:colcon.colcon_core.package_identification:_identify(.) by extension 'colcon_pkg'
[8.893s] Level 1:colcon.colcon_core.package_identification:_identify(.) by extensions ['colcon_meta']
[8.893s] Level 1:colcon.colcon_core.package_identification:_identify(.) by extension 'colcon_meta'
[8.893s] Level 1:colcon.colcon_core.package_identification:_identify(.) by extensions ['ros']
[8.893s] Level 1:colcon.colcon_core.package_identification:_identify(.) by extension 'ros'
[8.913s] Level 1:colcon.colcon_core.package_identification:_identify(.) by extensions ['cmake', 'python']
[8.913s] Level 1:colcon.colcon_core.package_identification:_identify(.) by extension 'cmake'
[8.913s] Level 1:colcon.colcon_core.package_identification:_identify(.) by extension 'python'
[8.913s] Level 1:colcon.colcon_core.package_identification:_identify(.) by extensions ['python_setup_py']
[8.913s] Level 1:colcon.colcon_core.package_identification:_identify(.) by extension 'python_setup_py'
[8.913s] Level 1:colcon.colcon_core.package_identification:_identify(build) by extensions ['ignore', 'ignore_ament_install']
[8.913s] Level 1:colcon.colcon_core.package_identification:_identify(build) by extension 'ignore'
[8.913s] Level 1:colcon.colcon_core.package_identification:_identify(build) ignored
[8.913s] Level 1:colcon.colcon_core.package_identification:_identify(install) by extensions ['ignore', 'ignore_ament_install']
[8.914s] Level 1:colcon.colcon_core.package_identification:_identify(install) by extension 'ignore'
[8.914s] Level 1:colcon.colcon_core.package_identification:_identify(install) ignored
[8.914s] Level 1:colcon.colcon_core.package_identification:_identify(log) by extensions ['ignore', 'ignore_ament_install']
[8.914s] Level 1:colcon.colcon_core.package_identification:_identify(log) by extension 'ignore'
[8.914s] Level 1:colcon.colcon_core.package_identification:_identify(log) ignored
[8.914s] Level 1:colcon.colcon_core.package_identification:_identify(src) by extensions ['ignore', 'ignore_ament_install']
[8.914s] Level 1:colcon.colcon_core.package_identification:_identify(src) by extension 'ignore'
[8.914s] Level 1:colcon.colcon_core.package_identification:_identify(src) by extension 'ignore_ament_install'
[8.914s] Level 1:colcon.colcon_core.package_identification:_identify(src) by extensions ['colcon_pkg']
[8.914s] Level 1:colcon.colcon_core.package_identification:_identify(src) by extension 'colcon_pkg'
[8.914s] Level 1:colcon.colcon_core.package_identification:_identify(src) by extensions ['colcon_meta']
[8.914s] Level 1:colcon.colcon_core.package_identification:_identify(src) by extension 'colcon_meta'
[8.914s] Level 1:colcon.colcon_core.package_identification:_identify(src) by extensions ['ros']
[8.914s] Level 1:colcon.colcon_core.package_identification:_identify(src) by extension 'ros'
[8.914s] Level 1:colcon.colcon_core.package_identification:_identify(src) by extensions ['cmake', 'python']
[8.914s] Level 1:colcon.colcon_core.package_identification:_identify(src) by extension 'cmake'
[8.915s] Level 1:colcon.colcon_core.package_identification:_identify(src) by extension 'python'
[8.915s] Level 1:colcon.colcon_core.package_identification:_identify(src) by extensions ['python_setup_py']
[8.915s] Level 1:colcon.colcon_core.package_identification:_identify(src) by extension 'python_setup_py'
[8.915s] Level 1:colcon.colcon_core.package_identification:_identify(src/smart_g) by extensions ['ignore', 'ignore_ament_install']
[8.915s] Level 1:colcon.colcon_core.package_identification:_identify(src/smart_g) by extension 'ignore'
[8.915s] Level 1:colcon.colcon_core.package_identification:_identify(src/smart_g) by extension 'ignore_ament_install'
[8.915s] Level 1:colcon.colcon_core.package_identification:_identify(src/smart_g) by extensions ['colcon_pkg']
[8.915s] Level 1:colcon.colcon_core.package_identification:_identify(src/smart_g) by extension 'colcon_pkg'
[8.915s] Level 1:colcon.colcon_core.package_identification:_identify(src/smart_g) by extensions ['colcon_meta']
[8.915s] Level 1:colcon.colcon_core.package_identification:_identify(src/smart_g) by extension 'colcon_meta'
[8.915s] Level 1:colcon.colcon_core.package_identification:_identify(src/smart_g) by extensions ['ros']
[8.915s] Level 1:colcon.colcon_core.package_identification:_identify(src/smart_g) by extension 'ros'
[8.948s] DEBUG:colcon.colcon_core.package_identification:Package 'src/smart_g' with type 'ros.ament_python' and name 'smart_g'
[8.949s] Level 1:colcon.colcon_core.package_discovery:discover_packages(recursive) using defaults
[8.949s] Level 1:colcon.colcon_core.package_discovery:discover_packages(ignore) discover
[8.949s] Level 1:colcon.colcon_core.package_discovery:discover_packages(ignore) using defaults
[8.949s] Level 1:colcon.colcon_core.package_discovery:discover_packages(path) discover
[8.949s] Level 1:colcon.colcon_core.package_discovery:discover_packages(path) using defaults
[9.113s] Level 1:colcon.colcon_core.package_discovery:discover_packages(prefix_path) check parameters
[9.113s] Level 1:colcon.colcon_core.package_discovery:discover_packages(prefix_path) discover
[9.177s] DEBUG:colcon.colcon_installed_package_information.package_discovery:Found 259 installed packages in /opt/ros/foxy
[9.180s] Level 1:colcon.colcon_core.package_discovery:discover_packages(prefix_path) using defaults
[10.341s] Level 5:colcon.colcon_core.verb:set package 'smart_g' build argument 'cmake_args' from command line to 'None'
[10.341s] Level 5:colcon.colcon_core.verb:set package 'smart_g' build argument 'cmake_target' from command line to 'None'
[10.341s] Level 5:colcon.colcon_core.verb:set package 'smart_g' build argument 'cmake_target_skip_unavailable' from command line to 'False'
[10.341s] Level 5:colcon.colcon_core.verb:set package 'smart_g' build argument 'cmake_clean_cache' from command line to 'False'
[10.341s] Level 5:colcon.colcon_core.verb:set package 'smart_g' build argument 'cmake_clean_first' from command line to 'False'
[10.341s] Level 5:colcon.colcon_core.verb:set package 'smart_g' build argument 'cmake_force_configure' from command line to 'False'
[10.341s] Level 5:colcon.colcon_core.verb:set package 'smart_g' build argument 'ament_cmake_args' from command line to 'None'
[10.341s] Level 5:colcon.colcon_core.verb:set package 'smart_g' build argument 'catkin_cmake_args' from command line to 'None'
[10.341s] Level 5:colcon.colcon_core.verb:set package 'smart_g' build argument 'catkin_skip_building_tests' from command line to 'False'
[10.341s] DEBUG:colcon.colcon_core.verb:Building package 'smart_g' with the following arguments: {'ament_cmake_args': None, 'build_base': '/home/juan/ProyectoPR/SmartGarden1.0/smartg/build/smart_g', 'catkin_cmake_args': None, 'catkin_skip_building_tests': False, 'cmake_args': None, 'cmake_clean_cache': False, 'cmake_clean_first': False, 'cmake_force_configure': False, 'cmake_target': None, 'cmake_target_skip_unavailable': False, 'install_base': '/home/juan/ProyectoPR/SmartGarden1.0/smartg/install/smart_g', 'merge_install': False, 'path': '/home/juan/ProyectoPR/SmartGarden1.0/smartg/src/smart_g', 'symlink_install': False, 'test_result_base': None}
[10.360s] INFO:colcon.colcon_core.executor:Executing jobs using 'parallel' executor
[10.379s] DEBUG:colcon.colcon_parallel_executor.executor.parallel:run_until_complete
[10.380s] INFO:colcon.colcon_ros.task.ament_python.build:Building ROS package in '/home/juan/ProyectoPR/SmartGarden1.0/smartg/src/smart_g' with build type 'ament_python'
[10.380s] Level 1:colcon.colcon_core.shell:create_environment_hook('smart_g', 'ament_prefix_path')
[10.450s] INFO:colcon.colcon_core.plugin_system:Skipping extension 'colcon_core.shell.bat': Not used on non-Windows systems
[10.450s] INFO:colcon.colcon_core.shell:Creating environment hook '/home/juan/ProyectoPR/SmartGarden1.0/smartg/install/smart_g/share/smart_g/hook/ament_prefix_path.ps1'
[10.467s] INFO:colcon.colcon_core.shell:Creating environment descriptor '/home/juan/ProyectoPR/SmartGarden1.0/smartg/install/smart_g/share/smart_g/hook/ament_prefix_path.dsv'
[10.468s] INFO:colcon.colcon_core.shell:Creating environment hook '/home/juan/ProyectoPR/SmartGarden1.0/smartg/install/smart_g/share/smart_g/hook/ament_prefix_path.sh'
[10.492s] INFO:colcon.colcon_core.shell:Skip shell extension 'powershell' for command environment: Not usable outside of PowerShell
[10.492s] DEBUG:colcon.colcon_core.shell:Skip shell extension 'dsv' for command environment
[10.906s] INFO:colcon.colcon_core.task.python.build:Building Python package in '/home/juan/ProyectoPR/SmartGarden1.0/smartg/src/smart_g'
[10.954s] INFO:colcon.colcon_core.shell:Skip shell extension 'powershell' for command environment: Not usable outside of PowerShell
[10.954s] DEBUG:colcon.colcon_core.shell:Skip shell extension 'dsv' for command environment
[13.512s] DEBUG:colcon.colcon_core.event_handler.log_command:Invoking command in '/home/juan/ProyectoPR/SmartGarden1.0/smartg/src/smart_g': PYTHONPATH=/home/juan/ProyectoPR/SmartGarden1.0/smartg/build/smart_g/prefix_override:/home/juan/ProyectoPR/SmartGarden1.0/smartg/install/smart_g/lib/python3.8/site-packages:${PYTHONPATH} /usr/bin/python3 setup.py egg_info --egg-base ../../build/smart_g build --build-base /home/juan/ProyectoPR/SmartGarden1.0/smartg/build/smart_g/build install --record /home/juan/ProyectoPR/SmartGarden1.0/smartg/build/smart_g/install.log --install-scripts $base/lib/smart_g --single-version-externally-managed
[14.511s] DEBUG:colcon.colcon_core.event_handler.log_command:Invoked command in '/home/juan/ProyectoPR/SmartGarden1.0/smartg/src/smart_g' returned '0': PYTHONPATH=/home/juan/ProyectoPR/SmartGarden1.0/smartg/build/smart_g/prefix_override:/home/juan/ProyectoPR/SmartGarden1.0/smartg/install/smart_g/lib/python3.8/site-packages:${PYTHONPATH} /usr/bin/python3 setup.py egg_info --egg-base ../../build/smart_g build --build-base /home/juan/ProyectoPR/SmartGarden1.0/smartg/build/smart_g/build install --record /home/juan/ProyectoPR/SmartGarden1.0/smartg/build/smart_g/install.log --install-scripts $base/lib/smart_g --single-version-externally-managed
[14.595s] Level 1:colcon.colcon_core.environment:checking '/home/juan/ProyectoPR/SmartGarden1.0/smartg/install/smart_g' for CMake module files
[14.595s] Level 1:colcon.colcon_core.environment:checking '/home/juan/ProyectoPR/SmartGarden1.0/smartg/install/smart_g' for CMake config files
[14.597s] Level 1:colcon.colcon_core.environment:checking '/home/juan/ProyectoPR/SmartGarden1.0/smartg/install/smart_g/lib'
[14.597s] Level 1:colcon.colcon_core.environment:checking '/home/juan/ProyectoPR/SmartGarden1.0/smartg/install/smart_g/bin'
[14.597s] Level 1:colcon.colcon_core.environment:checking '/home/juan/ProyectoPR/SmartGarden1.0/smartg/install/smart_g/lib/pkgconfig/smart_g.pc'
[14.598s] Level 1:colcon.colcon_core.environment:checking '/home/juan/ProyectoPR/SmartGarden1.0/smartg/install/smart_g/lib/python3.8/site-packages'
[14.598s] Level 1:colcon.colcon_core.shell:create_environment_hook('smart_g', 'pythonpath')
[14.618s] INFO:colcon.colcon_core.shell:Creating environment hook '/home/juan/ProyectoPR/SmartGarden1.0/smartg/install/smart_g/share/smart_g/hook/pythonpath.ps1'
[14.619s] INFO:colcon.colcon_core.shell:Creating environment descriptor '/home/juan/ProyectoPR/SmartGarden1.0/smartg/install/smart_g/share/smart_g/hook/pythonpath.dsv'
[14.619s] INFO:colcon.colcon_core.shell:Creating environment hook '/home/juan/ProyectoPR/SmartGarden1.0/smartg/install/smart_g/share/smart_g/hook/pythonpath.sh'
[14.620s] Level 1:colcon.colcon_core.environment:checking '/home/juan/ProyectoPR/SmartGarden1.0/smartg/install/smart_g/bin'
[14.620s] Level 1:colcon.colcon_core.environment:create_environment_scripts_only(smart_g)
[14.638s] INFO:colcon.colcon_core.shell:Creating package script '/home/juan/ProyectoPR/SmartGarden1.0/smartg/install/smart_g/share/smart_g/package.ps1'
[14.641s] INFO:colcon.colcon_core.shell:Creating package descriptor '/home/juan/ProyectoPR/SmartGarden1.0/smartg/install/smart_g/share/smart_g/package.dsv'
[14.642s] INFO:colcon.colcon_core.shell:Creating package script '/home/juan/ProyectoPR/SmartGarden1.0/smartg/install/smart_g/share/smart_g/package.sh'
[14.643s] INFO:colcon.colcon_core.shell:Creating package script '/home/juan/ProyectoPR/SmartGarden1.0/smartg/install/smart_g/share/smart_g/package.bash'
[14.670s] INFO:colcon.colcon_core.shell:Creating package script '/home/juan/ProyectoPR/SmartGarden1.0/smartg/install/smart_g/share/smart_g/package.zsh'
[14.707s] Level 1:colcon.colcon_core.environment:create_file_with_runtime_dependencies(/home/juan/ProyectoPR/SmartGarden1.0/smartg/install/smart_g/share/colcon-core/packages/smart_g)
[14.708s] DEBUG:colcon.colcon_parallel_executor.executor.parallel:closing loop
[14.708s] DEBUG:colcon.colcon_parallel_executor.executor.parallel:loop closed
[14.709s] DEBUG:colcon.colcon_parallel_executor.executor.parallel:run_until_complete finished with '0'
[14.709s] DEBUG:colcon.colcon_core.event_reactor:joining thread
[14.751s] INFO:colcon.colcon_core.plugin_system:Skipping extension 'colcon_notification.desktop_notification.terminal_notifier': Not used on non-Darwin systems
[14.752s] INFO:colcon.colcon_core.plugin_system:Skipping extension 'colcon_notification.desktop_notification.win32': Not used on non-Windows systems
[14.752s] INFO:colcon.colcon_notification.desktop_notification:Sending desktop notification using 'notify2'
[14.781s] DEBUG:colcon.colcon_core.event_reactor:joined thread
[14.800s] INFO:colcon.colcon_core.shell:Creating prefix script '/home/juan/ProyectoPR/SmartGarden1.0/smartg/install/local_setup.ps1'
[14.820s] INFO:colcon.colcon_core.shell:Creating prefix util module '/home/juan/ProyectoPR/SmartGarden1.0/smartg/install/_local_setup_util_ps1.py'
[14.887s] INFO:colcon.colcon_core.shell:Creating prefix chain script '/home/juan/ProyectoPR/SmartGarden1.0/smartg/install/setup.ps1'
[14.944s] INFO:colcon.colcon_core.shell:Creating prefix script '/home/juan/ProyectoPR/SmartGarden1.0/smartg/install/local_setup.sh'
[14.967s] INFO:colcon.colcon_core.shell:Creating prefix util module '/home/juan/ProyectoPR/SmartGarden1.0/smartg/install/_local_setup_util_sh.py'
[14.968s] INFO:colcon.colcon_core.shell:Creating prefix chain script '/home/juan/ProyectoPR/SmartGarden1.0/smartg/install/setup.sh'
[14.991s] INFO:colcon.colcon_core.shell:Creating prefix script '/home/juan/ProyectoPR/SmartGarden1.0/smartg/install/local_setup.bash'
[15.024s] INFO:colcon.colcon_core.shell:Creating prefix chain script '/home/juan/ProyectoPR/SmartGarden1.0/smartg/install/setup.bash'
[15.057s] INFO:colcon.colcon_core.shell:Creating prefix script '/home/juan/ProyectoPR/SmartGarden1.0/smartg/install/local_setup.zsh'
[15.094s] INFO:colcon.colcon_core.shell:Creating prefix chain script '/home/juan/ProyectoPR/SmartGarden1.0/smartg/install/setup.zsh'
