[0.965s] Invoking command in '/home/juan/ProyectoPR/SmartGarden1.0/smartg/src': CONDA_PROMPT_MODIFIER=(base) PYTHONPATH=/home/juan/ProyectoPR/SmartGarden1.0/smartg/build/smart_g/prefix_override:/home/juan/ProyectoPR/SmartGarden1.0/smartg/install/smart_g/lib/python3.8/site-packages:${PYTHONPATH} /usr/bin/python3 setup.py egg_info --egg-base ../build/smart_g build --build-base /home/juan/ProyectoPR/SmartGarden1.0/smartg/build/smart_g/build install --record /home/juan/ProyectoPR/SmartGarden1.0/smartg/build/smart_g/install.log --install-scripts $base/lib/smart_g --single-version-externally-managed
[1.070s] /home/juan/.local/lib/python3.8/site-packages/setuptools/dist.py:498: SetuptoolsDeprecationWarning: Invalid dash-separated options
[1.070s] !!
[1.071s] 
[1.071s]         ********************************************************************************
[1.071s]         Usage of dash-separated 'script-dir' will not be supported in future
[1.071s]         versions. Please use the underscore name 'script_dir' instead.
[1.071s] 
[1.071s]         This deprecation is overdue, please update your project and remove deprecated
[1.071s]         calls to avoid build errors in the future.
[1.072s] 
[1.072s]         See https://setuptools.pypa.io/en/latest/userguide/declarative_config.html for details.
[1.072s]         ********************************************************************************
[1.072s] 
[1.072s] !!
[1.072s]   opt = self.warn_dash_deprecation(opt, section)
[1.170s] running egg_info
[1.186s] writing ../build/smart_g/smart_g.egg-info/PKG-INFO
[1.187s] writing dependency_links to ../build/smart_g/smart_g.egg-info/dependency_links.txt
[1.187s] writing entry points to ../build/smart_g/smart_g.egg-info/entry_points.txt
[1.187s] writing requirements to ../build/smart_g/smart_g.egg-info/requires.txt
[1.187s] writing top-level names to ../build/smart_g/smart_g.egg-info/top_level.txt
[1.308s] reading manifest file '../build/smart_g/smart_g.egg-info/SOURCES.txt'
[1.308s] writing manifest file '../build/smart_g/smart_g.egg-info/SOURCES.txt'
[1.309s] running build
[1.309s] running build_py
[1.309s] running install
[1.309s] /home/juan/.local/lib/python3.8/site-packages/setuptools/_distutils/cmd.py:66: SetuptoolsDeprecationWarning: setup.py install is deprecated.
[1.309s] !!
[1.309s] 
[1.310s]         ********************************************************************************
[1.310s]         Please avoid running ``setup.py`` directly.
[1.310s]         Instead, use pypa/build, pypa/installer or other
[1.310s]         standards-based tools.
[1.310s] 
[1.310s]         See https://blog.ganssle.io/articles/2021/10/setup-py-deprecated.html for details.
[1.310s]         ********************************************************************************
[1.310s] 
[1.311s] !!
[1.311s]   self.initialize_options()
[1.314s] running install_lib
[1.332s] running install_data
[1.348s] copying inicio.launch.py -> /home/juan/ProyectoPR/SmartGarden1.0/smartg/install/smart_g/share/smart_g/launch
[1.348s] running install_egg_info
[1.365s] removing '/home/juan/ProyectoPR/SmartGarden1.0/smartg/install/smart_g/lib/python3.8/site-packages/smart_g-0.0.0-py3.8.egg-info' (and everything under it)
[1.365s] Copying ../build/smart_g/smart_g.egg-info to /home/juan/ProyectoPR/SmartGarden1.0/smartg/install/smart_g/lib/python3.8/site-packages/smart_g-0.0.0-py3.8.egg-info
[1.365s] running install_scripts
[1.411s] Installing VideoInput script to /home/juan/ProyectoPR/SmartGarden1.0/smartg/install/smart_g/lib/smart_g
[1.411s] Installing detector script to /home/juan/ProyectoPR/SmartGarden1.0/smartg/install/smart_g/lib/smart_g
[1.411s] Installing image_filterA script to /home/juan/ProyectoPR/SmartGarden1.0/smartg/install/smart_g/lib/smart_g
[1.411s] Installing image_filterSubs script to /home/juan/ProyectoPR/SmartGarden1.0/smartg/install/smart_g/lib/smart_g
[1.411s] Installing leaf_define script to /home/juan/ProyectoPR/SmartGarden1.0/smartg/install/smart_g/lib/smart_g
[1.411s] Installing obj_Tracker script to /home/juan/ProyectoPR/SmartGarden1.0/smartg/install/smart_g/lib/smart_g
[1.411s] Installing outputNode script to /home/juan/ProyectoPR/SmartGarden1.0/smartg/install/smart_g/lib/smart_g
[1.412s] writing list of installed files to '/home/juan/ProyectoPR/SmartGarden1.0/smartg/build/smart_g/install.log'
[1.442s] Invoked command in '/home/juan/ProyectoPR/SmartGarden1.0/smartg/src' returned '0': CONDA_PROMPT_MODIFIER=(base) PYTHONPATH=/home/juan/ProyectoPR/SmartGarden1.0/smartg/build/smart_g/prefix_override:/home/juan/ProyectoPR/SmartGarden1.0/smartg/install/smart_g/lib/python3.8/site-packages:${PYTHONPATH} /usr/bin/python3 setup.py egg_info --egg-base ../build/smart_g build --build-base /home/juan/ProyectoPR/SmartGarden1.0/smartg/build/smart_g/build install --record /home/juan/ProyectoPR/SmartGarden1.0/smartg/build/smart_g/install.log --install-scripts $base/lib/smart_g --single-version-externally-managed
