[0.918s] Invoking command in '/home/juan/ProyectoPR/SmartGarden1.0/smartg/src': PYTHONPATH=/home/juan/ProyectoPR/SmartGarden1.0/smartg/build/smart_g/prefix_override:/home/juan/ProyectoPR/SmartGarden1.0/smartg/install/smart_g/lib/python3.8/site-packages:${PYTHONPATH} /usr/bin/python3 setup.py egg_info --egg-base ../build/smart_g build --build-base /home/juan/ProyectoPR/SmartGarden1.0/smartg/build/smart_g/build install --record /home/juan/ProyectoPR/SmartGarden1.0/smartg/build/smart_g/install.log --install-scripts $base/lib/smart_g --single-version-externally-managed
[1.038s] /home/juan/.local/lib/python3.8/site-packages/setuptools/dist.py:498: SetuptoolsDeprecationWarning: Invalid dash-separated options
[1.038s] !!
[1.038s] 
[1.038s]         ********************************************************************************
[1.038s]         Usage of dash-separated 'script-dir' will not be supported in future
[1.038s]         versions. Please use the underscore name 'script_dir' instead.
[1.039s] 
[1.039s]         This deprecation is overdue, please update your project and remove deprecated
[1.039s]         calls to avoid build errors in the future.
[1.039s] 
[1.039s]         See https://setuptools.pypa.io/en/latest/userguide/declarative_config.html for details.
[1.039s]         ********************************************************************************
[1.039s] 
[1.039s] !!
[1.039s]   opt = self.warn_dash_deprecation(opt, section)
[1.145s] running egg_info
[1.163s] writing ../build/smart_g/smart_g.egg-info/PKG-INFO
[1.163s] writing dependency_links to ../build/smart_g/smart_g.egg-info/dependency_links.txt
[1.163s] writing entry points to ../build/smart_g/smart_g.egg-info/entry_points.txt
[1.164s] writing requirements to ../build/smart_g/smart_g.egg-info/requires.txt
[1.164s] writing top-level names to ../build/smart_g/smart_g.egg-info/top_level.txt
[1.284s] reading manifest file '../build/smart_g/smart_g.egg-info/SOURCES.txt'
[1.285s] writing manifest file '../build/smart_g/smart_g.egg-info/SOURCES.txt'
[1.285s] running build
[1.285s] running build_py
[1.286s] copying smart_g/tracker.py -> /home/juan/ProyectoPR/SmartGarden1.0/smartg/build/smart_g/build/lib/smart_g
[1.286s] running install
[1.286s] /home/juan/.local/lib/python3.8/site-packages/setuptools/_distutils/cmd.py:66: SetuptoolsDeprecationWarning: setup.py install is deprecated.
[1.287s] !!
[1.287s] 
[1.287s]         ********************************************************************************
[1.287s]         Please avoid running ``setup.py`` directly.
[1.287s]         Instead, use pypa/build, pypa/installer or other
[1.287s]         standards-based tools.
[1.287s] 
[1.287s]         See https://blog.ganssle.io/articles/2021/10/setup-py-deprecated.html for details.
[1.287s]         ********************************************************************************
[1.288s] 
[1.288s] !!
[1.288s]   self.initialize_options()
[1.291s] running install_lib
[1.308s] copying /home/juan/ProyectoPR/SmartGarden1.0/smartg/build/smart_g/build/lib/smart_g/tracker.py -> /home/juan/ProyectoPR/SmartGarden1.0/smartg/install/smart_g/lib/python3.8/site-packages/smart_g
[1.309s] byte-compiling /home/juan/ProyectoPR/SmartGarden1.0/smartg/install/smart_g/lib/python3.8/site-packages/smart_g/tracker.py to tracker.cpython-38.pyc
[1.310s] running install_data
[1.326s] running install_egg_info
[1.343s] removing '/home/juan/ProyectoPR/SmartGarden1.0/smartg/install/smart_g/lib/python3.8/site-packages/smart_g-0.0.0-py3.8.egg-info' (and everything under it)
[1.344s] Copying ../build/smart_g/smart_g.egg-info to /home/juan/ProyectoPR/SmartGarden1.0/smartg/install/smart_g/lib/python3.8/site-packages/smart_g-0.0.0-py3.8.egg-info
[1.344s] running install_scripts
[1.394s] Installing VideoInput script to /home/juan/ProyectoPR/SmartGarden1.0/smartg/install/smart_g/lib/smart_g
[1.395s] Installing detector script to /home/juan/ProyectoPR/SmartGarden1.0/smartg/install/smart_g/lib/smart_g
[1.395s] Installing image_filterA script to /home/juan/ProyectoPR/SmartGarden1.0/smartg/install/smart_g/lib/smart_g
[1.395s] Installing image_filterB script to /home/juan/ProyectoPR/SmartGarden1.0/smartg/install/smart_g/lib/smart_g
[1.395s] Installing image_filterSubs script to /home/juan/ProyectoPR/SmartGarden1.0/smartg/install/smart_g/lib/smart_g
[1.395s] Installing leaf_define script to /home/juan/ProyectoPR/SmartGarden1.0/smartg/install/smart_g/lib/smart_g
[1.395s] Installing obj_Tracker script to /home/juan/ProyectoPR/SmartGarden1.0/smartg/install/smart_g/lib/smart_g
[1.395s] writing list of installed files to '/home/juan/ProyectoPR/SmartGarden1.0/smartg/build/smart_g/install.log'
[1.429s] Invoked command in '/home/juan/ProyectoPR/SmartGarden1.0/smartg/src' returned '0': PYTHONPATH=/home/juan/ProyectoPR/SmartGarden1.0/smartg/build/smart_g/prefix_override:/home/juan/ProyectoPR/SmartGarden1.0/smartg/install/smart_g/lib/python3.8/site-packages:${PYTHONPATH} /usr/bin/python3 setup.py egg_info --egg-base ../build/smart_g build --build-base /home/juan/ProyectoPR/SmartGarden1.0/smartg/build/smart_g/build install --record /home/juan/ProyectoPR/SmartGarden1.0/smartg/build/smart_g/install.log --install-scripts $base/lib/smart_g --single-version-externally-managed
