[1.199s] Invoking command in '/home/sofia/Proyecto_final/SmartGarden1.0/smartg/src': CONDA_PROMPT_MODIFIER=(base) PYTHONPATH=/home/sofia/Proyecto_final/SmartGarden1.0/smartg/build/smart_g/prefix_override:/home/sofia/Proyecto_final/SmartGarden1.0/smartg/install/smart_g/lib/python3.8/site-packages:${PYTHONPATH} /usr/bin/python3 setup.py egg_info --egg-base ../build/smart_g build --build-base /home/sofia/Proyecto_final/SmartGarden1.0/smartg/build/smart_g/build install --record /home/sofia/Proyecto_final/SmartGarden1.0/smartg/build/smart_g/install.log --install-scripts $base/lib/smart_g --single-version-externally-managed
[1.423s] running egg_info
[1.424s] writing ../build/smart_g/smart_g.egg-info/PKG-INFO
[1.432s] writing dependency_links to ../build/smart_g/smart_g.egg-info/dependency_links.txt
[1.432s] writing entry points to ../build/smart_g/smart_g.egg-info/entry_points.txt
[1.433s] writing requirements to ../build/smart_g/smart_g.egg-info/requires.txt
[1.433s] writing top-level names to ../build/smart_g/smart_g.egg-info/top_level.txt
[1.470s] reading manifest file '../build/smart_g/smart_g.egg-info/SOURCES.txt'
[1.471s] writing manifest file '../build/smart_g/smart_g.egg-info/SOURCES.txt'
[1.471s] running build
[1.471s] running build_py
[1.471s] copying smart_g/outputNode.py -> /home/sofia/Proyecto_final/SmartGarden1.0/smartg/build/smart_g/build/lib/smart_g
[1.472s] running install
[1.473s] running install_lib
[1.474s] copying /home/sofia/Proyecto_final/SmartGarden1.0/smartg/build/smart_g/build/lib/smart_g/outputNode.py -> /home/sofia/Proyecto_final/SmartGarden1.0/smartg/install/smart_g/lib/python3.8/site-packages/smart_g
[1.474s] byte-compiling /home/sofia/Proyecto_final/SmartGarden1.0/smartg/install/smart_g/lib/python3.8/site-packages/smart_g/outputNode.py to outputNode.cpython-38.pyc
[1.476s] running install_data
[1.477s] running install_egg_info
[1.478s] removing '/home/sofia/Proyecto_final/SmartGarden1.0/smartg/install/smart_g/lib/python3.8/site-packages/smart_g-0.0.0-py3.8.egg-info' (and everything under it)
[1.478s] Copying ../build/smart_g/smart_g.egg-info to /home/sofia/Proyecto_final/SmartGarden1.0/smartg/install/smart_g/lib/python3.8/site-packages/smart_g-0.0.0-py3.8.egg-info
[1.479s] running install_scripts
[1.493s] Installing VideoInput script to /home/sofia/Proyecto_final/SmartGarden1.0/smartg/install/smart_g/lib/smart_g
[1.493s] Installing detector script to /home/sofia/Proyecto_final/SmartGarden1.0/smartg/install/smart_g/lib/smart_g
[1.493s] Installing image_filterA script to /home/sofia/Proyecto_final/SmartGarden1.0/smartg/install/smart_g/lib/smart_g
[1.493s] Installing image_filterSubs script to /home/sofia/Proyecto_final/SmartGarden1.0/smartg/install/smart_g/lib/smart_g
[1.494s] Installing leaf_define script to /home/sofia/Proyecto_final/SmartGarden1.0/smartg/install/smart_g/lib/smart_g
[1.494s] Installing obj_Tracker script to /home/sofia/Proyecto_final/SmartGarden1.0/smartg/install/smart_g/lib/smart_g
[1.494s] Installing outputNode script to /home/sofia/Proyecto_final/SmartGarden1.0/smartg/install/smart_g/lib/smart_g
[1.494s] writing list of installed files to '/home/sofia/Proyecto_final/SmartGarden1.0/smartg/build/smart_g/install.log'
[1.510s] Invoked command in '/home/sofia/Proyecto_final/SmartGarden1.0/smartg/src' returned '0': CONDA_PROMPT_MODIFIER=(base) PYTHONPATH=/home/sofia/Proyecto_final/SmartGarden1.0/smartg/build/smart_g/prefix_override:/home/sofia/Proyecto_final/SmartGarden1.0/smartg/install/smart_g/lib/python3.8/site-packages:${PYTHONPATH} /usr/bin/python3 setup.py egg_info --egg-base ../build/smart_g build --build-base /home/sofia/Proyecto_final/SmartGarden1.0/smartg/build/smart_g/build install --record /home/sofia/Proyecto_final/SmartGarden1.0/smartg/build/smart_g/install.log --install-scripts $base/lib/smart_g --single-version-externally-managed
