[1.004s] Invoking command in '/home/juan/ProyectoPR/SmartGarden1.0/smartg/src': CONDA_PROMPT_MODIFIER=(base) PYTHONPATH=/home/juan/ProyectoPR/SmartGarden1.0/smartg/build/smart_g/prefix_override:/home/juan/ProyectoPR/SmartGarden1.0/smartg/install/smart_g/lib/python3.8/site-packages:${PYTHONPATH} /usr/bin/python3 setup.py egg_info --egg-base ../build/smart_g build --build-base /home/juan/ProyectoPR/SmartGarden1.0/smartg/build/smart_g/build install --record /home/juan/ProyectoPR/SmartGarden1.0/smartg/build/smart_g/install.log --install-scripts $base/lib/smart_g --single-version-externally-managed
[1.121s] /home/juan/.local/lib/python3.8/site-packages/setuptools/dist.py:498: SetuptoolsDeprecationWarning: Invalid dash-separated options
[1.121s] !!
[1.121s] 
[1.121s]         ********************************************************************************
[1.121s]         Usage of dash-separated 'script-dir' will not be supported in future
[1.121s]         versions. Please use the underscore name 'script_dir' instead.
[1.121s] 
[1.121s]         This deprecation is overdue, please update your project and remove deprecated
[1.121s]         calls to avoid build errors in the future.
[1.122s] 
[1.122s]         See https://setuptools.pypa.io/en/latest/userguide/declarative_config.html for details.
[1.122s]         ********************************************************************************
[1.122s] 
[1.122s] !!
[1.122s]   opt = self.warn_dash_deprecation(opt, section)
[1.235s] running egg_info
[1.254s] writing ../build/smart_g/smart_g.egg-info/PKG-INFO
[1.255s] writing dependency_links to ../build/smart_g/smart_g.egg-info/dependency_links.txt
[1.256s] writing entry points to ../build/smart_g/smart_g.egg-info/entry_points.txt
[1.256s] writing requirements to ../build/smart_g/smart_g.egg-info/requires.txt
[1.256s] writing top-level names to ../build/smart_g/smart_g.egg-info/top_level.txt
[1.394s] reading manifest file '../build/smart_g/smart_g.egg-info/SOURCES.txt'
[1.395s] writing manifest file '../build/smart_g/smart_g.egg-info/SOURCES.txt'
[1.395s] running build
[1.395s] running build_py
[1.396s] copying smart_g/outputNode.py -> /home/juan/ProyectoPR/SmartGarden1.0/smartg/build/smart_g/build/lib/smart_g
[1.396s] running install
[1.396s] /home/juan/.local/lib/python3.8/site-packages/setuptools/_distutils/cmd.py:66: SetuptoolsDeprecationWarning: setup.py install is deprecated.
[1.396s] !!
[1.396s] 
[1.396s]         ********************************************************************************
[1.397s]         Please avoid running ``setup.py`` directly.
[1.397s]         Instead, use pypa/build, pypa/installer or other
[1.397s]         standards-based tools.
[1.397s] 
[1.397s]         See https://blog.ganssle.io/articles/2021/10/setup-py-deprecated.html for details.
[1.397s]         ********************************************************************************
[1.397s] 
[1.398s] !!
[1.398s]   self.initialize_options()
[1.401s] running install_lib
[1.423s] copying /home/juan/ProyectoPR/SmartGarden1.0/smartg/build/smart_g/build/lib/smart_g/outputNode.py -> /home/juan/ProyectoPR/SmartGarden1.0/smartg/install/smart_g/lib/python3.8/site-packages/smart_g
[1.424s] byte-compiling /home/juan/ProyectoPR/SmartGarden1.0/smartg/install/smart_g/lib/python3.8/site-packages/smart_g/outputNode.py to outputNode.cpython-38.pyc
[1.424s] running install_data
[1.445s] running install_egg_info
[1.463s] removing '/home/juan/ProyectoPR/SmartGarden1.0/smartg/install/smart_g/lib/python3.8/site-packages/smart_g-0.0.0-py3.8.egg-info' (and everything under it)
[1.464s] Copying ../build/smart_g/smart_g.egg-info to /home/juan/ProyectoPR/SmartGarden1.0/smartg/install/smart_g/lib/python3.8/site-packages/smart_g-0.0.0-py3.8.egg-info
[1.464s] running install_scripts
[1.512s] Installing VideoInput script to /home/juan/ProyectoPR/SmartGarden1.0/smartg/install/smart_g/lib/smart_g
[1.513s] Installing detector script to /home/juan/ProyectoPR/SmartGarden1.0/smartg/install/smart_g/lib/smart_g
[1.513s] Installing image_filterA script to /home/juan/ProyectoPR/SmartGarden1.0/smartg/install/smart_g/lib/smart_g
[1.513s] Installing image_filterSubs script to /home/juan/ProyectoPR/SmartGarden1.0/smartg/install/smart_g/lib/smart_g
[1.513s] Installing leaf_define script to /home/juan/ProyectoPR/SmartGarden1.0/smartg/install/smart_g/lib/smart_g
[1.514s] Installing obj_Tracker script to /home/juan/ProyectoPR/SmartGarden1.0/smartg/install/smart_g/lib/smart_g
[1.514s] Installing outputNode script to /home/juan/ProyectoPR/SmartGarden1.0/smartg/install/smart_g/lib/smart_g
[1.514s] writing list of installed files to '/home/juan/ProyectoPR/SmartGarden1.0/smartg/build/smart_g/install.log'
[1.545s] Invoked command in '/home/juan/ProyectoPR/SmartGarden1.0/smartg/src' returned '0': CONDA_PROMPT_MODIFIER=(base) PYTHONPATH=/home/juan/ProyectoPR/SmartGarden1.0/smartg/build/smart_g/prefix_override:/home/juan/ProyectoPR/SmartGarden1.0/smartg/install/smart_g/lib/python3.8/site-packages:${PYTHONPATH} /usr/bin/python3 setup.py egg_info --egg-base ../build/smart_g build --build-base /home/juan/ProyectoPR/SmartGarden1.0/smartg/build/smart_g/build install --record /home/juan/ProyectoPR/SmartGarden1.0/smartg/build/smart_g/install.log --install-scripts $base/lib/smart_g --single-version-externally-managed
