[1.344s] Invoking command in '/home/juan/ProyectoPR/SmartGarden1.0/smartg/src': CONDA_PROMPT_MODIFIER=(base) PYTHONPATH=/home/juan/ProyectoPR/SmartGarden1.0/smartg/build/smart_g/prefix_override:/home/juan/ProyectoPR/SmartGarden1.0/smartg/install/smart_g/lib/python3.8/site-packages:${PYTHONPATH} /usr/bin/python3 setup.py egg_info --egg-base ../build/smart_g build --build-base /home/juan/ProyectoPR/SmartGarden1.0/smartg/build/smart_g/build install --record /home/juan/ProyectoPR/SmartGarden1.0/smartg/build/smart_g/install.log --install-scripts $base/lib/smart_g --single-version-externally-managed
[1.509s] /home/juan/.local/lib/python3.8/site-packages/setuptools/dist.py:498: SetuptoolsDeprecationWarning: Invalid dash-separated options
[1.509s] !!
[1.509s] 
[1.509s]         ********************************************************************************
[1.509s]         Usage of dash-separated 'script-dir' will not be supported in future
[1.510s]         versions. Please use the underscore name 'script_dir' instead.
[1.510s] 
[1.510s]         This deprecation is overdue, please update your project and remove deprecated
[1.510s]         calls to avoid build errors in the future.
[1.510s] 
[1.510s]         See https://setuptools.pypa.io/en/latest/userguide/declarative_config.html for details.
[1.510s]         ********************************************************************************
[1.511s] 
[1.511s] !!
[1.511s]   opt = self.warn_dash_deprecation(opt, section)
[1.671s] running egg_info
[1.697s] writing ../build/smart_g/smart_g.egg-info/PKG-INFO
[1.697s] writing dependency_links to ../build/smart_g/smart_g.egg-info/dependency_links.txt
[1.698s] writing entry points to ../build/smart_g/smart_g.egg-info/entry_points.txt
[1.698s] writing requirements to ../build/smart_g/smart_g.egg-info/requires.txt
[1.698s] writing top-level names to ../build/smart_g/smart_g.egg-info/top_level.txt
[1.889s] reading manifest file '../build/smart_g/smart_g.egg-info/SOURCES.txt'
[1.891s] writing manifest file '../build/smart_g/smart_g.egg-info/SOURCES.txt'
[1.891s] running build
[1.891s] running build_py
[1.891s] copying smart_g/outputNode.py -> /home/juan/ProyectoPR/SmartGarden1.0/smartg/build/smart_g/build/lib/smart_g
[1.892s] running install
[1.892s] /home/juan/.local/lib/python3.8/site-packages/setuptools/_distutils/cmd.py:66: SetuptoolsDeprecationWarning: setup.py install is deprecated.
[1.893s] !!
[1.893s] 
[1.893s]         ********************************************************************************
[1.893s]         Please avoid running ``setup.py`` directly.
[1.893s]         Instead, use pypa/build, pypa/installer or other
[1.893s]         standards-based tools.
[1.893s] 
[1.894s]         See https://blog.ganssle.io/articles/2021/10/setup-py-deprecated.html for details.
[1.894s]         ********************************************************************************
[1.894s] 
[1.894s] !!
[1.894s]   self.initialize_options()
[1.901s] running install_lib
[1.929s] copying /home/juan/ProyectoPR/SmartGarden1.0/smartg/build/smart_g/build/lib/smart_g/outputNode.py -> /home/juan/ProyectoPR/SmartGarden1.0/smartg/install/smart_g/lib/python3.8/site-packages/smart_g
[1.929s] byte-compiling /home/juan/ProyectoPR/SmartGarden1.0/smartg/install/smart_g/lib/python3.8/site-packages/smart_g/outputNode.py to outputNode.cpython-38.pyc
[1.930s] running install_data
[1.956s] running install_egg_info
[1.982s] removing '/home/juan/ProyectoPR/SmartGarden1.0/smartg/install/smart_g/lib/python3.8/site-packages/smart_g-0.0.0-py3.8.egg-info' (and everything under it)
[1.982s] Copying ../build/smart_g/smart_g.egg-info to /home/juan/ProyectoPR/SmartGarden1.0/smartg/install/smart_g/lib/python3.8/site-packages/smart_g-0.0.0-py3.8.egg-info
[1.983s] running install_scripts
[2.054s] Installing VideoInput script to /home/juan/ProyectoPR/SmartGarden1.0/smartg/install/smart_g/lib/smart_g
[2.054s] Installing detector script to /home/juan/ProyectoPR/SmartGarden1.0/smartg/install/smart_g/lib/smart_g
[2.054s] Installing image_filterA script to /home/juan/ProyectoPR/SmartGarden1.0/smartg/install/smart_g/lib/smart_g
[2.055s] Installing image_filterSubs script to /home/juan/ProyectoPR/SmartGarden1.0/smartg/install/smart_g/lib/smart_g
[2.055s] Installing leaf_define script to /home/juan/ProyectoPR/SmartGarden1.0/smartg/install/smart_g/lib/smart_g
[2.055s] Installing obj_Tracker script to /home/juan/ProyectoPR/SmartGarden1.0/smartg/install/smart_g/lib/smart_g
[2.055s] Installing outputNode script to /home/juan/ProyectoPR/SmartGarden1.0/smartg/install/smart_g/lib/smart_g
[2.055s] writing list of installed files to '/home/juan/ProyectoPR/SmartGarden1.0/smartg/build/smart_g/install.log'
[2.091s] Invoked command in '/home/juan/ProyectoPR/SmartGarden1.0/smartg/src' returned '0': CONDA_PROMPT_MODIFIER=(base) PYTHONPATH=/home/juan/ProyectoPR/SmartGarden1.0/smartg/build/smart_g/prefix_override:/home/juan/ProyectoPR/SmartGarden1.0/smartg/install/smart_g/lib/python3.8/site-packages:${PYTHONPATH} /usr/bin/python3 setup.py egg_info --egg-base ../build/smart_g build --build-base /home/juan/ProyectoPR/SmartGarden1.0/smartg/build/smart_g/build install --record /home/juan/ProyectoPR/SmartGarden1.0/smartg/build/smart_g/install.log --install-scripts $base/lib/smart_g --single-version-externally-managed
