[4.001s] DEBUG:colcon:Command line arguments: ['/usr/bin/colcon', 'build']
[4.001s] DEBUG:colcon:Parsed command line arguments: Namespace(allow_overriding=[], ament_cmake_args=None, base_paths=['.'], build_base='build', catkin_cmake_args=None, catkin_skip_building_tests=False, cmake_args=None, cmake_clean_cache=False, cmake_clean_first=False, cmake_force_configure=False, cmake_target=None, cmake_target_skip_unavailable=False, continue_on_error=False, event_handlers=None, executor='parallel', ignore_user_meta=False, install_base='install', log_base=None, log_level=None, main=<bound method BuildVerb.main of <colcon_core.verb.build.BuildVerb object at 0x7f85c7650310>>, merge_install=False, metas=['./colcon.meta'], packages_above=None, packages_above_and_dependencies=None, packages_above_depth=None, packages_end=None, packages_ignore=None, packages_ignore_regex=None, packages_select=None, packages_select_build_failed=False, packages_select_by_dep=None, packages_select_regex=None, packages_select_test_failures=False, packages_skip=None, packages_skip_build_finished=False, packages_skip_by_dep=None, packages_skip_regex=None, packages_skip_test_passed=False, packages_skip_up_to=None, packages_start=None, packages_up_to=None, packages_up_to_regex=None, parallel_workers=12, paths=None, symlink_install=False, test_result_base=None, verb_extension=<colcon_core.verb.build.BuildVerb object at 0x7f85c7650310>, verb_name='build', verb_parser=<colcon_defaults.argument_parser.defaults.DefaultArgumentsDecorator object at 0x7f85c72f6460>)
[4.136s] Level 1:colcon.colcon_core.package_discovery:discover_packages(colcon_meta) check parameters
[4.136s] Level 1:colcon.colcon_core.package_discovery:discover_packages(recursive) check parameters
[4.136s] Level 1:colcon.colcon_core.package_discovery:discover_packages(ignore) check parameters
[4.136s] Level 1:colcon.colcon_core.package_discovery:discover_packages(path) check parameters
[4.136s] Level 1:colcon.colcon_core.package_discovery:discover_packages(colcon_meta) discover
[4.136s] Level 1:colcon.colcon_core.package_discovery:discover_packages(recursive) discover
[4.136s] INFO:colcon.colcon_core.package_discovery:Crawling recursively for packages in '/home/juan/ProyectoPR/SmartGarden1.0/smartg'
[4.136s] Level 1:colcon.colcon_core.package_identification:_identify(.) by extensions ['ignore', 'ignore_ament_install']
[4.136s] Level 1:colcon.colcon_core.package_identification:_identify(.) by extension 'ignore'
[4.136s] Level 1:colcon.colcon_core.package_identification:_identify(.) by extension 'ignore_ament_install'
[4.137s] Level 1:colcon.colcon_core.package_identification:_identify(.) by extensions ['colcon_pkg']
[4.137s] Level 1:colcon.colcon_core.package_identification:_identify(.) by extension 'colcon_pkg'
[4.137s] Level 1:colcon.colcon_core.package_identification:_identify(.) by extensions ['colcon_meta']
[4.137s] Level 1:colcon.colcon_core.package_identification:_identify(.) by extension 'colcon_meta'
[4.137s] Level 1:colcon.colcon_core.package_identification:_identify(.) by extensions ['ros']
[4.137s] Level 1:colcon.colcon_core.package_identification:_identify(.) by extension 'ros'
[4.155s] Level 1:colcon.colcon_core.package_identification:_identify(.) by extensions ['cmake', 'python']
[4.155s] Level 1:colcon.colcon_core.package_identification:_identify(.) by extension 'cmake'
[4.155s] Level 1:colcon.colcon_core.package_identification:_identify(.) by extension 'python'
[4.155s] Level 1:colcon.colcon_core.package_identification:_identify(.) by extensions ['python_setup_py']
[4.155s] Level 1:colcon.colcon_core.package_identification:_identify(.) by extension 'python_setup_py'
[4.155s] Level 1:colcon.colcon_core.package_identification:_identify(build) by extensions ['ignore', 'ignore_ament_install']
[4.155s] Level 1:colcon.colcon_core.package_identification:_identify(build) by extension 'ignore'
[4.155s] Level 1:colcon.colcon_core.package_identification:_identify(build) ignored
[4.156s] Level 1:colcon.colcon_core.package_identification:_identify(install) by extensions ['ignore', 'ignore_ament_install']
[4.156s] Level 1:colcon.colcon_core.package_identification:_identify(install) by extension 'ignore'
[4.156s] Level 1:colcon.colcon_core.package_identification:_identify(install) ignored
[4.156s] Level 1:colcon.colcon_core.package_identification:_identify(leaf-model) by extensions ['ignore', 'ignore_ament_install']
[4.156s] Level 1:colcon.colcon_core.package_identification:_identify(leaf-model) by extension 'ignore'
[4.156s] Level 1:colcon.colcon_core.package_identification:_identify(leaf-model) by extension 'ignore_ament_install'
[4.156s] Level 1:colcon.colcon_core.package_identification:_identify(leaf-model) by extensions ['colcon_pkg']
[4.156s] Level 1:colcon.colcon_core.package_identification:_identify(leaf-model) by extension 'colcon_pkg'
[4.156s] Level 1:colcon.colcon_core.package_identification:_identify(leaf-model) by extensions ['colcon_meta']
[4.156s] Level 1:colcon.colcon_core.package_identification:_identify(leaf-model) by extension 'colcon_meta'
[4.156s] Level 1:colcon.colcon_core.package_identification:_identify(leaf-model) by extensions ['ros']
[4.156s] Level 1:colcon.colcon_core.package_identification:_identify(leaf-model) by extension 'ros'
[4.156s] Level 1:colcon.colcon_core.package_identification:_identify(leaf-model) by extensions ['cmake', 'python']
[4.156s] Level 1:colcon.colcon_core.package_identification:_identify(leaf-model) by extension 'cmake'
[4.157s] Level 1:colcon.colcon_core.package_identification:_identify(leaf-model) by extension 'python'
[4.157s] Level 1:colcon.colcon_core.package_identification:_identify(leaf-model) by extensions ['python_setup_py']
[4.157s] Level 1:colcon.colcon_core.package_identification:_identify(leaf-model) by extension 'python_setup_py'
[4.157s] Level 1:colcon.colcon_core.package_identification:_identify(log) by extensions ['ignore', 'ignore_ament_install']
[4.157s] Level 1:colcon.colcon_core.package_identification:_identify(log) by extension 'ignore'
[4.157s] Level 1:colcon.colcon_core.package_identification:_identify(log) ignored
[4.157s] Level 1:colcon.colcon_core.package_identification:_identify(src) by extensions ['ignore', 'ignore_ament_install']
[4.157s] Level 1:colcon.colcon_core.package_identification:_identify(src) by extension 'ignore'
[4.157s] Level 1:colcon.colcon_core.package_identification:_identify(src) by extension 'ignore_ament_install'
[4.157s] Level 1:colcon.colcon_core.package_identification:_identify(src) by extensions ['colcon_pkg']
[4.157s] Level 1:colcon.colcon_core.package_identification:_identify(src) by extension 'colcon_pkg'
[4.157s] Level 1:colcon.colcon_core.package_identification:_identify(src) by extensions ['colcon_meta']
[4.157s] Level 1:colcon.colcon_core.package_identification:_identify(src) by extension 'colcon_meta'
[4.157s] Level 1:colcon.colcon_core.package_identification:_identify(src) by extensions ['ros']
[4.157s] Level 1:colcon.colcon_core.package_identification:_identify(src) by extension 'ros'
[4.161s] DEBUG:colcon.colcon_core.package_identification:Package 'src' with type 'ros.ament_python' and name 'smart_g'
[4.162s] Level 1:colcon.colcon_core.package_identification:_identify(yolo-Weights) by extensions ['ignore', 'ignore_ament_install']
[4.162s] Level 1:colcon.colcon_core.package_identification:_identify(yolo-Weights) by extension 'ignore'
[4.162s] Level 1:colcon.colcon_core.package_identification:_identify(yolo-Weights) by extension 'ignore_ament_install'
[4.162s] Level 1:colcon.colcon_core.package_identification:_identify(yolo-Weights) by extensions ['colcon_pkg']
[4.162s] Level 1:colcon.colcon_core.package_identification:_identify(yolo-Weights) by extension 'colcon_pkg'
[4.162s] Level 1:colcon.colcon_core.package_identification:_identify(yolo-Weights) by extensions ['colcon_meta']
[4.162s] Level 1:colcon.colcon_core.package_identification:_identify(yolo-Weights) by extension 'colcon_meta'
[4.162s] Level 1:colcon.colcon_core.package_identification:_identify(yolo-Weights) by extensions ['ros']
[4.162s] Level 1:colcon.colcon_core.package_identification:_identify(yolo-Weights) by extension 'ros'
[4.162s] Level 1:colcon.colcon_core.package_identification:_identify(yolo-Weights) by extensions ['cmake', 'python']
[4.162s] Level 1:colcon.colcon_core.package_identification:_identify(yolo-Weights) by extension 'cmake'
[4.162s] Level 1:colcon.colcon_core.package_identification:_identify(yolo-Weights) by extension 'python'
[4.162s] Level 1:colcon.colcon_core.package_identification:_identify(yolo-Weights) by extensions ['python_setup_py']
[4.162s] Level 1:colcon.colcon_core.package_identification:_identify(yolo-Weights) by extension 'python_setup_py'
[4.162s] Level 1:colcon.colcon_core.package_discovery:discover_packages(recursive) using defaults
[4.163s] Level 1:colcon.colcon_core.package_discovery:discover_packages(ignore) discover
[4.163s] Level 1:colcon.colcon_core.package_discovery:discover_packages(ignore) using defaults
[4.163s] Level 1:colcon.colcon_core.package_discovery:discover_packages(path) discover
[4.163s] Level 1:colcon.colcon_core.package_discovery:discover_packages(path) using defaults
[4.276s] Level 1:colcon.colcon_core.package_discovery:discover_packages(prefix_path) check parameters
[4.276s] Level 1:colcon.colcon_core.package_discovery:discover_packages(prefix_path) discover
[4.313s] DEBUG:colcon.colcon_installed_package_information.package_discovery:Found 1 installed packages in /home/juan/ProyectoPR/SmartGarden1.0/smartg/install
[4.334s] DEBUG:colcon.colcon_installed_package_information.package_discovery:Found 259 installed packages in /opt/ros/foxy
[4.335s] Level 1:colcon.colcon_core.package_discovery:discover_packages(prefix_path) using defaults
[4.426s] Level 5:colcon.colcon_core.verb:set package 'smart_g' build argument 'cmake_args' from command line to 'None'
[4.426s] Level 5:colcon.colcon_core.verb:set package 'smart_g' build argument 'cmake_target' from command line to 'None'
[4.426s] Level 5:colcon.colcon_core.verb:set package 'smart_g' build argument 'cmake_target_skip_unavailable' from command line to 'False'
[4.426s] Level 5:colcon.colcon_core.verb:set package 'smart_g' build argument 'cmake_clean_cache' from command line to 'False'
[4.426s] Level 5:colcon.colcon_core.verb:set package 'smart_g' build argument 'cmake_clean_first' from command line to 'False'
[4.426s] Level 5:colcon.colcon_core.verb:set package 'smart_g' build argument 'cmake_force_configure' from command line to 'False'
[4.426s] Level 5:colcon.colcon_core.verb:set package 'smart_g' build argument 'ament_cmake_args' from command line to 'None'
[4.426s] Level 5:colcon.colcon_core.verb:set package 'smart_g' build argument 'catkin_cmake_args' from command line to 'None'
[4.426s] Level 5:colcon.colcon_core.verb:set package 'smart_g' build argument 'catkin_skip_building_tests' from command line to 'False'
[4.426s] DEBUG:colcon.colcon_core.verb:Building package 'smart_g' with the following arguments: {'ament_cmake_args': None, 'build_base': '/home/juan/ProyectoPR/SmartGarden1.0/smartg/build/smart_g', 'catkin_cmake_args': None, 'catkin_skip_building_tests': False, 'cmake_args': None, 'cmake_clean_cache': False, 'cmake_clean_first': False, 'cmake_force_configure': False, 'cmake_target': None, 'cmake_target_skip_unavailable': False, 'install_base': '/home/juan/ProyectoPR/SmartGarden1.0/smartg/install/smart_g', 'merge_install': False, 'path': '/home/juan/ProyectoPR/SmartGarden1.0/smartg/src', 'symlink_install': False, 'test_result_base': None}
[4.457s] INFO:colcon.colcon_core.executor:Executing jobs using 'parallel' executor
[4.476s] DEBUG:colcon.colcon_parallel_executor.executor.parallel:run_until_complete
[4.477s] INFO:colcon.colcon_ros.task.ament_python.build:Building ROS package in '/home/juan/ProyectoPR/SmartGarden1.0/smartg/src' with build type 'ament_python'
[4.477s] Level 1:colcon.colcon_core.shell:create_environment_hook('smart_g', 'ament_prefix_path')
[4.497s] INFO:colcon.colcon_core.plugin_system:Skipping extension 'colcon_core.shell.bat': Not used on non-Windows systems
[4.498s] INFO:colcon.colcon_core.shell:Creating environment hook '/home/juan/ProyectoPR/SmartGarden1.0/smartg/install/smart_g/share/smart_g/hook/ament_prefix_path.ps1'
[4.498s] INFO:colcon.colcon_core.shell:Creating environment descriptor '/home/juan/ProyectoPR/SmartGarden1.0/smartg/install/smart_g/share/smart_g/hook/ament_prefix_path.dsv'
[4.499s] INFO:colcon.colcon_core.shell:Creating environment hook '/home/juan/ProyectoPR/SmartGarden1.0/smartg/install/smart_g/share/smart_g/hook/ament_prefix_path.sh'
[4.518s] INFO:colcon.colcon_core.shell:Skip shell extension 'powershell' for command environment: Not usable outside of PowerShell
[4.518s] DEBUG:colcon.colcon_core.shell:Skip shell extension 'dsv' for command environment
[4.858s] INFO:colcon.colcon_core.task.python.build:Building Python package in '/home/juan/ProyectoPR/SmartGarden1.0/smartg/src'
[4.881s] INFO:colcon.colcon_core.shell:Skip shell extension 'powershell' for command environment: Not usable outside of PowerShell
[4.881s] DEBUG:colcon.colcon_core.shell:Skip shell extension 'dsv' for command environment
[5.822s] DEBUG:colcon.colcon_core.event_handler.log_command:Invoking command in '/home/juan/ProyectoPR/SmartGarden1.0/smartg/src': CONDA_PROMPT_MODIFIER=(base) PYTHONPATH=/home/juan/ProyectoPR/SmartGarden1.0/smartg/build/smart_g/prefix_override:/home/juan/ProyectoPR/SmartGarden1.0/smartg/install/smart_g/lib/python3.8/site-packages:${PYTHONPATH} /usr/bin/python3 setup.py egg_info --egg-base ../build/smart_g build --build-base /home/juan/ProyectoPR/SmartGarden1.0/smartg/build/smart_g/build install --record /home/juan/ProyectoPR/SmartGarden1.0/smartg/build/smart_g/install.log --install-scripts $base/lib/smart_g --single-version-externally-managed
[6.569s] DEBUG:colcon.colcon_core.event_handler.log_command:Invoked command in '/home/juan/ProyectoPR/SmartGarden1.0/smartg/src' returned '0': CONDA_PROMPT_MODIFIER=(base) PYTHONPATH=/home/juan/ProyectoPR/SmartGarden1.0/smartg/build/smart_g/prefix_override:/home/juan/ProyectoPR/SmartGarden1.0/smartg/install/smart_g/lib/python3.8/site-packages:${PYTHONPATH} /usr/bin/python3 setup.py egg_info --egg-base ../build/smart_g build --build-base /home/juan/ProyectoPR/SmartGarden1.0/smartg/build/smart_g/build install --record /home/juan/ProyectoPR/SmartGarden1.0/smartg/build/smart_g/install.log --install-scripts $base/lib/smart_g --single-version-externally-managed
[6.590s] Level 1:colcon.colcon_core.environment:checking '/home/juan/ProyectoPR/SmartGarden1.0/smartg/install/smart_g' for CMake module files
[6.590s] Level 1:colcon.colcon_core.environment:checking '/home/juan/ProyectoPR/SmartGarden1.0/smartg/install/smart_g' for CMake config files
[6.591s] Level 1:colcon.colcon_core.environment:checking '/home/juan/ProyectoPR/SmartGarden1.0/smartg/install/smart_g/lib'
[6.591s] Level 1:colcon.colcon_core.environment:checking '/home/juan/ProyectoPR/SmartGarden1.0/smartg/install/smart_g/bin'
[6.591s] Level 1:colcon.colcon_core.environment:checking '/home/juan/ProyectoPR/SmartGarden1.0/smartg/install/smart_g/lib/pkgconfig/smart_g.pc'
[6.592s] Level 1:colcon.colcon_core.environment:checking '/home/juan/ProyectoPR/SmartGarden1.0/smartg/install/smart_g/lib/python3.8/site-packages'
[6.592s] Level 1:colcon.colcon_core.shell:create_environment_hook('smart_g', 'pythonpath')
[6.610s] INFO:colcon.colcon_core.shell:Creating environment hook '/home/juan/ProyectoPR/SmartGarden1.0/smartg/install/smart_g/share/smart_g/hook/pythonpath.ps1'
[6.611s] INFO:colcon.colcon_core.shell:Creating environment descriptor '/home/juan/ProyectoPR/SmartGarden1.0/smartg/install/smart_g/share/smart_g/hook/pythonpath.dsv'
[6.611s] INFO:colcon.colcon_core.shell:Creating environment hook '/home/juan/ProyectoPR/SmartGarden1.0/smartg/install/smart_g/share/smart_g/hook/pythonpath.sh'
[6.612s] Level 1:colcon.colcon_core.environment:checking '/home/juan/ProyectoPR/SmartGarden1.0/smartg/install/smart_g/bin'
[6.612s] Level 1:colcon.colcon_core.environment:create_environment_scripts_only(smart_g)
[6.632s] INFO:colcon.colcon_core.shell:Creating package script '/home/juan/ProyectoPR/SmartGarden1.0/smartg/install/smart_g/share/smart_g/package.ps1'
[6.633s] INFO:colcon.colcon_core.shell:Creating package descriptor '/home/juan/ProyectoPR/SmartGarden1.0/smartg/install/smart_g/share/smart_g/package.dsv'
[6.633s] INFO:colcon.colcon_core.shell:Creating package script '/home/juan/ProyectoPR/SmartGarden1.0/smartg/install/smart_g/share/smart_g/package.sh'
[6.634s] INFO:colcon.colcon_core.shell:Creating package script '/home/juan/ProyectoPR/SmartGarden1.0/smartg/install/smart_g/share/smart_g/package.bash'
[6.635s] INFO:colcon.colcon_core.shell:Creating package script '/home/juan/ProyectoPR/SmartGarden1.0/smartg/install/smart_g/share/smart_g/package.zsh'
[6.636s] Level 1:colcon.colcon_core.environment:create_file_with_runtime_dependencies(/home/juan/ProyectoPR/SmartGarden1.0/smartg/install/smart_g/share/colcon-core/packages/smart_g)
[6.636s] DEBUG:colcon.colcon_parallel_executor.executor.parallel:closing loop
[6.636s] DEBUG:colcon.colcon_parallel_executor.executor.parallel:loop closed
[6.637s] DEBUG:colcon.colcon_parallel_executor.executor.parallel:run_until_complete finished with '0'
[6.637s] DEBUG:colcon.colcon_core.event_reactor:joining thread
[6.664s] INFO:colcon.colcon_core.plugin_system:Skipping extension 'colcon_notification.desktop_notification.terminal_notifier': Not used on non-Darwin systems
[6.665s] INFO:colcon.colcon_core.plugin_system:Skipping extension 'colcon_notification.desktop_notification.win32': Not used on non-Windows systems
[6.665s] INFO:colcon.colcon_notification.desktop_notification:Sending desktop notification using 'notify2'
[6.688s] DEBUG:colcon.colcon_core.event_reactor:joined thread
[6.711s] INFO:colcon.colcon_core.shell:Creating prefix script '/home/juan/ProyectoPR/SmartGarden1.0/smartg/install/local_setup.ps1'
[6.712s] INFO:colcon.colcon_core.shell:Creating prefix util module '/home/juan/ProyectoPR/SmartGarden1.0/smartg/install/_local_setup_util_ps1.py'
[6.714s] INFO:colcon.colcon_core.shell:Creating prefix chain script '/home/juan/ProyectoPR/SmartGarden1.0/smartg/install/setup.ps1'
[6.732s] INFO:colcon.colcon_core.shell:Creating prefix script '/home/juan/ProyectoPR/SmartGarden1.0/smartg/install/local_setup.sh'
[6.733s] INFO:colcon.colcon_core.shell:Creating prefix util module '/home/juan/ProyectoPR/SmartGarden1.0/smartg/install/_local_setup_util_sh.py'
[6.733s] INFO:colcon.colcon_core.shell:Creating prefix chain script '/home/juan/ProyectoPR/SmartGarden1.0/smartg/install/setup.sh'
[6.752s] INFO:colcon.colcon_core.shell:Creating prefix script '/home/juan/ProyectoPR/SmartGarden1.0/smartg/install/local_setup.bash'
[6.753s] INFO:colcon.colcon_core.shell:Creating prefix chain script '/home/juan/ProyectoPR/SmartGarden1.0/smartg/install/setup.bash'
[6.772s] INFO:colcon.colcon_core.shell:Creating prefix script '/home/juan/ProyectoPR/SmartGarden1.0/smartg/install/local_setup.zsh'
[6.772s] INFO:colcon.colcon_core.shell:Creating prefix chain script '/home/juan/ProyectoPR/SmartGarden1.0/smartg/install/setup.zsh'
