[0.884s] Invoking command in '/home/juan/ProyectoPR/SmartGarden1.0/smartg/src': CONDA_PROMPT_MODIFIER=(base) PYTHONPATH=/home/juan/ProyectoPR/SmartGarden1.0/smartg/build/smart_g/prefix_override:/home/juan/ProyectoPR/SmartGarden1.0/smartg/install/smart_g/lib/python3.8/site-packages:${PYTHONPATH} /usr/bin/python3 setup.py egg_info --egg-base ../build/smart_g build --build-base /home/juan/ProyectoPR/SmartGarden1.0/smartg/build/smart_g/build install --record /home/juan/ProyectoPR/SmartGarden1.0/smartg/build/smart_g/install.log --install-scripts $base/lib/smart_g --single-version-externally-managed
[0.996s] /home/juan/.local/lib/python3.8/site-packages/setuptools/dist.py:498: SetuptoolsDeprecationWarning: Invalid dash-separated options
[0.997s] !!
[0.997s] 
[0.997s]         ********************************************************************************
[0.997s]         Usage of dash-separated 'script-dir' will not be supported in future
[0.997s]         versions. Please use the underscore name 'script_dir' instead.
[0.997s] 
[0.997s]         This deprecation is overdue, please update your project and remove deprecated
[0.997s]         calls to avoid build errors in the future.
[0.997s] 
[0.997s]         See https://setuptools.pypa.io/en/latest/userguide/declarative_config.html for details.
[0.998s]         ********************************************************************************
[0.998s] 
[0.998s] !!
[0.998s]   opt = self.warn_dash_deprecation(opt, section)
[1.099s] running egg_info
[1.115s] writing ../build/smart_g/smart_g.egg-info/PKG-INFO
[1.115s] writing dependency_links to ../build/smart_g/smart_g.egg-info/dependency_links.txt
[1.115s] writing entry points to ../build/smart_g/smart_g.egg-info/entry_points.txt
[1.115s] writing requirements to ../build/smart_g/smart_g.egg-info/requires.txt
[1.115s] writing top-level names to ../build/smart_g/smart_g.egg-info/top_level.txt
[1.235s] reading manifest file '../build/smart_g/smart_g.egg-info/SOURCES.txt'
[1.235s] writing manifest file '../build/smart_g/smart_g.egg-info/SOURCES.txt'
[1.236s] running build
[1.236s] running build_py
[1.236s] copying smart_g/VideoInputA.py -> /home/juan/ProyectoPR/SmartGarden1.0/smartg/build/smart_g/build/lib/smart_g
[1.237s] running install
[1.237s] /home/juan/.local/lib/python3.8/site-packages/setuptools/_distutils/cmd.py:66: SetuptoolsDeprecationWarning: setup.py install is deprecated.
[1.237s] !!
[1.237s] 
[1.237s]         ********************************************************************************
[1.237s]         Please avoid running ``setup.py`` directly.
[1.237s]         Instead, use pypa/build, pypa/installer or other
[1.237s]         standards-based tools.
[1.237s] 
[1.237s]         See https://blog.ganssle.io/articles/2021/10/setup-py-deprecated.html for details.
[1.238s]         ********************************************************************************
[1.238s] 
[1.238s] !!
[1.238s]   self.initialize_options()
[1.241s] running install_lib
[1.258s] copying /home/juan/ProyectoPR/SmartGarden1.0/smartg/build/smart_g/build/lib/smart_g/VideoInputA.py -> /home/juan/ProyectoPR/SmartGarden1.0/smartg/install/smart_g/lib/python3.8/site-packages/smart_g
[1.258s] byte-compiling /home/juan/ProyectoPR/SmartGarden1.0/smartg/install/smart_g/lib/python3.8/site-packages/smart_g/VideoInputA.py to VideoInputA.cpython-38.pyc
[1.259s] running install_data
[1.275s] running install_egg_info
[1.291s] removing '/home/juan/ProyectoPR/SmartGarden1.0/smartg/install/smart_g/lib/python3.8/site-packages/smart_g-0.0.0-py3.8.egg-info' (and everything under it)
[1.291s] Copying ../build/smart_g/smart_g.egg-info to /home/juan/ProyectoPR/SmartGarden1.0/smartg/install/smart_g/lib/python3.8/site-packages/smart_g-0.0.0-py3.8.egg-info
[1.291s] running install_scripts
[1.336s] Installing VideoInput script to /home/juan/ProyectoPR/SmartGarden1.0/smartg/install/smart_g/lib/smart_g
[1.336s] Installing detector script to /home/juan/ProyectoPR/SmartGarden1.0/smartg/install/smart_g/lib/smart_g
[1.336s] Installing image_filterA script to /home/juan/ProyectoPR/SmartGarden1.0/smartg/install/smart_g/lib/smart_g
[1.336s] Installing image_filterB script to /home/juan/ProyectoPR/SmartGarden1.0/smartg/install/smart_g/lib/smart_g
[1.336s] Installing image_filterSubs script to /home/juan/ProyectoPR/SmartGarden1.0/smartg/install/smart_g/lib/smart_g
[1.337s] writing list of installed files to '/home/juan/ProyectoPR/SmartGarden1.0/smartg/build/smart_g/install.log'
[1.364s] Invoked command in '/home/juan/ProyectoPR/SmartGarden1.0/smartg/src' returned '0': CONDA_PROMPT_MODIFIER=(base) PYTHONPATH=/home/juan/ProyectoPR/SmartGarden1.0/smartg/build/smart_g/prefix_override:/home/juan/ProyectoPR/SmartGarden1.0/smartg/install/smart_g/lib/python3.8/site-packages:${PYTHONPATH} /usr/bin/python3 setup.py egg_info --egg-base ../build/smart_g build --build-base /home/juan/ProyectoPR/SmartGarden1.0/smartg/build/smart_g/build install --record /home/juan/ProyectoPR/SmartGarden1.0/smartg/build/smart_g/install.log --install-scripts $base/lib/smart_g --single-version-externally-managed
