[1.343s] Invoking command in '/home/juan/ProyectoPR/SmartGarden1.0/smartg/src': PYTHONPATH=/home/juan/ProyectoPR/SmartGarden1.0/smartg/build/smart_g/prefix_override:/home/juan/ProyectoPR/SmartGarden1.0/smartg/install/smart_g/lib/python3.8/site-packages:${PYTHONPATH} /usr/bin/python3 setup.py egg_info --egg-base ../build/smart_g build --build-base /home/juan/ProyectoPR/SmartGarden1.0/smartg/build/smart_g/build install --record /home/juan/ProyectoPR/SmartGarden1.0/smartg/build/smart_g/install.log --install-scripts $base/lib/smart_g --single-version-externally-managed
[1.511s] /home/juan/.local/lib/python3.8/site-packages/setuptools/dist.py:498: SetuptoolsDeprecationWarning: Invalid dash-separated options
[1.511s] !!
[1.511s] 
[1.512s]         ********************************************************************************
[1.512s]         Usage of dash-separated 'script-dir' will not be supported in future
[1.512s]         versions. Please use the underscore name 'script_dir' instead.
[1.512s] 
[1.512s]         This deprecation is overdue, please update your project and remove deprecated
[1.512s]         calls to avoid build errors in the future.
[1.512s] 
[1.513s]         See https://setuptools.pypa.io/en/latest/userguide/declarative_config.html for details.
[1.513s]         ********************************************************************************
[1.513s] 
[1.513s] !!
[1.513s]   opt = self.warn_dash_deprecation(opt, section)
[1.682s] running egg_info
[1.709s] writing ../build/smart_g/smart_g.egg-info/PKG-INFO
[1.709s] writing dependency_links to ../build/smart_g/smart_g.egg-info/dependency_links.txt
[1.709s] writing entry points to ../build/smart_g/smart_g.egg-info/entry_points.txt
[1.710s] writing requirements to ../build/smart_g/smart_g.egg-info/requires.txt
[1.710s] writing top-level names to ../build/smart_g/smart_g.egg-info/top_level.txt
[1.905s] reading manifest file '../build/smart_g/smart_g.egg-info/SOURCES.txt'
[1.906s] writing manifest file '../build/smart_g/smart_g.egg-info/SOURCES.txt'
[1.906s] running build
[1.906s] running build_py
[1.906s] copying smart_g/image_medianf.py -> /home/juan/ProyectoPR/SmartGarden1.0/smartg/build/smart_g/build/lib/smart_g
[1.907s] copying smart_g/image_subscriber.py -> /home/juan/ProyectoPR/SmartGarden1.0/smartg/build/smart_g/build/lib/smart_g
[1.907s] copying smart_g/image_filterA.py -> /home/juan/ProyectoPR/SmartGarden1.0/smartg/build/smart_g/build/lib/smart_g
[1.907s] copying smart_g/image_publisher.py -> /home/juan/ProyectoPR/SmartGarden1.0/smartg/build/smart_g/build/lib/smart_g
[1.907s] copying smart_g/image_colorC.py -> /home/juan/ProyectoPR/SmartGarden1.0/smartg/build/smart_g/build/lib/smart_g
[1.907s] copying smart_g/image_colorA.py -> /home/juan/ProyectoPR/SmartGarden1.0/smartg/build/smart_g/build/lib/smart_g
[1.907s] copying smart_g/image_filterB.py -> /home/juan/ProyectoPR/SmartGarden1.0/smartg/build/smart_g/build/lib/smart_g
[1.908s] copying smart_g/image_colorB.py -> /home/juan/ProyectoPR/SmartGarden1.0/smartg/build/smart_g/build/lib/smart_g
[1.908s] running install
[1.908s] /home/juan/.local/lib/python3.8/site-packages/setuptools/_distutils/cmd.py:66: SetuptoolsDeprecationWarning: setup.py install is deprecated.
[1.908s] !!
[1.908s] 
[1.908s]         ********************************************************************************
[1.909s]         Please avoid running ``setup.py`` directly.
[1.909s]         Instead, use pypa/build, pypa/installer or other
[1.909s]         standards-based tools.
[1.909s] 
[1.909s]         See https://blog.ganssle.io/articles/2021/10/setup-py-deprecated.html for details.
[1.909s]         ********************************************************************************
[1.909s] 
[1.910s] !!
[1.910s]   self.initialize_options()
[1.918s] running install_lib
[1.947s] copying /home/juan/ProyectoPR/SmartGarden1.0/smartg/build/smart_g/build/lib/smart_g/image_medianf.py -> /home/juan/ProyectoPR/SmartGarden1.0/smartg/install/smart_g/lib/python3.8/site-packages/smart_g
[1.947s] copying /home/juan/ProyectoPR/SmartGarden1.0/smartg/build/smart_g/build/lib/smart_g/image_subscriber.py -> /home/juan/ProyectoPR/SmartGarden1.0/smartg/install/smart_g/lib/python3.8/site-packages/smart_g
[1.947s] copying /home/juan/ProyectoPR/SmartGarden1.0/smartg/build/smart_g/build/lib/smart_g/image_filterA.py -> /home/juan/ProyectoPR/SmartGarden1.0/smartg/install/smart_g/lib/python3.8/site-packages/smart_g
[1.947s] copying /home/juan/ProyectoPR/SmartGarden1.0/smartg/build/smart_g/build/lib/smart_g/image_publisher.py -> /home/juan/ProyectoPR/SmartGarden1.0/smartg/install/smart_g/lib/python3.8/site-packages/smart_g
[1.947s] copying /home/juan/ProyectoPR/SmartGarden1.0/smartg/build/smart_g/build/lib/smart_g/image_colorC.py -> /home/juan/ProyectoPR/SmartGarden1.0/smartg/install/smart_g/lib/python3.8/site-packages/smart_g
[1.948s] copying /home/juan/ProyectoPR/SmartGarden1.0/smartg/build/smart_g/build/lib/smart_g/image_colorA.py -> /home/juan/ProyectoPR/SmartGarden1.0/smartg/install/smart_g/lib/python3.8/site-packages/smart_g
[1.948s] copying /home/juan/ProyectoPR/SmartGarden1.0/smartg/build/smart_g/build/lib/smart_g/image_filterB.py -> /home/juan/ProyectoPR/SmartGarden1.0/smartg/install/smart_g/lib/python3.8/site-packages/smart_g
[1.948s] copying /home/juan/ProyectoPR/SmartGarden1.0/smartg/build/smart_g/build/lib/smart_g/image_colorB.py -> /home/juan/ProyectoPR/SmartGarden1.0/smartg/install/smart_g/lib/python3.8/site-packages/smart_g
[1.948s] byte-compiling /home/juan/ProyectoPR/SmartGarden1.0/smartg/install/smart_g/lib/python3.8/site-packages/smart_g/image_medianf.py to image_medianf.cpython-38.pyc
[1.949s] byte-compiling /home/juan/ProyectoPR/SmartGarden1.0/smartg/install/smart_g/lib/python3.8/site-packages/smart_g/image_subscriber.py to image_subscriber.cpython-38.pyc
[1.950s] byte-compiling /home/juan/ProyectoPR/SmartGarden1.0/smartg/install/smart_g/lib/python3.8/site-packages/smart_g/image_filterA.py to image_filterA.cpython-38.pyc
[1.951s] byte-compiling /home/juan/ProyectoPR/SmartGarden1.0/smartg/install/smart_g/lib/python3.8/site-packages/smart_g/image_publisher.py to image_publisher.cpython-38.pyc
[1.951s] byte-compiling /home/juan/ProyectoPR/SmartGarden1.0/smartg/install/smart_g/lib/python3.8/site-packages/smart_g/image_colorC.py to image_colorC.cpython-38.pyc
[1.952s] byte-compiling /home/juan/ProyectoPR/SmartGarden1.0/smartg/install/smart_g/lib/python3.8/site-packages/smart_g/image_colorA.py to image_colorA.cpython-38.pyc
[1.953s] byte-compiling /home/juan/ProyectoPR/SmartGarden1.0/smartg/install/smart_g/lib/python3.8/site-packages/smart_g/image_filterB.py to image_filterB.cpython-38.pyc
[1.954s] byte-compiling /home/juan/ProyectoPR/SmartGarden1.0/smartg/install/smart_g/lib/python3.8/site-packages/smart_g/image_colorB.py to image_colorB.cpython-38.pyc
[1.955s] running install_data
[1.981s] running install_egg_info
[2.008s] removing '/home/juan/ProyectoPR/SmartGarden1.0/smartg/install/smart_g/lib/python3.8/site-packages/smart_g-0.0.0-py3.8.egg-info' (and everything under it)
[2.008s] Copying ../build/smart_g/smart_g.egg-info to /home/juan/ProyectoPR/SmartGarden1.0/smartg/install/smart_g/lib/python3.8/site-packages/smart_g-0.0.0-py3.8.egg-info
[2.010s] running install_scripts
[2.082s] Installing image_filterA script to /home/juan/ProyectoPR/SmartGarden1.0/smartg/install/smart_g/lib/smart_g
[2.082s] Installing image_publisher script to /home/juan/ProyectoPR/SmartGarden1.0/smartg/install/smart_g/lib/smart_g
[2.082s] Installing image_subscriber script to /home/juan/ProyectoPR/SmartGarden1.0/smartg/install/smart_g/lib/smart_g
[2.082s] writing list of installed files to '/home/juan/ProyectoPR/SmartGarden1.0/smartg/build/smart_g/install.log'
[2.119s] Invoked command in '/home/juan/ProyectoPR/SmartGarden1.0/smartg/src' returned '0': PYTHONPATH=/home/juan/ProyectoPR/SmartGarden1.0/smartg/build/smart_g/prefix_override:/home/juan/ProyectoPR/SmartGarden1.0/smartg/install/smart_g/lib/python3.8/site-packages:${PYTHONPATH} /usr/bin/python3 setup.py egg_info --egg-base ../build/smart_g build --build-base /home/juan/ProyectoPR/SmartGarden1.0/smartg/build/smart_g/build install --record /home/juan/ProyectoPR/SmartGarden1.0/smartg/build/smart_g/install.log --install-scripts $base/lib/smart_g --single-version-externally-managed
