[0.851s] Invoking command in '/home/juan/ProyectoPR/SmartGarden1.0/smartg/src': CONDA_PROMPT_MODIFIER=(base) PYTHONPATH=/home/juan/ProyectoPR/SmartGarden1.0/smartg/build/smart_g/prefix_override:/home/juan/ProyectoPR/SmartGarden1.0/smartg/install/smart_g/lib/python3.8/site-packages:${PYTHONPATH} /usr/bin/python3 setup.py egg_info --egg-base ../build/smart_g build --build-base /home/juan/ProyectoPR/SmartGarden1.0/smartg/build/smart_g/build install --record /home/juan/ProyectoPR/SmartGarden1.0/smartg/build/smart_g/install.log --install-scripts $base/lib/smart_g --single-version-externally-managed
[0.951s] /home/juan/.local/lib/python3.8/site-packages/setuptools/dist.py:498: SetuptoolsDeprecationWarning: Invalid dash-separated options
[0.952s] !!
[0.952s] 
[0.952s]         ********************************************************************************
[0.952s]         Usage of dash-separated 'script-dir' will not be supported in future
[0.952s]         versions. Please use the underscore name 'script_dir' instead.
[0.952s] 
[0.952s]         This deprecation is overdue, please update your project and remove deprecated
[0.952s]         calls to avoid build errors in the future.
[0.953s] 
[0.953s]         See https://setuptools.pypa.io/en/latest/userguide/declarative_config.html for details.
[0.953s]         ********************************************************************************
[0.953s] 
[0.953s] !!
[0.953s]   opt = self.warn_dash_deprecation(opt, section)
[1.052s] running egg_info
[1.052s] creating ../build/smart_g/smart_g.egg-info
[1.067s] writing ../build/smart_g/smart_g.egg-info/PKG-INFO
[1.068s] writing dependency_links to ../build/smart_g/smart_g.egg-info/dependency_links.txt
[1.068s] writing entry points to ../build/smart_g/smart_g.egg-info/entry_points.txt
[1.068s] writing requirements to ../build/smart_g/smart_g.egg-info/requires.txt
[1.068s] writing top-level names to ../build/smart_g/smart_g.egg-info/top_level.txt
[1.153s] writing manifest file '../build/smart_g/smart_g.egg-info/SOURCES.txt'
[1.185s] reading manifest file '../build/smart_g/smart_g.egg-info/SOURCES.txt'
[1.185s] writing manifest file '../build/smart_g/smart_g.egg-info/SOURCES.txt'
[1.186s] running build
[1.186s] running build_py
[1.186s] creating /home/juan/ProyectoPR/SmartGarden1.0/smartg/build/smart_g/build
[1.186s] creating /home/juan/ProyectoPR/SmartGarden1.0/smartg/build/smart_g/build/lib
[1.186s] creating /home/juan/ProyectoPR/SmartGarden1.0/smartg/build/smart_g/build/lib/smart_g
[1.187s] copying smart_g/VideoInputA.py -> /home/juan/ProyectoPR/SmartGarden1.0/smartg/build/smart_g/build/lib/smart_g
[1.187s] copying smart_g/image_medianf.py -> /home/juan/ProyectoPR/SmartGarden1.0/smartg/build/smart_g/build/lib/smart_g
[1.187s] copying smart_g/tracker.py -> /home/juan/ProyectoPR/SmartGarden1.0/smartg/build/smart_g/build/lib/smart_g
[1.187s] copying smart_g/image_filterA.py -> /home/juan/ProyectoPR/SmartGarden1.0/smartg/build/smart_g/build/lib/smart_g
[1.187s] copying smart_g/leaf_define.py -> /home/juan/ProyectoPR/SmartGarden1.0/smartg/build/smart_g/build/lib/smart_g
[1.188s] copying smart_g/__init__.py -> /home/juan/ProyectoPR/SmartGarden1.0/smartg/build/smart_g/build/lib/smart_g
[1.188s] copying smart_g/outputNode.py -> /home/juan/ProyectoPR/SmartGarden1.0/smartg/build/smart_g/build/lib/smart_g
[1.188s] copying smart_g/image_colorB.py -> /home/juan/ProyectoPR/SmartGarden1.0/smartg/build/smart_g/build/lib/smart_g
[1.188s] copying smart_g/detectorA.py -> /home/juan/ProyectoPR/SmartGarden1.0/smartg/build/smart_g/build/lib/smart_g
[1.188s] /home/juan/.local/lib/python3.8/site-packages/setuptools/_distutils/cmd.py:66: SetuptoolsDeprecationWarning: setup.py install is deprecated.
[1.188s] !!
[1.188s] 
[1.189s]         ********************************************************************************
[1.189s]         Please avoid running ``setup.py`` directly.
[1.189s]         Instead, use pypa/build, pypa/installer or other
[1.189s]         standards-based tools.
[1.189s] 
[1.189s]         See https://blog.ganssle.io/articles/2021/10/setup-py-deprecated.html for details.
[1.189s]         ********************************************************************************
[1.189s] 
[1.190s] !!
[1.190s]   self.initialize_options()
[1.190s] running install
[1.191s] running install_lib
[1.208s] creating /home/juan/ProyectoPR/SmartGarden1.0/smartg/install/smart_g/lib/python3.8/site-packages/smart_g
[1.208s] copying /home/juan/ProyectoPR/SmartGarden1.0/smartg/build/smart_g/build/lib/smart_g/VideoInputA.py -> /home/juan/ProyectoPR/SmartGarden1.0/smartg/install/smart_g/lib/python3.8/site-packages/smart_g
[1.208s] copying /home/juan/ProyectoPR/SmartGarden1.0/smartg/build/smart_g/build/lib/smart_g/image_medianf.py -> /home/juan/ProyectoPR/SmartGarden1.0/smartg/install/smart_g/lib/python3.8/site-packages/smart_g
[1.209s] copying /home/juan/ProyectoPR/SmartGarden1.0/smartg/build/smart_g/build/lib/smart_g/tracker.py -> /home/juan/ProyectoPR/SmartGarden1.0/smartg/install/smart_g/lib/python3.8/site-packages/smart_g
[1.209s] copying /home/juan/ProyectoPR/SmartGarden1.0/smartg/build/smart_g/build/lib/smart_g/image_filterA.py -> /home/juan/ProyectoPR/SmartGarden1.0/smartg/install/smart_g/lib/python3.8/site-packages/smart_g
[1.209s] copying /home/juan/ProyectoPR/SmartGarden1.0/smartg/build/smart_g/build/lib/smart_g/leaf_define.py -> /home/juan/ProyectoPR/SmartGarden1.0/smartg/install/smart_g/lib/python3.8/site-packages/smart_g
[1.209s] copying /home/juan/ProyectoPR/SmartGarden1.0/smartg/build/smart_g/build/lib/smart_g/__init__.py -> /home/juan/ProyectoPR/SmartGarden1.0/smartg/install/smart_g/lib/python3.8/site-packages/smart_g
[1.209s] copying /home/juan/ProyectoPR/SmartGarden1.0/smartg/build/smart_g/build/lib/smart_g/outputNode.py -> /home/juan/ProyectoPR/SmartGarden1.0/smartg/install/smart_g/lib/python3.8/site-packages/smart_g
[1.209s] copying /home/juan/ProyectoPR/SmartGarden1.0/smartg/build/smart_g/build/lib/smart_g/image_colorB.py -> /home/juan/ProyectoPR/SmartGarden1.0/smartg/install/smart_g/lib/python3.8/site-packages/smart_g
[1.209s] copying /home/juan/ProyectoPR/SmartGarden1.0/smartg/build/smart_g/build/lib/smart_g/detectorA.py -> /home/juan/ProyectoPR/SmartGarden1.0/smartg/install/smart_g/lib/python3.8/site-packages/smart_g
[1.210s] byte-compiling /home/juan/ProyectoPR/SmartGarden1.0/smartg/install/smart_g/lib/python3.8/site-packages/smart_g/VideoInputA.py to VideoInputA.cpython-38.pyc
[1.210s] byte-compiling /home/juan/ProyectoPR/SmartGarden1.0/smartg/install/smart_g/lib/python3.8/site-packages/smart_g/image_medianf.py to image_medianf.cpython-38.pyc
[1.210s] byte-compiling /home/juan/ProyectoPR/SmartGarden1.0/smartg/install/smart_g/lib/python3.8/site-packages/smart_g/tracker.py to tracker.cpython-38.pyc
[1.210s] byte-compiling /home/juan/ProyectoPR/SmartGarden1.0/smartg/install/smart_g/lib/python3.8/site-packages/smart_g/image_filterA.py to image_filterA.cpython-38.pyc
[1.211s] byte-compiling /home/juan/ProyectoPR/SmartGarden1.0/smartg/install/smart_g/lib/python3.8/site-packages/smart_g/leaf_define.py to leaf_define.cpython-38.pyc
[1.211s] byte-compiling /home/juan/ProyectoPR/SmartGarden1.0/smartg/install/smart_g/lib/python3.8/site-packages/smart_g/__init__.py to __init__.cpython-38.pyc
[1.211s] byte-compiling /home/juan/ProyectoPR/SmartGarden1.0/smartg/install/smart_g/lib/python3.8/site-packages/smart_g/outputNode.py to outputNode.cpython-38.pyc
[1.212s] byte-compiling /home/juan/ProyectoPR/SmartGarden1.0/smartg/install/smart_g/lib/python3.8/site-packages/smart_g/image_colorB.py to image_colorB.cpython-38.pyc
[1.212s] byte-compiling /home/juan/ProyectoPR/SmartGarden1.0/smartg/install/smart_g/lib/python3.8/site-packages/smart_g/detectorA.py to detectorA.cpython-38.pyc
[1.213s] running install_data
[1.229s] creating /home/juan/ProyectoPR/SmartGarden1.0/smartg/install/smart_g/share/ament_index
[1.229s] creating /home/juan/ProyectoPR/SmartGarden1.0/smartg/install/smart_g/share/ament_index/resource_index
[1.229s] creating /home/juan/ProyectoPR/SmartGarden1.0/smartg/install/smart_g/share/ament_index/resource_index/packages
[1.229s] copying resource/smart_g -> /home/juan/ProyectoPR/SmartGarden1.0/smartg/install/smart_g/share/ament_index/resource_index/packages
[1.229s] copying package.xml -> /home/juan/ProyectoPR/SmartGarden1.0/smartg/install/smart_g/share/smart_g
[1.229s] running install_egg_info
[1.245s] Copying ../build/smart_g/smart_g.egg-info to /home/juan/ProyectoPR/SmartGarden1.0/smartg/install/smart_g/lib/python3.8/site-packages/smart_g-0.0.0-py3.8.egg-info
[1.245s] running install_scripts
[1.292s] Installing VideoInput script to /home/juan/ProyectoPR/SmartGarden1.0/smartg/install/smart_g/lib/smart_g
[1.292s] Installing detector script to /home/juan/ProyectoPR/SmartGarden1.0/smartg/install/smart_g/lib/smart_g
[1.293s] Installing image_filterA script to /home/juan/ProyectoPR/SmartGarden1.0/smartg/install/smart_g/lib/smart_g
[1.293s] Installing image_filterSubs script to /home/juan/ProyectoPR/SmartGarden1.0/smartg/install/smart_g/lib/smart_g
[1.293s] Installing leaf_define script to /home/juan/ProyectoPR/SmartGarden1.0/smartg/install/smart_g/lib/smart_g
[1.293s] Installing obj_Tracker script to /home/juan/ProyectoPR/SmartGarden1.0/smartg/install/smart_g/lib/smart_g
[1.293s] Installing outputNode script to /home/juan/ProyectoPR/SmartGarden1.0/smartg/install/smart_g/lib/smart_g
[1.293s] writing list of installed files to '/home/juan/ProyectoPR/SmartGarden1.0/smartg/build/smart_g/install.log'
[1.322s] Invoked command in '/home/juan/ProyectoPR/SmartGarden1.0/smartg/src' returned '0': CONDA_PROMPT_MODIFIER=(base) PYTHONPATH=/home/juan/ProyectoPR/SmartGarden1.0/smartg/build/smart_g/prefix_override:/home/juan/ProyectoPR/SmartGarden1.0/smartg/install/smart_g/lib/python3.8/site-packages:${PYTHONPATH} /usr/bin/python3 setup.py egg_info --egg-base ../build/smart_g build --build-base /home/juan/ProyectoPR/SmartGarden1.0/smartg/build/smart_g/build install --record /home/juan/ProyectoPR/SmartGarden1.0/smartg/build/smart_g/install.log --install-scripts $base/lib/smart_g --single-version-externally-managed
