[1.287s] Invoking command in '/home/juan/ProyectoPR/SmartGarden1.0/smartg/src': CONDA_PROMPT_MODIFIER=(base) PYTHONPATH=/home/juan/ProyectoPR/SmartGarden1.0/smartg/build/smart_g/prefix_override:/home/juan/ProyectoPR/SmartGarden1.0/smartg/install/smart_g/lib/python3.8/site-packages:${PYTHONPATH} /usr/bin/python3 setup.py egg_info --egg-base ../build/smart_g build --build-base /home/juan/ProyectoPR/SmartGarden1.0/smartg/build/smart_g/build install --record /home/juan/ProyectoPR/SmartGarden1.0/smartg/build/smart_g/install.log --install-scripts $base/lib/smart_g --single-version-externally-managed
[1.409s] /home/juan/.local/lib/python3.8/site-packages/setuptools/dist.py:498: SetuptoolsDeprecationWarning: Invalid dash-separated options
[1.409s] !!
[1.409s] 
[1.410s]         ********************************************************************************
[1.410s]         Usage of dash-separated 'script-dir' will not be supported in future
[1.410s]         versions. Please use the underscore name 'script_dir' instead.
[1.410s] 
[1.410s]         This deprecation is overdue, please update your project and remove deprecated
[1.410s]         calls to avoid build errors in the future.
[1.410s] 
[1.410s]         See https://setuptools.pypa.io/en/latest/userguide/declarative_config.html for details.
[1.410s]         ********************************************************************************
[1.411s] 
[1.411s] !!
[1.411s]   opt = self.warn_dash_deprecation(opt, section)
[1.511s] running egg_info
[1.527s] writing ../build/smart_g/smart_g.egg-info/PKG-INFO
[1.527s] writing dependency_links to ../build/smart_g/smart_g.egg-info/dependency_links.txt
[1.528s] writing entry points to ../build/smart_g/smart_g.egg-info/entry_points.txt
[1.528s] writing requirements to ../build/smart_g/smart_g.egg-info/requires.txt
[1.528s] writing top-level names to ../build/smart_g/smart_g.egg-info/top_level.txt
[1.644s] reading manifest file '../build/smart_g/smart_g.egg-info/SOURCES.txt'
[1.645s] writing manifest file '../build/smart_g/smart_g.egg-info/SOURCES.txt'
[1.645s] running build
[1.645s] running build_py
[1.646s] copying smart_g/tracker.py -> /home/juan/ProyectoPR/SmartGarden1.0/smartg/build/smart_g/build/lib/smart_g
[1.646s] running install
[1.646s] /home/juan/.local/lib/python3.8/site-packages/setuptools/_distutils/cmd.py:66: SetuptoolsDeprecationWarning: setup.py install is deprecated.
[1.646s] !!
[1.646s] 
[1.646s]         ********************************************************************************
[1.647s]         Please avoid running ``setup.py`` directly.
[1.647s]         Instead, use pypa/build, pypa/installer or other
[1.647s]         standards-based tools.
[1.647s] 
[1.647s]         See https://blog.ganssle.io/articles/2021/10/setup-py-deprecated.html for details.
[1.647s]         ********************************************************************************
[1.647s] 
[1.647s] !!
[1.647s]   self.initialize_options()
[1.651s] running install_lib
[1.667s] copying /home/juan/ProyectoPR/SmartGarden1.0/smartg/build/smart_g/build/lib/smart_g/tracker.py -> /home/juan/ProyectoPR/SmartGarden1.0/smartg/install/smart_g/lib/python3.8/site-packages/smart_g
[1.668s] byte-compiling /home/juan/ProyectoPR/SmartGarden1.0/smartg/install/smart_g/lib/python3.8/site-packages/smart_g/tracker.py to tracker.cpython-38.pyc
[1.669s] running install_data
[1.684s] running install_egg_info
[1.701s] removing '/home/juan/ProyectoPR/SmartGarden1.0/smartg/install/smart_g/lib/python3.8/site-packages/smart_g-0.0.0-py3.8.egg-info' (and everything under it)
[1.701s] Copying ../build/smart_g/smart_g.egg-info to /home/juan/ProyectoPR/SmartGarden1.0/smartg/install/smart_g/lib/python3.8/site-packages/smart_g-0.0.0-py3.8.egg-info
[1.702s] running install_scripts
[1.747s] Installing VideoInput script to /home/juan/ProyectoPR/SmartGarden1.0/smartg/install/smart_g/lib/smart_g
[1.747s] Installing detector script to /home/juan/ProyectoPR/SmartGarden1.0/smartg/install/smart_g/lib/smart_g
[1.747s] Installing image_filterA script to /home/juan/ProyectoPR/SmartGarden1.0/smartg/install/smart_g/lib/smart_g
[1.747s] Installing image_filterSubs script to /home/juan/ProyectoPR/SmartGarden1.0/smartg/install/smart_g/lib/smart_g
[1.747s] Installing leaf_define script to /home/juan/ProyectoPR/SmartGarden1.0/smartg/install/smart_g/lib/smart_g
[1.747s] Installing obj_Tracker script to /home/juan/ProyectoPR/SmartGarden1.0/smartg/install/smart_g/lib/smart_g
[1.747s] writing list of installed files to '/home/juan/ProyectoPR/SmartGarden1.0/smartg/build/smart_g/install.log'
[1.776s] Invoked command in '/home/juan/ProyectoPR/SmartGarden1.0/smartg/src' returned '0': CONDA_PROMPT_MODIFIER=(base) PYTHONPATH=/home/juan/ProyectoPR/SmartGarden1.0/smartg/build/smart_g/prefix_override:/home/juan/ProyectoPR/SmartGarden1.0/smartg/install/smart_g/lib/python3.8/site-packages:${PYTHONPATH} /usr/bin/python3 setup.py egg_info --egg-base ../build/smart_g build --build-base /home/juan/ProyectoPR/SmartGarden1.0/smartg/build/smart_g/build install --record /home/juan/ProyectoPR/SmartGarden1.0/smartg/build/smart_g/install.log --install-scripts $base/lib/smart_g --single-version-externally-managed
