[0.946s] Invoking command in '/home/juan/ProyectoPR/SmartGarden1.0/smartg/src': CONDA_PROMPT_MODIFIER=(base) PYTHONPATH=/home/juan/ProyectoPR/SmartGarden1.0/smartg/build/smart_g/prefix_override:/home/juan/ProyectoPR/SmartGarden1.0/smartg/install/smart_g/lib/python3.8/site-packages:${PYTHONPATH} /usr/bin/python3 setup.py egg_info --egg-base ../build/smart_g build --build-base /home/juan/ProyectoPR/SmartGarden1.0/smartg/build/smart_g/build install --record /home/juan/ProyectoPR/SmartGarden1.0/smartg/build/smart_g/install.log --install-scripts $base/lib/smart_g --single-version-externally-managed
[1.057s] /home/juan/.local/lib/python3.8/site-packages/setuptools/dist.py:498: SetuptoolsDeprecationWarning: Invalid dash-separated options
[1.058s] !!
[1.058s] 
[1.058s]         ********************************************************************************
[1.058s]         Usage of dash-separated 'script-dir' will not be supported in future
[1.058s]         versions. Please use the underscore name 'script_dir' instead.
[1.058s] 
[1.059s]         This deprecation is overdue, please update your project and remove deprecated
[1.059s]         calls to avoid build errors in the future.
[1.059s] 
[1.059s]         See https://setuptools.pypa.io/en/latest/userguide/declarative_config.html for details.
[1.059s]         ********************************************************************************
[1.059s] 
[1.059s] !!
[1.059s]   opt = self.warn_dash_deprecation(opt, section)
[1.158s] running egg_info
[1.174s] writing ../build/smart_g/smart_g.egg-info/PKG-INFO
[1.174s] writing dependency_links to ../build/smart_g/smart_g.egg-info/dependency_links.txt
[1.174s] writing entry points to ../build/smart_g/smart_g.egg-info/entry_points.txt
[1.174s] writing requirements to ../build/smart_g/smart_g.egg-info/requires.txt
[1.175s] writing top-level names to ../build/smart_g/smart_g.egg-info/top_level.txt
[1.297s] reading manifest file '../build/smart_g/smart_g.egg-info/SOURCES.txt'
[1.298s] writing manifest file '../build/smart_g/smart_g.egg-info/SOURCES.txt'
[1.298s] running build
[1.299s] running build_py
[1.299s] running install
[1.299s] /home/juan/.local/lib/python3.8/site-packages/setuptools/_distutils/cmd.py:66: SetuptoolsDeprecationWarning: setup.py install is deprecated.
[1.299s] !!
[1.300s] 
[1.300s]         ********************************************************************************
[1.300s]         Please avoid running ``setup.py`` directly.
[1.300s]         Instead, use pypa/build, pypa/installer or other
[1.300s]         standards-based tools.
[1.300s] 
[1.300s]         See https://blog.ganssle.io/articles/2021/10/setup-py-deprecated.html for details.
[1.300s]         ********************************************************************************
[1.300s] 
[1.301s] !!
[1.301s]   self.initialize_options()
[1.304s] running install_lib
[1.320s] running install_data
[1.336s] copying inicio.launch.py -> /home/juan/ProyectoPR/SmartGarden1.0/smartg/install/smart_g/share/smart_g/launch
[1.336s] running install_egg_info
[1.353s] removing '/home/juan/ProyectoPR/SmartGarden1.0/smartg/install/smart_g/lib/python3.8/site-packages/smart_g-0.0.0-py3.8.egg-info' (and everything under it)
[1.353s] Copying ../build/smart_g/smart_g.egg-info to /home/juan/ProyectoPR/SmartGarden1.0/smartg/install/smart_g/lib/python3.8/site-packages/smart_g-0.0.0-py3.8.egg-info
[1.353s] running install_scripts
[1.399s] Installing VideoInput script to /home/juan/ProyectoPR/SmartGarden1.0/smartg/install/smart_g/lib/smart_g
[1.400s] Installing detector script to /home/juan/ProyectoPR/SmartGarden1.0/smartg/install/smart_g/lib/smart_g
[1.400s] Installing image_filterA script to /home/juan/ProyectoPR/SmartGarden1.0/smartg/install/smart_g/lib/smart_g
[1.400s] Installing image_filterSubs script to /home/juan/ProyectoPR/SmartGarden1.0/smartg/install/smart_g/lib/smart_g
[1.400s] Installing leaf_define script to /home/juan/ProyectoPR/SmartGarden1.0/smartg/install/smart_g/lib/smart_g
[1.400s] Installing obj_Tracker script to /home/juan/ProyectoPR/SmartGarden1.0/smartg/install/smart_g/lib/smart_g
[1.400s] Installing outputNode script to /home/juan/ProyectoPR/SmartGarden1.0/smartg/install/smart_g/lib/smart_g
[1.401s] writing list of installed files to '/home/juan/ProyectoPR/SmartGarden1.0/smartg/build/smart_g/install.log'
[1.432s] Invoked command in '/home/juan/ProyectoPR/SmartGarden1.0/smartg/src' returned '0': CONDA_PROMPT_MODIFIER=(base) PYTHONPATH=/home/juan/ProyectoPR/SmartGarden1.0/smartg/build/smart_g/prefix_override:/home/juan/ProyectoPR/SmartGarden1.0/smartg/install/smart_g/lib/python3.8/site-packages:${PYTHONPATH} /usr/bin/python3 setup.py egg_info --egg-base ../build/smart_g build --build-base /home/juan/ProyectoPR/SmartGarden1.0/smartg/build/smart_g/build install --record /home/juan/ProyectoPR/SmartGarden1.0/smartg/build/smart_g/install.log --install-scripts $base/lib/smart_g --single-version-externally-managed
