[0.873s] Invoking command in '/home/juan/ProyectoPR/SmartGarden1.0/smartg/src': PYTHONPATH=/home/juan/ProyectoPR/SmartGarden1.0/smartg/build/smart_g/prefix_override:/home/juan/ProyectoPR/SmartGarden1.0/smartg/install/smart_g/lib/python3.8/site-packages:${PYTHONPATH} /usr/bin/python3 setup.py egg_info --egg-base ../build/smart_g build --build-base /home/juan/ProyectoPR/SmartGarden1.0/smartg/build/smart_g/build install --record /home/juan/ProyectoPR/SmartGarden1.0/smartg/build/smart_g/install.log --install-scripts $base/lib/smart_g --single-version-externally-managed
[0.987s] /home/juan/.local/lib/python3.8/site-packages/setuptools/dist.py:498: SetuptoolsDeprecationWarning: Invalid dash-separated options
[0.987s] !!
[0.987s] 
[0.987s]         ********************************************************************************
[0.987s]         Usage of dash-separated 'script-dir' will not be supported in future
[0.987s]         versions. Please use the underscore name 'script_dir' instead.
[0.988s] 
[0.988s]         This deprecation is overdue, please update your project and remove deprecated
[0.988s]         calls to avoid build errors in the future.
[0.988s] 
[0.988s]         See https://setuptools.pypa.io/en/latest/userguide/declarative_config.html for details.
[0.988s]         ********************************************************************************
[0.988s] 
[0.988s] !!
[0.988s]   opt = self.warn_dash_deprecation(opt, section)
[1.085s] running egg_info
[1.101s] writing ../build/smart_g/smart_g.egg-info/PKG-INFO
[1.102s] writing dependency_links to ../build/smart_g/smart_g.egg-info/dependency_links.txt
[1.102s] writing entry points to ../build/smart_g/smart_g.egg-info/entry_points.txt
[1.102s] writing requirements to ../build/smart_g/smart_g.egg-info/requires.txt
[1.102s] writing top-level names to ../build/smart_g/smart_g.egg-info/top_level.txt
[1.222s] reading manifest file '../build/smart_g/smart_g.egg-info/SOURCES.txt'
[1.223s] writing manifest file '../build/smart_g/smart_g.egg-info/SOURCES.txt'
[1.223s] running build
[1.223s] running build_py
[1.224s] copying smart_g/detectorA.py -> /home/juan/ProyectoPR/SmartGarden1.0/smartg/build/smart_g/build/lib/smart_g
[1.224s] running install
[1.224s] /home/juan/.local/lib/python3.8/site-packages/setuptools/_distutils/cmd.py:66: SetuptoolsDeprecationWarning: setup.py install is deprecated.
[1.224s] !!
[1.225s] 
[1.225s]         ********************************************************************************
[1.225s]         Please avoid running ``setup.py`` directly.
[1.225s]         Instead, use pypa/build, pypa/installer or other
[1.225s]         standards-based tools.
[1.225s] 
[1.225s]         See https://blog.ganssle.io/articles/2021/10/setup-py-deprecated.html for details.
[1.226s]         ********************************************************************************
[1.226s] 
[1.226s] !!
[1.226s]   self.initialize_options()
[1.229s] running install_lib
[1.245s] copying /home/juan/ProyectoPR/SmartGarden1.0/smartg/build/smart_g/build/lib/smart_g/detectorA.py -> /home/juan/ProyectoPR/SmartGarden1.0/smartg/install/smart_g/lib/python3.8/site-packages/smart_g
[1.246s] byte-compiling /home/juan/ProyectoPR/SmartGarden1.0/smartg/install/smart_g/lib/python3.8/site-packages/smart_g/detectorA.py to detectorA.cpython-38.pyc
[1.247s] running install_data
[1.262s] running install_egg_info
[1.279s] removing '/home/juan/ProyectoPR/SmartGarden1.0/smartg/install/smart_g/lib/python3.8/site-packages/smart_g-0.0.0-py3.8.egg-info' (and everything under it)
[1.279s] Copying ../build/smart_g/smart_g.egg-info to /home/juan/ProyectoPR/SmartGarden1.0/smartg/install/smart_g/lib/python3.8/site-packages/smart_g-0.0.0-py3.8.egg-info
[1.280s] running install_scripts
[1.324s] Installing VideoInput script to /home/juan/ProyectoPR/SmartGarden1.0/smartg/install/smart_g/lib/smart_g
[1.324s] Installing detector script to /home/juan/ProyectoPR/SmartGarden1.0/smartg/install/smart_g/lib/smart_g
[1.324s] Installing image_filterA script to /home/juan/ProyectoPR/SmartGarden1.0/smartg/install/smart_g/lib/smart_g
[1.324s] Installing image_filterB script to /home/juan/ProyectoPR/SmartGarden1.0/smartg/install/smart_g/lib/smart_g
[1.325s] Installing image_filterSubs script to /home/juan/ProyectoPR/SmartGarden1.0/smartg/install/smart_g/lib/smart_g
[1.325s] Installing leaf_define script to /home/juan/ProyectoPR/SmartGarden1.0/smartg/install/smart_g/lib/smart_g
[1.325s] Installing obj_Tracker script to /home/juan/ProyectoPR/SmartGarden1.0/smartg/install/smart_g/lib/smart_g
[1.325s] writing list of installed files to '/home/juan/ProyectoPR/SmartGarden1.0/smartg/build/smart_g/install.log'
[1.353s] Invoked command in '/home/juan/ProyectoPR/SmartGarden1.0/smartg/src' returned '0': PYTHONPATH=/home/juan/ProyectoPR/SmartGarden1.0/smartg/build/smart_g/prefix_override:/home/juan/ProyectoPR/SmartGarden1.0/smartg/install/smart_g/lib/python3.8/site-packages:${PYTHONPATH} /usr/bin/python3 setup.py egg_info --egg-base ../build/smart_g build --build-base /home/juan/ProyectoPR/SmartGarden1.0/smartg/build/smart_g/build install --record /home/juan/ProyectoPR/SmartGarden1.0/smartg/build/smart_g/install.log --install-scripts $base/lib/smart_g --single-version-externally-managed
