[1.062s] Invoking command in '/home/juan/ProyectoPR/SmartGarden1.0/smartg/src': CONDA_PROMPT_MODIFIER=(base) PYTHONPATH=/home/juan/ProyectoPR/SmartGarden1.0/smartg/build/smart_g/prefix_override:/home/juan/ProyectoPR/SmartGarden1.0/smartg/install/smart_g/lib/python3.8/site-packages:${PYTHONPATH} /usr/bin/python3 setup.py egg_info --egg-base ../build/smart_g build --build-base /home/juan/ProyectoPR/SmartGarden1.0/smartg/build/smart_g/build install --record /home/juan/ProyectoPR/SmartGarden1.0/smartg/build/smart_g/install.log --install-scripts $base/lib/smart_g --single-version-externally-managed
[1.202s] /home/juan/.local/lib/python3.8/site-packages/setuptools/dist.py:498: SetuptoolsDeprecationWarning: Invalid dash-separated options
[1.203s] !!
[1.203s] 
[1.203s]         ********************************************************************************
[1.204s]         Usage of dash-separated 'script-dir' will not be supported in future
[1.204s]         versions. Please use the underscore name 'script_dir' instead.
[1.204s] 
[1.204s]         This deprecation is overdue, please update your project and remove deprecated
[1.204s]         calls to avoid build errors in the future.
[1.204s] 
[1.204s]         See https://setuptools.pypa.io/en/latest/userguide/declarative_config.html for details.
[1.204s]         ********************************************************************************
[1.204s] 
[1.205s] !!
[1.205s]   opt = self.warn_dash_deprecation(opt, section)
[1.323s] running egg_info
[1.340s] writing ../build/smart_g/smart_g.egg-info/PKG-INFO
[1.340s] writing dependency_links to ../build/smart_g/smart_g.egg-info/dependency_links.txt
[1.341s] writing entry points to ../build/smart_g/smart_g.egg-info/entry_points.txt
[1.341s] writing requirements to ../build/smart_g/smart_g.egg-info/requires.txt
[1.341s] writing top-level names to ../build/smart_g/smart_g.egg-info/top_level.txt
[1.474s] reading manifest file '../build/smart_g/smart_g.egg-info/SOURCES.txt'
[1.475s] writing manifest file '../build/smart_g/smart_g.egg-info/SOURCES.txt'
[1.475s] running build
[1.475s] running build_py
[1.476s] copying smart_g/outputNode.py -> /home/juan/ProyectoPR/SmartGarden1.0/smartg/build/smart_g/build/lib/smart_g
[1.476s] running install
[1.476s] /home/juan/.local/lib/python3.8/site-packages/setuptools/_distutils/cmd.py:66: SetuptoolsDeprecationWarning: setup.py install is deprecated.
[1.476s] !!
[1.476s] 
[1.477s]         ********************************************************************************
[1.477s]         Please avoid running ``setup.py`` directly.
[1.477s]         Instead, use pypa/build, pypa/installer or other
[1.477s]         standards-based tools.
[1.477s] 
[1.477s]         See https://blog.ganssle.io/articles/2021/10/setup-py-deprecated.html for details.
[1.477s]         ********************************************************************************
[1.478s] 
[1.478s] !!
[1.478s]   self.initialize_options()
[1.481s] running install_lib
[1.500s] copying /home/juan/ProyectoPR/SmartGarden1.0/smartg/build/smart_g/build/lib/smart_g/outputNode.py -> /home/juan/ProyectoPR/SmartGarden1.0/smartg/install/smart_g/lib/python3.8/site-packages/smart_g
[1.500s] byte-compiling /home/juan/ProyectoPR/SmartGarden1.0/smartg/install/smart_g/lib/python3.8/site-packages/smart_g/outputNode.py to outputNode.cpython-38.pyc
[1.501s] running install_data
[1.520s] running install_egg_info
[1.539s] removing '/home/juan/ProyectoPR/SmartGarden1.0/smartg/install/smart_g/lib/python3.8/site-packages/smart_g-0.0.0-py3.8.egg-info' (and everything under it)
[1.539s] Copying ../build/smart_g/smart_g.egg-info to /home/juan/ProyectoPR/SmartGarden1.0/smartg/install/smart_g/lib/python3.8/site-packages/smart_g-0.0.0-py3.8.egg-info
[1.539s] running install_scripts
[1.598s] Installing VideoInput script to /home/juan/ProyectoPR/SmartGarden1.0/smartg/install/smart_g/lib/smart_g
[1.598s] Installing detector script to /home/juan/ProyectoPR/SmartGarden1.0/smartg/install/smart_g/lib/smart_g
[1.598s] Installing image_filterA script to /home/juan/ProyectoPR/SmartGarden1.0/smartg/install/smart_g/lib/smart_g
[1.598s] Installing image_filterSubs script to /home/juan/ProyectoPR/SmartGarden1.0/smartg/install/smart_g/lib/smart_g
[1.598s] Installing leaf_define script to /home/juan/ProyectoPR/SmartGarden1.0/smartg/install/smart_g/lib/smart_g
[1.598s] Installing obj_Tracker script to /home/juan/ProyectoPR/SmartGarden1.0/smartg/install/smart_g/lib/smart_g
[1.599s] Installing outputNode script to /home/juan/ProyectoPR/SmartGarden1.0/smartg/install/smart_g/lib/smart_g
[1.599s] writing list of installed files to '/home/juan/ProyectoPR/SmartGarden1.0/smartg/build/smart_g/install.log'
[1.641s] Invoked command in '/home/juan/ProyectoPR/SmartGarden1.0/smartg/src' returned '0': CONDA_PROMPT_MODIFIER=(base) PYTHONPATH=/home/juan/ProyectoPR/SmartGarden1.0/smartg/build/smart_g/prefix_override:/home/juan/ProyectoPR/SmartGarden1.0/smartg/install/smart_g/lib/python3.8/site-packages:${PYTHONPATH} /usr/bin/python3 setup.py egg_info --egg-base ../build/smart_g build --build-base /home/juan/ProyectoPR/SmartGarden1.0/smartg/build/smart_g/build install --record /home/juan/ProyectoPR/SmartGarden1.0/smartg/build/smart_g/install.log --install-scripts $base/lib/smart_g --single-version-externally-managed
