[0.898s] Invoking command in '/home/juan/ProyectoPR/SmartGarden1.0/smartg/src': CONDA_PROMPT_MODIFIER=(base) PYTHONPATH=/home/juan/ProyectoPR/SmartGarden1.0/smartg/build/smart_g/prefix_override:/home/juan/ProyectoPR/SmartGarden1.0/smartg/install/smart_g/lib/python3.8/site-packages:${PYTHONPATH} /usr/bin/python3 setup.py egg_info --egg-base ../build/smart_g build --build-base /home/juan/ProyectoPR/SmartGarden1.0/smartg/build/smart_g/build install --record /home/juan/ProyectoPR/SmartGarden1.0/smartg/build/smart_g/install.log --install-scripts $base/lib/smart_g --single-version-externally-managed
[1.022s] /home/juan/.local/lib/python3.8/site-packages/setuptools/dist.py:498: SetuptoolsDeprecationWarning: Invalid dash-separated options
[1.022s] !!
[1.022s] 
[1.022s]         ********************************************************************************
[1.022s]         Usage of dash-separated 'script-dir' will not be supported in future
[1.023s]         versions. Please use the underscore name 'script_dir' instead.
[1.023s] 
[1.023s]         This deprecation is overdue, please update your project and remove deprecated
[1.023s]         calls to avoid build errors in the future.
[1.023s] 
[1.023s]         See https://setuptools.pypa.io/en/latest/userguide/declarative_config.html for details.
[1.023s]         ********************************************************************************
[1.023s] 
[1.023s] !!
[1.023s]   opt = self.warn_dash_deprecation(opt, section)
[1.133s] running egg_info
[1.149s] writing ../build/smart_g/smart_g.egg-info/PKG-INFO
[1.149s] writing dependency_links to ../build/smart_g/smart_g.egg-info/dependency_links.txt
[1.149s] writing entry points to ../build/smart_g/smart_g.egg-info/entry_points.txt
[1.150s] writing requirements to ../build/smart_g/smart_g.egg-info/requires.txt
[1.150s] writing top-level names to ../build/smart_g/smart_g.egg-info/top_level.txt
[1.269s] reading manifest file '../build/smart_g/smart_g.egg-info/SOURCES.txt'
[1.270s] writing manifest file '../build/smart_g/smart_g.egg-info/SOURCES.txt'
[1.270s] running build
[1.270s] running build_py
[1.271s] copying smart_g/image_medianf.py -> /home/juan/ProyectoPR/SmartGarden1.0/smartg/build/smart_g/build/lib/smart_g
[1.271s] copying smart_g/tracker.py -> /home/juan/ProyectoPR/SmartGarden1.0/smartg/build/smart_g/build/lib/smart_g
[1.271s] running install
[1.271s] /home/juan/.local/lib/python3.8/site-packages/setuptools/_distutils/cmd.py:66: SetuptoolsDeprecationWarning: setup.py install is deprecated.
[1.272s] !!
[1.272s] 
[1.272s]         ********************************************************************************
[1.272s]         Please avoid running ``setup.py`` directly.
[1.272s]         Instead, use pypa/build, pypa/installer or other
[1.273s]         standards-based tools.
[1.273s] 
[1.273s]         See https://blog.ganssle.io/articles/2021/10/setup-py-deprecated.html for details.
[1.273s]         ********************************************************************************
[1.273s] 
[1.274s] !!
[1.274s]   self.initialize_options()
[1.280s] running install_lib
[1.297s] copying /home/juan/ProyectoPR/SmartGarden1.0/smartg/build/smart_g/build/lib/smart_g/image_medianf.py -> /home/juan/ProyectoPR/SmartGarden1.0/smartg/install/smart_g/lib/python3.8/site-packages/smart_g
[1.297s] copying /home/juan/ProyectoPR/SmartGarden1.0/smartg/build/smart_g/build/lib/smart_g/tracker.py -> /home/juan/ProyectoPR/SmartGarden1.0/smartg/install/smart_g/lib/python3.8/site-packages/smart_g
[1.298s] byte-compiling /home/juan/ProyectoPR/SmartGarden1.0/smartg/install/smart_g/lib/python3.8/site-packages/smart_g/image_medianf.py to image_medianf.cpython-38.pyc
[1.299s] byte-compiling /home/juan/ProyectoPR/SmartGarden1.0/smartg/install/smart_g/lib/python3.8/site-packages/smart_g/tracker.py to tracker.cpython-38.pyc
[1.300s] running install_data
[1.316s] running install_egg_info
[1.332s] removing '/home/juan/ProyectoPR/SmartGarden1.0/smartg/install/smart_g/lib/python3.8/site-packages/smart_g-0.0.0-py3.8.egg-info' (and everything under it)
[1.332s] Copying ../build/smart_g/smart_g.egg-info to /home/juan/ProyectoPR/SmartGarden1.0/smartg/install/smart_g/lib/python3.8/site-packages/smart_g-0.0.0-py3.8.egg-info
[1.333s] running install_scripts
[1.377s] Installing VideoInput script to /home/juan/ProyectoPR/SmartGarden1.0/smartg/install/smart_g/lib/smart_g
[1.378s] Installing detector script to /home/juan/ProyectoPR/SmartGarden1.0/smartg/install/smart_g/lib/smart_g
[1.378s] Installing image_filterA script to /home/juan/ProyectoPR/SmartGarden1.0/smartg/install/smart_g/lib/smart_g
[1.378s] Installing image_filterSubs script to /home/juan/ProyectoPR/SmartGarden1.0/smartg/install/smart_g/lib/smart_g
[1.378s] Installing leaf_define script to /home/juan/ProyectoPR/SmartGarden1.0/smartg/install/smart_g/lib/smart_g
[1.378s] Installing obj_Tracker script to /home/juan/ProyectoPR/SmartGarden1.0/smartg/install/smart_g/lib/smart_g
[1.378s] writing list of installed files to '/home/juan/ProyectoPR/SmartGarden1.0/smartg/build/smart_g/install.log'
[1.406s] Invoked command in '/home/juan/ProyectoPR/SmartGarden1.0/smartg/src' returned '0': CONDA_PROMPT_MODIFIER=(base) PYTHONPATH=/home/juan/ProyectoPR/SmartGarden1.0/smartg/build/smart_g/prefix_override:/home/juan/ProyectoPR/SmartGarden1.0/smartg/install/smart_g/lib/python3.8/site-packages:${PYTHONPATH} /usr/bin/python3 setup.py egg_info --egg-base ../build/smart_g build --build-base /home/juan/ProyectoPR/SmartGarden1.0/smartg/build/smart_g/build install --record /home/juan/ProyectoPR/SmartGarden1.0/smartg/build/smart_g/install.log --install-scripts $base/lib/smart_g --single-version-externally-managed
