[4.812s] DEBUG:colcon:Command line arguments: ['/usr/bin/colcon', 'build']
[4.812s] DEBUG:colcon:Parsed command line arguments: Namespace(allow_overriding=[], ament_cmake_args=None, base_paths=['.'], build_base='build', catkin_cmake_args=None, catkin_skip_building_tests=False, cmake_args=None, cmake_clean_cache=False, cmake_clean_first=False, cmake_force_configure=False, cmake_target=None, cmake_target_skip_unavailable=False, continue_on_error=False, event_handlers=None, executor='parallel', ignore_user_meta=False, install_base='install', log_base=None, log_level=None, main=<bound method BuildVerb.main of <colcon_core.verb.build.BuildVerb object at 0x7f7f5a190c10>>, merge_install=False, metas=['./colcon.meta'], packages_above=None, packages_above_and_dependencies=None, packages_above_depth=None, packages_end=None, packages_ignore=None, packages_ignore_regex=None, packages_select=None, packages_select_build_failed=False, packages_select_by_dep=None, packages_select_regex=None, packages_select_test_failures=False, packages_skip=None, packages_skip_build_finished=False, packages_skip_by_dep=None, packages_skip_regex=None, packages_skip_test_passed=False, packages_skip_up_to=None, packages_start=None, packages_up_to=None, packages_up_to_regex=None, parallel_workers=8, paths=None, symlink_install=False, test_result_base=None, verb_extension=<colcon_core.verb.build.BuildVerb object at 0x7f7f5a190c10>, verb_name='build', verb_parser=<colcon_defaults.argument_parser.defaults.DefaultArgumentsDecorator object at 0x7f7f59dfefd0>)
[5.025s] Level 1:colcon.colcon_core.package_discovery:discover_packages(colcon_meta) check parameters
[5.025s] Level 1:colcon.colcon_core.package_discovery:discover_packages(recursive) check parameters
[5.025s] Level 1:colcon.colcon_core.package_discovery:discover_packages(ignore) check parameters
[5.025s] Level 1:colcon.colcon_core.package_discovery:discover_packages(path) check parameters
[5.025s] Level 1:colcon.colcon_core.package_discovery:discover_packages(colcon_meta) discover
[5.025s] Level 1:colcon.colcon_core.package_discovery:discover_packages(recursive) discover
[5.025s] INFO:colcon.colcon_core.package_discovery:Crawling recursively for packages in '/home/sofia/Proyecto_final/SmartGarden1.0/smartg'
[5.025s] Level 1:colcon.colcon_core.package_identification:_identify(.) by extensions ['ignore', 'ignore_ament_install']
[5.026s] Level 1:colcon.colcon_core.package_identification:_identify(.) by extension 'ignore'
[5.026s] Level 1:colcon.colcon_core.package_identification:_identify(.) by extension 'ignore_ament_install'
[5.026s] Level 1:colcon.colcon_core.package_identification:_identify(.) by extensions ['colcon_pkg']
[5.026s] Level 1:colcon.colcon_core.package_identification:_identify(.) by extension 'colcon_pkg'
[5.026s] Level 1:colcon.colcon_core.package_identification:_identify(.) by extensions ['colcon_meta']
[5.026s] Level 1:colcon.colcon_core.package_identification:_identify(.) by extension 'colcon_meta'
[5.026s] Level 1:colcon.colcon_core.package_identification:_identify(.) by extensions ['ros']
[5.026s] Level 1:colcon.colcon_core.package_identification:_identify(.) by extension 'ros'
[5.040s] Level 1:colcon.colcon_core.package_identification:_identify(.) by extensions ['cmake', 'python']
[5.040s] Level 1:colcon.colcon_core.package_identification:_identify(.) by extension 'cmake'
[5.040s] Level 1:colcon.colcon_core.package_identification:_identify(.) by extension 'python'
[5.040s] Level 1:colcon.colcon_core.package_identification:_identify(.) by extensions ['python_setup_py']
[5.040s] Level 1:colcon.colcon_core.package_identification:_identify(.) by extension 'python_setup_py'
[5.040s] Level 1:colcon.colcon_core.package_identification:_identify(build) by extensions ['ignore', 'ignore_ament_install']
[5.041s] Level 1:colcon.colcon_core.package_identification:_identify(build) by extension 'ignore'
[5.041s] Level 1:colcon.colcon_core.package_identification:_identify(build) ignored
[5.041s] Level 1:colcon.colcon_core.package_identification:_identify(install) by extensions ['ignore', 'ignore_ament_install']
[5.041s] Level 1:colcon.colcon_core.package_identification:_identify(install) by extension 'ignore'
[5.041s] Level 1:colcon.colcon_core.package_identification:_identify(install) ignored
[5.041s] Level 1:colcon.colcon_core.package_identification:_identify(leaf-model) by extensions ['ignore', 'ignore_ament_install']
[5.041s] Level 1:colcon.colcon_core.package_identification:_identify(leaf-model) by extension 'ignore'
[5.041s] Level 1:colcon.colcon_core.package_identification:_identify(leaf-model) by extension 'ignore_ament_install'
[5.041s] Level 1:colcon.colcon_core.package_identification:_identify(leaf-model) by extensions ['colcon_pkg']
[5.041s] Level 1:colcon.colcon_core.package_identification:_identify(leaf-model) by extension 'colcon_pkg'
[5.041s] Level 1:colcon.colcon_core.package_identification:_identify(leaf-model) by extensions ['colcon_meta']
[5.041s] Level 1:colcon.colcon_core.package_identification:_identify(leaf-model) by extension 'colcon_meta'
[5.041s] Level 1:colcon.colcon_core.package_identification:_identify(leaf-model) by extensions ['ros']
[5.041s] Level 1:colcon.colcon_core.package_identification:_identify(leaf-model) by extension 'ros'
[5.041s] Level 1:colcon.colcon_core.package_identification:_identify(leaf-model) by extensions ['cmake', 'python']
[5.041s] Level 1:colcon.colcon_core.package_identification:_identify(leaf-model) by extension 'cmake'
[5.042s] Level 1:colcon.colcon_core.package_identification:_identify(leaf-model) by extension 'python'
[5.042s] Level 1:colcon.colcon_core.package_identification:_identify(leaf-model) by extensions ['python_setup_py']
[5.042s] Level 1:colcon.colcon_core.package_identification:_identify(leaf-model) by extension 'python_setup_py'
[5.042s] Level 1:colcon.colcon_core.package_identification:_identify(log) by extensions ['ignore', 'ignore_ament_install']
[5.042s] Level 1:colcon.colcon_core.package_identification:_identify(log) by extension 'ignore'
[5.042s] Level 1:colcon.colcon_core.package_identification:_identify(log) ignored
[5.042s] Level 1:colcon.colcon_core.package_identification:_identify(src) by extensions ['ignore', 'ignore_ament_install']
[5.042s] Level 1:colcon.colcon_core.package_identification:_identify(src) by extension 'ignore'
[5.042s] Level 1:colcon.colcon_core.package_identification:_identify(src) by extension 'ignore_ament_install'
[5.042s] Level 1:colcon.colcon_core.package_identification:_identify(src) by extensions ['colcon_pkg']
[5.043s] Level 1:colcon.colcon_core.package_identification:_identify(src) by extension 'colcon_pkg'
[5.043s] Level 1:colcon.colcon_core.package_identification:_identify(src) by extensions ['colcon_meta']
[5.043s] Level 1:colcon.colcon_core.package_identification:_identify(src) by extension 'colcon_meta'
[5.043s] Level 1:colcon.colcon_core.package_identification:_identify(src) by extensions ['ros']
[5.043s] Level 1:colcon.colcon_core.package_identification:_identify(src) by extension 'ros'
[5.049s] DEBUG:colcon.colcon_core.package_identification:Package 'src' with type 'ros.ament_python' and name 'smart_g'
[5.049s] Level 1:colcon.colcon_core.package_identification:_identify(yolo-Weights) by extensions ['ignore', 'ignore_ament_install']
[5.049s] Level 1:colcon.colcon_core.package_identification:_identify(yolo-Weights) by extension 'ignore'
[5.049s] Level 1:colcon.colcon_core.package_identification:_identify(yolo-Weights) by extension 'ignore_ament_install'
[5.050s] Level 1:colcon.colcon_core.package_identification:_identify(yolo-Weights) by extensions ['colcon_pkg']
[5.050s] Level 1:colcon.colcon_core.package_identification:_identify(yolo-Weights) by extension 'colcon_pkg'
[5.050s] Level 1:colcon.colcon_core.package_identification:_identify(yolo-Weights) by extensions ['colcon_meta']
[5.050s] Level 1:colcon.colcon_core.package_identification:_identify(yolo-Weights) by extension 'colcon_meta'
[5.050s] Level 1:colcon.colcon_core.package_identification:_identify(yolo-Weights) by extensions ['ros']
[5.050s] Level 1:colcon.colcon_core.package_identification:_identify(yolo-Weights) by extension 'ros'
[5.050s] Level 1:colcon.colcon_core.package_identification:_identify(yolo-Weights) by extensions ['cmake', 'python']
[5.050s] Level 1:colcon.colcon_core.package_identification:_identify(yolo-Weights) by extension 'cmake'
[5.050s] Level 1:colcon.colcon_core.package_identification:_identify(yolo-Weights) by extension 'python'
[5.050s] Level 1:colcon.colcon_core.package_identification:_identify(yolo-Weights) by extensions ['python_setup_py']
[5.050s] Level 1:colcon.colcon_core.package_identification:_identify(yolo-Weights) by extension 'python_setup_py'
[5.050s] Level 1:colcon.colcon_core.package_discovery:discover_packages(recursive) using defaults
[5.050s] Level 1:colcon.colcon_core.package_discovery:discover_packages(ignore) discover
[5.050s] Level 1:colcon.colcon_core.package_discovery:discover_packages(ignore) using defaults
[5.050s] Level 1:colcon.colcon_core.package_discovery:discover_packages(path) discover
[5.050s] Level 1:colcon.colcon_core.package_discovery:discover_packages(path) using defaults
[5.510s] Level 1:colcon.colcon_core.package_discovery:discover_packages(prefix_path) check parameters
[5.510s] Level 1:colcon.colcon_core.package_discovery:discover_packages(prefix_path) discover
[5.677s] DEBUG:colcon.colcon_installed_package_information.package_discovery:Found 266 installed packages in /opt/ros/foxy
[5.679s] Level 1:colcon.colcon_core.package_discovery:discover_packages(prefix_path) using defaults
[5.945s] Level 5:colcon.colcon_core.verb:set package 'smart_g' build argument 'cmake_args' from command line to 'None'
[5.945s] Level 5:colcon.colcon_core.verb:set package 'smart_g' build argument 'cmake_target' from command line to 'None'
[5.945s] Level 5:colcon.colcon_core.verb:set package 'smart_g' build argument 'cmake_target_skip_unavailable' from command line to 'False'
[5.945s] Level 5:colcon.colcon_core.verb:set package 'smart_g' build argument 'cmake_clean_cache' from command line to 'False'
[5.945s] Level 5:colcon.colcon_core.verb:set package 'smart_g' build argument 'cmake_clean_first' from command line to 'False'
[5.945s] Level 5:colcon.colcon_core.verb:set package 'smart_g' build argument 'cmake_force_configure' from command line to 'False'
[5.945s] Level 5:colcon.colcon_core.verb:set package 'smart_g' build argument 'ament_cmake_args' from command line to 'None'
[5.945s] Level 5:colcon.colcon_core.verb:set package 'smart_g' build argument 'catkin_cmake_args' from command line to 'None'
[5.945s] Level 5:colcon.colcon_core.verb:set package 'smart_g' build argument 'catkin_skip_building_tests' from command line to 'False'
[5.945s] DEBUG:colcon.colcon_core.verb:Building package 'smart_g' with the following arguments: {'ament_cmake_args': None, 'build_base': '/home/sofia/Proyecto_final/SmartGarden1.0/smartg/build/smart_g', 'catkin_cmake_args': None, 'catkin_skip_building_tests': False, 'cmake_args': None, 'cmake_clean_cache': False, 'cmake_clean_first': False, 'cmake_force_configure': False, 'cmake_target': None, 'cmake_target_skip_unavailable': False, 'install_base': '/home/sofia/Proyecto_final/SmartGarden1.0/smartg/install/smart_g', 'merge_install': False, 'path': '/home/sofia/Proyecto_final/SmartGarden1.0/smartg/src', 'symlink_install': False, 'test_result_base': None}
[6.029s] INFO:colcon.colcon_core.executor:Executing jobs using 'parallel' executor
[6.113s] DEBUG:colcon.colcon_parallel_executor.executor.parallel:run_until_complete
[6.113s] INFO:colcon.colcon_ros.task.ament_python.build:Building ROS package in '/home/sofia/Proyecto_final/SmartGarden1.0/smartg/src' with build type 'ament_python'
[6.113s] Level 1:colcon.colcon_core.shell:create_environment_hook('smart_g', 'ament_prefix_path')
[6.218s] INFO:colcon.colcon_core.plugin_system:Skipping extension 'colcon_core.shell.bat': Not used on non-Windows systems
[6.218s] INFO:colcon.colcon_core.shell:Creating environment hook '/home/sofia/Proyecto_final/SmartGarden1.0/smartg/install/smart_g/share/smart_g/hook/ament_prefix_path.ps1'
[6.220s] INFO:colcon.colcon_core.shell:Creating environment descriptor '/home/sofia/Proyecto_final/SmartGarden1.0/smartg/install/smart_g/share/smart_g/hook/ament_prefix_path.dsv'
[6.222s] INFO:colcon.colcon_core.shell:Creating environment hook '/home/sofia/Proyecto_final/SmartGarden1.0/smartg/install/smart_g/share/smart_g/hook/ament_prefix_path.sh'
[6.312s] INFO:colcon.colcon_core.shell:Skip shell extension 'powershell' for command environment: Not usable outside of PowerShell
[6.312s] DEBUG:colcon.colcon_core.shell:Skip shell extension 'dsv' for command environment
[6.829s] INFO:colcon.colcon_core.task.python.build:Building Python package in '/home/sofia/Proyecto_final/SmartGarden1.0/smartg/src'
[6.925s] INFO:colcon.colcon_core.shell:Skip shell extension 'powershell' for command environment: Not usable outside of PowerShell
[6.925s] DEBUG:colcon.colcon_core.shell:Skip shell extension 'dsv' for command environment
[7.777s] DEBUG:colcon.colcon_core.event_handler.log_command:Invoking command in '/home/sofia/Proyecto_final/SmartGarden1.0/smartg/src': CONDA_PROMPT_MODIFIER=(base) PYTHONPATH=/home/sofia/Proyecto_final/SmartGarden1.0/smartg/build/smart_g/prefix_override:/home/sofia/Proyecto_final/SmartGarden1.0/smartg/install/smart_g/lib/python3.8/site-packages:${PYTHONPATH} /usr/bin/python3 setup.py egg_info --egg-base ../build/smart_g build --build-base /home/sofia/Proyecto_final/SmartGarden1.0/smartg/build/smart_g/build install --record /home/sofia/Proyecto_final/SmartGarden1.0/smartg/build/smart_g/install.log --install-scripts $base/lib/smart_g --single-version-externally-managed
[8.184s] DEBUG:colcon.colcon_core.event_handler.log_command:Invoked command in '/home/sofia/Proyecto_final/SmartGarden1.0/smartg/src' returned '0': CONDA_PROMPT_MODIFIER=(base) PYTHONPATH=/home/sofia/Proyecto_final/SmartGarden1.0/smartg/build/smart_g/prefix_override:/home/sofia/Proyecto_final/SmartGarden1.0/smartg/install/smart_g/lib/python3.8/site-packages:${PYTHONPATH} /usr/bin/python3 setup.py egg_info --egg-base ../build/smart_g build --build-base /home/sofia/Proyecto_final/SmartGarden1.0/smartg/build/smart_g/build install --record /home/sofia/Proyecto_final/SmartGarden1.0/smartg/build/smart_g/install.log --install-scripts $base/lib/smart_g --single-version-externally-managed
[8.278s] Level 1:colcon.colcon_core.environment:checking '/home/sofia/Proyecto_final/SmartGarden1.0/smartg/install/smart_g' for CMake module files
[8.279s] Level 1:colcon.colcon_core.environment:checking '/home/sofia/Proyecto_final/SmartGarden1.0/smartg/install/smart_g' for CMake config files
[8.279s] Level 1:colcon.colcon_core.environment:checking '/home/sofia/Proyecto_final/SmartGarden1.0/smartg/install/smart_g/lib'
[8.279s] Level 1:colcon.colcon_core.environment:checking '/home/sofia/Proyecto_final/SmartGarden1.0/smartg/install/smart_g/bin'
[8.279s] Level 1:colcon.colcon_core.environment:checking '/home/sofia/Proyecto_final/SmartGarden1.0/smartg/install/smart_g/lib/pkgconfig/smart_g.pc'
[8.279s] Level 1:colcon.colcon_core.environment:checking '/home/sofia/Proyecto_final/SmartGarden1.0/smartg/install/smart_g/lib/python3.8/site-packages'
[8.280s] Level 1:colcon.colcon_core.shell:create_environment_hook('smart_g', 'pythonpath')
[8.363s] INFO:colcon.colcon_core.shell:Creating environment hook '/home/sofia/Proyecto_final/SmartGarden1.0/smartg/install/smart_g/share/smart_g/hook/pythonpath.ps1'
[8.364s] INFO:colcon.colcon_core.shell:Creating environment descriptor '/home/sofia/Proyecto_final/SmartGarden1.0/smartg/install/smart_g/share/smart_g/hook/pythonpath.dsv'
[8.364s] INFO:colcon.colcon_core.shell:Creating environment hook '/home/sofia/Proyecto_final/SmartGarden1.0/smartg/install/smart_g/share/smart_g/hook/pythonpath.sh'
[8.364s] Level 1:colcon.colcon_core.environment:checking '/home/sofia/Proyecto_final/SmartGarden1.0/smartg/install/smart_g/bin'
[8.364s] Level 1:colcon.colcon_core.environment:create_environment_scripts_only(smart_g)
[8.445s] INFO:colcon.colcon_core.shell:Creating package script '/home/sofia/Proyecto_final/SmartGarden1.0/smartg/install/smart_g/share/smart_g/package.ps1'
[8.453s] INFO:colcon.colcon_core.shell:Creating package descriptor '/home/sofia/Proyecto_final/SmartGarden1.0/smartg/install/smart_g/share/smart_g/package.dsv'
[8.454s] INFO:colcon.colcon_core.shell:Creating package script '/home/sofia/Proyecto_final/SmartGarden1.0/smartg/install/smart_g/share/smart_g/package.sh'
[8.455s] INFO:colcon.colcon_core.shell:Creating package script '/home/sofia/Proyecto_final/SmartGarden1.0/smartg/install/smart_g/share/smart_g/package.bash'
[8.456s] INFO:colcon.colcon_core.shell:Creating package script '/home/sofia/Proyecto_final/SmartGarden1.0/smartg/install/smart_g/share/smart_g/package.zsh'
[8.457s] Level 1:colcon.colcon_core.environment:create_file_with_runtime_dependencies(/home/sofia/Proyecto_final/SmartGarden1.0/smartg/install/smart_g/share/colcon-core/packages/smart_g)
[8.457s] DEBUG:colcon.colcon_parallel_executor.executor.parallel:closing loop
[8.457s] DEBUG:colcon.colcon_parallel_executor.executor.parallel:loop closed
[8.457s] DEBUG:colcon.colcon_parallel_executor.executor.parallel:run_until_complete finished with '0'
[8.457s] DEBUG:colcon.colcon_core.event_reactor:joining thread
[8.547s] INFO:colcon.colcon_core.plugin_system:Skipping extension 'colcon_notification.desktop_notification.terminal_notifier': Not used on non-Darwin systems
[8.547s] INFO:colcon.colcon_core.plugin_system:Skipping extension 'colcon_notification.desktop_notification.win32': Not used on non-Windows systems
[8.547s] INFO:colcon.colcon_notification.desktop_notification:Sending desktop notification using 'notify2'
[8.565s] DEBUG:colcon.colcon_core.event_reactor:joined thread
[8.657s] INFO:colcon.colcon_core.shell:Creating prefix script '/home/sofia/Proyecto_final/SmartGarden1.0/smartg/install/local_setup.ps1'
[8.658s] INFO:colcon.colcon_core.shell:Creating prefix util module '/home/sofia/Proyecto_final/SmartGarden1.0/smartg/install/_local_setup_util_ps1.py'
[8.660s] INFO:colcon.colcon_core.shell:Creating prefix chain script '/home/sofia/Proyecto_final/SmartGarden1.0/smartg/install/setup.ps1'
[8.743s] INFO:colcon.colcon_core.shell:Creating prefix script '/home/sofia/Proyecto_final/SmartGarden1.0/smartg/install/local_setup.sh'
[8.743s] INFO:colcon.colcon_core.shell:Creating prefix util module '/home/sofia/Proyecto_final/SmartGarden1.0/smartg/install/_local_setup_util_sh.py'
[8.744s] INFO:colcon.colcon_core.shell:Creating prefix chain script '/home/sofia/Proyecto_final/SmartGarden1.0/smartg/install/setup.sh'
[8.832s] INFO:colcon.colcon_core.shell:Creating prefix script '/home/sofia/Proyecto_final/SmartGarden1.0/smartg/install/local_setup.bash'
[8.833s] INFO:colcon.colcon_core.shell:Creating prefix chain script '/home/sofia/Proyecto_final/SmartGarden1.0/smartg/install/setup.bash'
[8.916s] INFO:colcon.colcon_core.shell:Creating prefix script '/home/sofia/Proyecto_final/SmartGarden1.0/smartg/install/local_setup.zsh'
[8.917s] INFO:colcon.colcon_core.shell:Creating prefix chain script '/home/sofia/Proyecto_final/SmartGarden1.0/smartg/install/setup.zsh'
