[1.018s] Invoking command in '/home/juan/ProyectoPR/SmartGarden1.0/smartg/src': PYTHONPATH=/home/juan/ProyectoPR/SmartGarden1.0/smartg/build/smart_g/prefix_override:/home/juan/ProyectoPR/SmartGarden1.0/smartg/install/smart_g/lib/python3.8/site-packages:${PYTHONPATH} /usr/bin/python3 setup.py egg_info --egg-base ../build/smart_g build --build-base /home/juan/ProyectoPR/SmartGarden1.0/smartg/build/smart_g/build install --record /home/juan/ProyectoPR/SmartGarden1.0/smartg/build/smart_g/install.log --install-scripts $base/lib/smart_g --single-version-externally-managed
[1.131s] /home/juan/.local/lib/python3.8/site-packages/setuptools/dist.py:498: SetuptoolsDeprecationWarning: Invalid dash-separated options
[1.131s] !!
[1.131s] 
[1.131s]         ********************************************************************************
[1.131s]         Usage of dash-separated 'script-dir' will not be supported in future
[1.131s]         versions. Please use the underscore name 'script_dir' instead.
[1.131s] 
[1.131s]         This deprecation is overdue, please update your project and remove deprecated
[1.131s]         calls to avoid build errors in the future.
[1.132s] 
[1.132s]         See https://setuptools.pypa.io/en/latest/userguide/declarative_config.html for details.
[1.132s]         ********************************************************************************
[1.132s] 
[1.132s] !!
[1.132s]   opt = self.warn_dash_deprecation(opt, section)
[1.234s] running egg_info
[1.250s] writing ../build/smart_g/smart_g.egg-info/PKG-INFO
[1.250s] writing dependency_links to ../build/smart_g/smart_g.egg-info/dependency_links.txt
[1.251s] writing entry points to ../build/smart_g/smart_g.egg-info/entry_points.txt
[1.251s] writing requirements to ../build/smart_g/smart_g.egg-info/requires.txt
[1.251s] writing top-level names to ../build/smart_g/smart_g.egg-info/top_level.txt
[1.367s] reading manifest file '../build/smart_g/smart_g.egg-info/SOURCES.txt'
[1.368s] writing manifest file '../build/smart_g/smart_g.egg-info/SOURCES.txt'
[1.368s] running build
[1.368s] running build_py
[1.369s] copying smart_g/detectorA.py -> /home/juan/ProyectoPR/SmartGarden1.0/smartg/build/smart_g/build/lib/smart_g
[1.369s] running install
[1.369s] /home/juan/.local/lib/python3.8/site-packages/setuptools/_distutils/cmd.py:66: SetuptoolsDeprecationWarning: setup.py install is deprecated.
[1.369s] !!
[1.369s] 
[1.370s]         ********************************************************************************
[1.370s]         Please avoid running ``setup.py`` directly.
[1.370s]         Instead, use pypa/build, pypa/installer or other
[1.370s]         standards-based tools.
[1.370s] 
[1.370s]         See https://blog.ganssle.io/articles/2021/10/setup-py-deprecated.html for details.
[1.370s]         ********************************************************************************
[1.370s] 
[1.370s] !!
[1.371s]   self.initialize_options()
[1.374s] running install_lib
[1.390s] copying /home/juan/ProyectoPR/SmartGarden1.0/smartg/build/smart_g/build/lib/smart_g/detectorA.py -> /home/juan/ProyectoPR/SmartGarden1.0/smartg/install/smart_g/lib/python3.8/site-packages/smart_g
[1.391s] byte-compiling /home/juan/ProyectoPR/SmartGarden1.0/smartg/install/smart_g/lib/python3.8/site-packages/smart_g/detectorA.py to detectorA.cpython-38.pyc
[1.392s] running install_data
[1.408s] running install_egg_info
[1.424s] removing '/home/juan/ProyectoPR/SmartGarden1.0/smartg/install/smart_g/lib/python3.8/site-packages/smart_g-0.0.0-py3.8.egg-info' (and everything under it)
[1.425s] Copying ../build/smart_g/smart_g.egg-info to /home/juan/ProyectoPR/SmartGarden1.0/smartg/install/smart_g/lib/python3.8/site-packages/smart_g-0.0.0-py3.8.egg-info
[1.425s] running install_scripts
[1.469s] Installing VideoInput script to /home/juan/ProyectoPR/SmartGarden1.0/smartg/install/smart_g/lib/smart_g
[1.470s] Installing detector script to /home/juan/ProyectoPR/SmartGarden1.0/smartg/install/smart_g/lib/smart_g
[1.470s] Installing image_filterA script to /home/juan/ProyectoPR/SmartGarden1.0/smartg/install/smart_g/lib/smart_g
[1.470s] Installing image_filterB script to /home/juan/ProyectoPR/SmartGarden1.0/smartg/install/smart_g/lib/smart_g
[1.470s] Installing image_filterSubs script to /home/juan/ProyectoPR/SmartGarden1.0/smartg/install/smart_g/lib/smart_g
[1.470s] Installing leaf_define script to /home/juan/ProyectoPR/SmartGarden1.0/smartg/install/smart_g/lib/smart_g
[1.470s] Installing obj_Tracker script to /home/juan/ProyectoPR/SmartGarden1.0/smartg/install/smart_g/lib/smart_g
[1.471s] writing list of installed files to '/home/juan/ProyectoPR/SmartGarden1.0/smartg/build/smart_g/install.log'
[1.499s] Invoked command in '/home/juan/ProyectoPR/SmartGarden1.0/smartg/src' returned '0': PYTHONPATH=/home/juan/ProyectoPR/SmartGarden1.0/smartg/build/smart_g/prefix_override:/home/juan/ProyectoPR/SmartGarden1.0/smartg/install/smart_g/lib/python3.8/site-packages:${PYTHONPATH} /usr/bin/python3 setup.py egg_info --egg-base ../build/smart_g build --build-base /home/juan/ProyectoPR/SmartGarden1.0/smartg/build/smart_g/build install --record /home/juan/ProyectoPR/SmartGarden1.0/smartg/build/smart_g/install.log --install-scripts $base/lib/smart_g --single-version-externally-managed
