[6.451s] DEBUG:colcon:Command line arguments: ['/usr/bin/colcon', 'build']
[6.451s] DEBUG:colcon:Parsed command line arguments: Namespace(allow_overriding=[], ament_cmake_args=None, base_paths=['.'], build_base='build', catkin_cmake_args=None, catkin_skip_building_tests=False, cmake_args=None, cmake_clean_cache=False, cmake_clean_first=False, cmake_force_configure=False, cmake_target=None, cmake_target_skip_unavailable=False, continue_on_error=False, event_handlers=None, executor='parallel', ignore_user_meta=False, install_base='install', log_base=None, log_level=None, main=<bound method BuildVerb.main of <colcon_core.verb.build.BuildVerb object at 0x7f3e2c7a9d00>>, merge_install=False, metas=['./colcon.meta'], packages_above=None, packages_above_and_dependencies=None, packages_above_depth=None, packages_end=None, packages_ignore=None, packages_ignore_regex=None, packages_select=None, packages_select_build_failed=False, packages_select_by_dep=None, packages_select_regex=None, packages_select_test_failures=False, packages_skip=None, packages_skip_build_finished=False, packages_skip_by_dep=None, packages_skip_regex=None, packages_skip_test_passed=False, packages_skip_up_to=None, packages_start=None, packages_up_to=None, packages_up_to_regex=None, parallel_workers=12, paths=None, symlink_install=False, test_result_base=None, verb_extension=<colcon_core.verb.build.BuildVerb object at 0x7f3e2c7a9d00>, verb_name='build', verb_parser=<colcon_defaults.argument_parser.defaults.DefaultArgumentsDecorator object at 0x7f3e2c3eabe0>)
[7.036s] Level 1:colcon.colcon_core.package_discovery:discover_packages(colcon_meta) check parameters
[7.036s] Level 1:colcon.colcon_core.package_discovery:discover_packages(recursive) check parameters
[7.036s] Level 1:colcon.colcon_core.package_discovery:discover_packages(ignore) check parameters
[7.036s] Level 1:colcon.colcon_core.package_discovery:discover_packages(path) check parameters
[7.036s] Level 1:colcon.colcon_core.package_discovery:discover_packages(colcon_meta) discover
[7.036s] Level 1:colcon.colcon_core.package_discovery:discover_packages(recursive) discover
[7.036s] INFO:colcon.colcon_core.package_discovery:Crawling recursively for packages in '/home/juan/ProyectoPR/SmartGarden1.0/smartg'
[7.036s] Level 1:colcon.colcon_core.package_identification:_identify(.) by extensions ['ignore', 'ignore_ament_install']
[7.037s] Level 1:colcon.colcon_core.package_identification:_identify(.) by extension 'ignore'
[7.037s] Level 1:colcon.colcon_core.package_identification:_identify(.) by extension 'ignore_ament_install'
[7.037s] Level 1:colcon.colcon_core.package_identification:_identify(.) by extensions ['colcon_pkg']
[7.037s] Level 1:colcon.colcon_core.package_identification:_identify(.) by extension 'colcon_pkg'
[7.037s] Level 1:colcon.colcon_core.package_identification:_identify(.) by extensions ['colcon_meta']
[7.037s] Level 1:colcon.colcon_core.package_identification:_identify(.) by extension 'colcon_meta'
[7.037s] Level 1:colcon.colcon_core.package_identification:_identify(.) by extensions ['ros']
[7.037s] Level 1:colcon.colcon_core.package_identification:_identify(.) by extension 'ros'
[7.096s] Level 1:colcon.colcon_core.package_identification:_identify(.) by extensions ['cmake', 'python']
[7.096s] Level 1:colcon.colcon_core.package_identification:_identify(.) by extension 'cmake'
[7.096s] Level 1:colcon.colcon_core.package_identification:_identify(.) by extension 'python'
[7.096s] Level 1:colcon.colcon_core.package_identification:_identify(.) by extensions ['python_setup_py']
[7.096s] Level 1:colcon.colcon_core.package_identification:_identify(.) by extension 'python_setup_py'
[7.096s] Level 1:colcon.colcon_core.package_identification:_identify(build) by extensions ['ignore', 'ignore_ament_install']
[7.096s] Level 1:colcon.colcon_core.package_identification:_identify(build) by extension 'ignore'
[7.096s] Level 1:colcon.colcon_core.package_identification:_identify(build) ignored
[7.097s] Level 1:colcon.colcon_core.package_identification:_identify(install) by extensions ['ignore', 'ignore_ament_install']
[7.097s] Level 1:colcon.colcon_core.package_identification:_identify(install) by extension 'ignore'
[7.097s] Level 1:colcon.colcon_core.package_identification:_identify(install) ignored
[7.097s] Level 1:colcon.colcon_core.package_identification:_identify(leaf-model) by extensions ['ignore', 'ignore_ament_install']
[7.097s] Level 1:colcon.colcon_core.package_identification:_identify(leaf-model) by extension 'ignore'
[7.097s] Level 1:colcon.colcon_core.package_identification:_identify(leaf-model) by extension 'ignore_ament_install'
[7.097s] Level 1:colcon.colcon_core.package_identification:_identify(leaf-model) by extensions ['colcon_pkg']
[7.097s] Level 1:colcon.colcon_core.package_identification:_identify(leaf-model) by extension 'colcon_pkg'
[7.097s] Level 1:colcon.colcon_core.package_identification:_identify(leaf-model) by extensions ['colcon_meta']
[7.097s] Level 1:colcon.colcon_core.package_identification:_identify(leaf-model) by extension 'colcon_meta'
[7.097s] Level 1:colcon.colcon_core.package_identification:_identify(leaf-model) by extensions ['ros']
[7.097s] Level 1:colcon.colcon_core.package_identification:_identify(leaf-model) by extension 'ros'
[7.097s] Level 1:colcon.colcon_core.package_identification:_identify(leaf-model) by extensions ['cmake', 'python']
[7.098s] Level 1:colcon.colcon_core.package_identification:_identify(leaf-model) by extension 'cmake'
[7.098s] Level 1:colcon.colcon_core.package_identification:_identify(leaf-model) by extension 'python'
[7.098s] Level 1:colcon.colcon_core.package_identification:_identify(leaf-model) by extensions ['python_setup_py']
[7.098s] Level 1:colcon.colcon_core.package_identification:_identify(leaf-model) by extension 'python_setup_py'
[7.098s] Level 1:colcon.colcon_core.package_identification:_identify(log) by extensions ['ignore', 'ignore_ament_install']
[7.098s] Level 1:colcon.colcon_core.package_identification:_identify(log) by extension 'ignore'
[7.098s] Level 1:colcon.colcon_core.package_identification:_identify(log) ignored
[7.098s] Level 1:colcon.colcon_core.package_identification:_identify(src) by extensions ['ignore', 'ignore_ament_install']
[7.098s] Level 1:colcon.colcon_core.package_identification:_identify(src) by extension 'ignore'
[7.098s] Level 1:colcon.colcon_core.package_identification:_identify(src) by extension 'ignore_ament_install'
[7.098s] Level 1:colcon.colcon_core.package_identification:_identify(src) by extensions ['colcon_pkg']
[7.099s] Level 1:colcon.colcon_core.package_identification:_identify(src) by extension 'colcon_pkg'
[7.099s] Level 1:colcon.colcon_core.package_identification:_identify(src) by extensions ['colcon_meta']
[7.099s] Level 1:colcon.colcon_core.package_identification:_identify(src) by extension 'colcon_meta'
[7.099s] Level 1:colcon.colcon_core.package_identification:_identify(src) by extensions ['ros']
[7.099s] Level 1:colcon.colcon_core.package_identification:_identify(src) by extension 'ros'
[7.136s] DEBUG:colcon.colcon_core.package_identification:Package 'src' with type 'ros.ament_python' and name 'smart_g'
[7.136s] Level 1:colcon.colcon_core.package_identification:_identify(yolo-Weights) by extensions ['ignore', 'ignore_ament_install']
[7.136s] Level 1:colcon.colcon_core.package_identification:_identify(yolo-Weights) by extension 'ignore'
[7.136s] Level 1:colcon.colcon_core.package_identification:_identify(yolo-Weights) by extension 'ignore_ament_install'
[7.136s] Level 1:colcon.colcon_core.package_identification:_identify(yolo-Weights) by extensions ['colcon_pkg']
[7.136s] Level 1:colcon.colcon_core.package_identification:_identify(yolo-Weights) by extension 'colcon_pkg'
[7.137s] Level 1:colcon.colcon_core.package_identification:_identify(yolo-Weights) by extensions ['colcon_meta']
[7.137s] Level 1:colcon.colcon_core.package_identification:_identify(yolo-Weights) by extension 'colcon_meta'
[7.137s] Level 1:colcon.colcon_core.package_identification:_identify(yolo-Weights) by extensions ['ros']
[7.137s] Level 1:colcon.colcon_core.package_identification:_identify(yolo-Weights) by extension 'ros'
[7.137s] Level 1:colcon.colcon_core.package_identification:_identify(yolo-Weights) by extensions ['cmake', 'python']
[7.137s] Level 1:colcon.colcon_core.package_identification:_identify(yolo-Weights) by extension 'cmake'
[7.137s] Level 1:colcon.colcon_core.package_identification:_identify(yolo-Weights) by extension 'python'
[7.137s] Level 1:colcon.colcon_core.package_identification:_identify(yolo-Weights) by extensions ['python_setup_py']
[7.137s] Level 1:colcon.colcon_core.package_identification:_identify(yolo-Weights) by extension 'python_setup_py'
[7.137s] Level 1:colcon.colcon_core.package_discovery:discover_packages(recursive) using defaults
[7.137s] Level 1:colcon.colcon_core.package_discovery:discover_packages(ignore) discover
[7.137s] Level 1:colcon.colcon_core.package_discovery:discover_packages(ignore) using defaults
[7.137s] Level 1:colcon.colcon_core.package_discovery:discover_packages(path) discover
[7.137s] Level 1:colcon.colcon_core.package_discovery:discover_packages(path) using defaults
[7.313s] Level 1:colcon.colcon_core.package_discovery:discover_packages(prefix_path) check parameters
[7.313s] Level 1:colcon.colcon_core.package_discovery:discover_packages(prefix_path) discover
[7.410s] DEBUG:colcon.colcon_installed_package_information.package_discovery:Found 259 installed packages in /opt/ros/foxy
[7.412s] Level 1:colcon.colcon_core.package_discovery:discover_packages(prefix_path) using defaults
[7.844s] Level 5:colcon.colcon_core.verb:set package 'smart_g' build argument 'cmake_args' from command line to 'None'
[7.844s] Level 5:colcon.colcon_core.verb:set package 'smart_g' build argument 'cmake_target' from command line to 'None'
[7.844s] Level 5:colcon.colcon_core.verb:set package 'smart_g' build argument 'cmake_target_skip_unavailable' from command line to 'False'
[7.844s] Level 5:colcon.colcon_core.verb:set package 'smart_g' build argument 'cmake_clean_cache' from command line to 'False'
[7.844s] Level 5:colcon.colcon_core.verb:set package 'smart_g' build argument 'cmake_clean_first' from command line to 'False'
[7.844s] Level 5:colcon.colcon_core.verb:set package 'smart_g' build argument 'cmake_force_configure' from command line to 'False'
[7.844s] Level 5:colcon.colcon_core.verb:set package 'smart_g' build argument 'ament_cmake_args' from command line to 'None'
[7.845s] Level 5:colcon.colcon_core.verb:set package 'smart_g' build argument 'catkin_cmake_args' from command line to 'None'
[7.845s] Level 5:colcon.colcon_core.verb:set package 'smart_g' build argument 'catkin_skip_building_tests' from command line to 'False'
[7.845s] DEBUG:colcon.colcon_core.verb:Building package 'smart_g' with the following arguments: {'ament_cmake_args': None, 'build_base': '/home/juan/ProyectoPR/SmartGarden1.0/smartg/build/smart_g', 'catkin_cmake_args': None, 'catkin_skip_building_tests': False, 'cmake_args': None, 'cmake_clean_cache': False, 'cmake_clean_first': False, 'cmake_force_configure': False, 'cmake_target': None, 'cmake_target_skip_unavailable': False, 'install_base': '/home/juan/ProyectoPR/SmartGarden1.0/smartg/install/smart_g', 'merge_install': False, 'path': '/home/juan/ProyectoPR/SmartGarden1.0/smartg/src', 'symlink_install': False, 'test_result_base': None}
[7.863s] INFO:colcon.colcon_core.executor:Executing jobs using 'parallel' executor
[7.884s] DEBUG:colcon.colcon_parallel_executor.executor.parallel:run_until_complete
[7.884s] INFO:colcon.colcon_ros.task.ament_python.build:Building ROS package in '/home/juan/ProyectoPR/SmartGarden1.0/smartg/src' with build type 'ament_python'
[7.884s] Level 1:colcon.colcon_core.shell:create_environment_hook('smart_g', 'ament_prefix_path')
[7.921s] INFO:colcon.colcon_core.plugin_system:Skipping extension 'colcon_core.shell.bat': Not used on non-Windows systems
[7.921s] INFO:colcon.colcon_core.shell:Creating environment hook '/home/juan/ProyectoPR/SmartGarden1.0/smartg/install/smart_g/share/smart_g/hook/ament_prefix_path.ps1'
[7.936s] INFO:colcon.colcon_core.shell:Creating environment descriptor '/home/juan/ProyectoPR/SmartGarden1.0/smartg/install/smart_g/share/smart_g/hook/ament_prefix_path.dsv'
[7.938s] INFO:colcon.colcon_core.shell:Creating environment hook '/home/juan/ProyectoPR/SmartGarden1.0/smartg/install/smart_g/share/smart_g/hook/ament_prefix_path.sh'
[7.959s] INFO:colcon.colcon_core.shell:Skip shell extension 'powershell' for command environment: Not usable outside of PowerShell
[7.959s] DEBUG:colcon.colcon_core.shell:Skip shell extension 'dsv' for command environment
[8.376s] INFO:colcon.colcon_core.task.python.build:Building Python package in '/home/juan/ProyectoPR/SmartGarden1.0/smartg/src'
[8.399s] INFO:colcon.colcon_core.shell:Skip shell extension 'powershell' for command environment: Not usable outside of PowerShell
[8.399s] DEBUG:colcon.colcon_core.shell:Skip shell extension 'dsv' for command environment
[10.419s] DEBUG:colcon.colcon_core.event_handler.log_command:Invoking command in '/home/juan/ProyectoPR/SmartGarden1.0/smartg/src': CONDA_PROMPT_MODIFIER=(base) PYTHONPATH=/home/juan/ProyectoPR/SmartGarden1.0/smartg/build/smart_g/prefix_override:/home/juan/ProyectoPR/SmartGarden1.0/smartg/install/smart_g/lib/python3.8/site-packages:${PYTHONPATH} /usr/bin/python3 setup.py egg_info --egg-base ../build/smart_g build --build-base /home/juan/ProyectoPR/SmartGarden1.0/smartg/build/smart_g/build install --record /home/juan/ProyectoPR/SmartGarden1.0/smartg/build/smart_g/install.log --install-scripts $base/lib/smart_g --single-version-externally-managed
[11.483s] DEBUG:colcon.colcon_core.event_handler.log_command:Invoked command in '/home/juan/ProyectoPR/SmartGarden1.0/smartg/src' returned '0': CONDA_PROMPT_MODIFIER=(base) PYTHONPATH=/home/juan/ProyectoPR/SmartGarden1.0/smartg/build/smart_g/prefix_override:/home/juan/ProyectoPR/SmartGarden1.0/smartg/install/smart_g/lib/python3.8/site-packages:${PYTHONPATH} /usr/bin/python3 setup.py egg_info --egg-base ../build/smart_g build --build-base /home/juan/ProyectoPR/SmartGarden1.0/smartg/build/smart_g/build install --record /home/juan/ProyectoPR/SmartGarden1.0/smartg/build/smart_g/install.log --install-scripts $base/lib/smart_g --single-version-externally-managed
[11.541s] Level 1:colcon.colcon_core.environment:checking '/home/juan/ProyectoPR/SmartGarden1.0/smartg/install/smart_g' for CMake module files
[11.542s] Level 1:colcon.colcon_core.environment:checking '/home/juan/ProyectoPR/SmartGarden1.0/smartg/install/smart_g' for CMake config files
[11.543s] Level 1:colcon.colcon_core.environment:checking '/home/juan/ProyectoPR/SmartGarden1.0/smartg/install/smart_g/lib'
[11.543s] Level 1:colcon.colcon_core.environment:checking '/home/juan/ProyectoPR/SmartGarden1.0/smartg/install/smart_g/bin'
[11.544s] Level 1:colcon.colcon_core.environment:checking '/home/juan/ProyectoPR/SmartGarden1.0/smartg/install/smart_g/lib/pkgconfig/smart_g.pc'
[11.544s] Level 1:colcon.colcon_core.environment:checking '/home/juan/ProyectoPR/SmartGarden1.0/smartg/install/smart_g/lib/python3.8/site-packages'
[11.544s] Level 1:colcon.colcon_core.shell:create_environment_hook('smart_g', 'pythonpath')
[11.566s] INFO:colcon.colcon_core.shell:Creating environment hook '/home/juan/ProyectoPR/SmartGarden1.0/smartg/install/smart_g/share/smart_g/hook/pythonpath.ps1'
[11.566s] INFO:colcon.colcon_core.shell:Creating environment descriptor '/home/juan/ProyectoPR/SmartGarden1.0/smartg/install/smart_g/share/smart_g/hook/pythonpath.dsv'
[11.566s] INFO:colcon.colcon_core.shell:Creating environment hook '/home/juan/ProyectoPR/SmartGarden1.0/smartg/install/smart_g/share/smart_g/hook/pythonpath.sh'
[11.567s] Level 1:colcon.colcon_core.environment:checking '/home/juan/ProyectoPR/SmartGarden1.0/smartg/install/smart_g/bin'
[11.567s] Level 1:colcon.colcon_core.environment:create_environment_scripts_only(smart_g)
[11.585s] INFO:colcon.colcon_core.shell:Creating package script '/home/juan/ProyectoPR/SmartGarden1.0/smartg/install/smart_g/share/smart_g/package.ps1'
[11.587s] INFO:colcon.colcon_core.shell:Creating package descriptor '/home/juan/ProyectoPR/SmartGarden1.0/smartg/install/smart_g/share/smart_g/package.dsv'
[11.589s] INFO:colcon.colcon_core.shell:Creating package script '/home/juan/ProyectoPR/SmartGarden1.0/smartg/install/smart_g/share/smart_g/package.sh'
[11.590s] INFO:colcon.colcon_core.shell:Creating package script '/home/juan/ProyectoPR/SmartGarden1.0/smartg/install/smart_g/share/smart_g/package.bash'
[11.619s] INFO:colcon.colcon_core.shell:Creating package script '/home/juan/ProyectoPR/SmartGarden1.0/smartg/install/smart_g/share/smart_g/package.zsh'
[11.657s] Level 1:colcon.colcon_core.environment:create_file_with_runtime_dependencies(/home/juan/ProyectoPR/SmartGarden1.0/smartg/install/smart_g/share/colcon-core/packages/smart_g)
[11.657s] DEBUG:colcon.colcon_parallel_executor.executor.parallel:closing loop
[11.658s] DEBUG:colcon.colcon_parallel_executor.executor.parallel:loop closed
[11.658s] DEBUG:colcon.colcon_parallel_executor.executor.parallel:run_until_complete finished with '0'
[11.659s] DEBUG:colcon.colcon_core.event_reactor:joining thread
[11.701s] INFO:colcon.colcon_core.plugin_system:Skipping extension 'colcon_notification.desktop_notification.terminal_notifier': Not used on non-Darwin systems
[11.701s] INFO:colcon.colcon_core.plugin_system:Skipping extension 'colcon_notification.desktop_notification.win32': Not used on non-Windows systems
[11.701s] INFO:colcon.colcon_notification.desktop_notification:Sending desktop notification using 'notify2'
[11.728s] DEBUG:colcon.colcon_core.event_reactor:joined thread
[11.750s] INFO:colcon.colcon_core.shell:Creating prefix script '/home/juan/ProyectoPR/SmartGarden1.0/smartg/install/local_setup.ps1'
[11.753s] INFO:colcon.colcon_core.shell:Creating prefix util module '/home/juan/ProyectoPR/SmartGarden1.0/smartg/install/_local_setup_util_ps1.py'
[11.770s] INFO:colcon.colcon_core.shell:Creating prefix chain script '/home/juan/ProyectoPR/SmartGarden1.0/smartg/install/setup.ps1'
[11.795s] INFO:colcon.colcon_core.shell:Creating prefix script '/home/juan/ProyectoPR/SmartGarden1.0/smartg/install/local_setup.sh'
[11.797s] INFO:colcon.colcon_core.shell:Creating prefix util module '/home/juan/ProyectoPR/SmartGarden1.0/smartg/install/_local_setup_util_sh.py'
[11.797s] INFO:colcon.colcon_core.shell:Creating prefix chain script '/home/juan/ProyectoPR/SmartGarden1.0/smartg/install/setup.sh'
[11.817s] INFO:colcon.colcon_core.shell:Creating prefix script '/home/juan/ProyectoPR/SmartGarden1.0/smartg/install/local_setup.bash'
[11.818s] INFO:colcon.colcon_core.shell:Creating prefix chain script '/home/juan/ProyectoPR/SmartGarden1.0/smartg/install/setup.bash'
[11.854s] INFO:colcon.colcon_core.shell:Creating prefix script '/home/juan/ProyectoPR/SmartGarden1.0/smartg/install/local_setup.zsh'
[11.855s] INFO:colcon.colcon_core.shell:Creating prefix chain script '/home/juan/ProyectoPR/SmartGarden1.0/smartg/install/setup.zsh'
