[1.597s] Invoking command in '/home/juan/ProyectoPR/SmartGarden1.0/smartg/src': CONDA_PROMPT_MODIFIER=(base) PYTHONPATH=/home/juan/ProyectoPR/SmartGarden1.0/smartg/build/smart_g/prefix_override:/home/juan/ProyectoPR/SmartGarden1.0/smartg/install/smart_g/lib/python3.8/site-packages:${PYTHONPATH} /usr/bin/python3 setup.py egg_info --egg-base ../build/smart_g build --build-base /home/juan/ProyectoPR/SmartGarden1.0/smartg/build/smart_g/build install --record /home/juan/ProyectoPR/SmartGarden1.0/smartg/build/smart_g/install.log --install-scripts $base/lib/smart_g --single-version-externally-managed
[1.709s] /home/juan/.local/lib/python3.8/site-packages/setuptools/dist.py:498: SetuptoolsDeprecationWarning: Invalid dash-separated options
[1.710s] !!
[1.710s] 
[1.710s]         ********************************************************************************
[1.710s]         Usage of dash-separated 'script-dir' will not be supported in future
[1.710s]         versions. Please use the underscore name 'script_dir' instead.
[1.710s] 
[1.710s]         This deprecation is overdue, please update your project and remove deprecated
[1.710s]         calls to avoid build errors in the future.
[1.710s] 
[1.710s]         See https://setuptools.pypa.io/en/latest/userguide/declarative_config.html for details.
[1.711s]         ********************************************************************************
[1.711s] 
[1.711s] !!
[1.711s]   opt = self.warn_dash_deprecation(opt, section)
[1.813s] running egg_info
[1.829s] writing ../build/smart_g/smart_g.egg-info/PKG-INFO
[1.829s] writing dependency_links to ../build/smart_g/smart_g.egg-info/dependency_links.txt
[1.830s] writing entry points to ../build/smart_g/smart_g.egg-info/entry_points.txt
[1.830s] writing requirements to ../build/smart_g/smart_g.egg-info/requires.txt
[1.830s] writing top-level names to ../build/smart_g/smart_g.egg-info/top_level.txt
[1.992s] reading manifest file '../build/smart_g/smart_g.egg-info/SOURCES.txt'
[2.005s] writing manifest file '../build/smart_g/smart_g.egg-info/SOURCES.txt'
[2.005s] running build
[2.005s] running build_py
[2.006s] copying smart_g/outputNode.py -> /home/juan/ProyectoPR/SmartGarden1.0/smartg/build/smart_g/build/lib/smart_g
[2.007s] running install
[2.122s] /home/juan/.local/lib/python3.8/site-packages/setuptools/_distutils/cmd.py:66: SetuptoolsDeprecationWarning: setup.py install is deprecated.
[2.123s] !!
[2.123s] 
[2.123s]         ********************************************************************************
[2.123s]         Please avoid running ``setup.py`` directly.
[2.123s]         Instead, use pypa/build, pypa/installer or other
[2.123s]         standards-based tools.
[2.123s] 
[2.124s]         See https://blog.ganssle.io/articles/2021/10/setup-py-deprecated.html for details.
[2.124s]         ********************************************************************************
[2.124s] 
[2.124s] !!
[2.124s]   self.initialize_options()
[2.134s] running install_lib
[2.150s] copying /home/juan/ProyectoPR/SmartGarden1.0/smartg/build/smart_g/build/lib/smart_g/outputNode.py -> /home/juan/ProyectoPR/SmartGarden1.0/smartg/install/smart_g/lib/python3.8/site-packages/smart_g
[2.151s] byte-compiling /home/juan/ProyectoPR/SmartGarden1.0/smartg/install/smart_g/lib/python3.8/site-packages/smart_g/outputNode.py to outputNode.cpython-38.pyc
[2.151s] running install_data
[2.167s] running install_egg_info
[2.183s] removing '/home/juan/ProyectoPR/SmartGarden1.0/smartg/install/smart_g/lib/python3.8/site-packages/smart_g-0.0.0-py3.8.egg-info' (and everything under it)
[2.183s] Copying ../build/smart_g/smart_g.egg-info to /home/juan/ProyectoPR/SmartGarden1.0/smartg/install/smart_g/lib/python3.8/site-packages/smart_g-0.0.0-py3.8.egg-info
[2.185s] running install_scripts
[2.230s] Installing VideoInput script to /home/juan/ProyectoPR/SmartGarden1.0/smartg/install/smart_g/lib/smart_g
[2.230s] Installing detector script to /home/juan/ProyectoPR/SmartGarden1.0/smartg/install/smart_g/lib/smart_g
[2.230s] Installing image_filterA script to /home/juan/ProyectoPR/SmartGarden1.0/smartg/install/smart_g/lib/smart_g
[2.231s] Installing image_filterSubs script to /home/juan/ProyectoPR/SmartGarden1.0/smartg/install/smart_g/lib/smart_g
[2.231s] Installing leaf_define script to /home/juan/ProyectoPR/SmartGarden1.0/smartg/install/smart_g/lib/smart_g
[2.231s] Installing obj_Tracker script to /home/juan/ProyectoPR/SmartGarden1.0/smartg/install/smart_g/lib/smart_g
[2.231s] Installing outputNode script to /home/juan/ProyectoPR/SmartGarden1.0/smartg/install/smart_g/lib/smart_g
[2.232s] writing list of installed files to '/home/juan/ProyectoPR/SmartGarden1.0/smartg/build/smart_g/install.log'
[2.261s] Invoked command in '/home/juan/ProyectoPR/SmartGarden1.0/smartg/src' returned '0': CONDA_PROMPT_MODIFIER=(base) PYTHONPATH=/home/juan/ProyectoPR/SmartGarden1.0/smartg/build/smart_g/prefix_override:/home/juan/ProyectoPR/SmartGarden1.0/smartg/install/smart_g/lib/python3.8/site-packages:${PYTHONPATH} /usr/bin/python3 setup.py egg_info --egg-base ../build/smart_g build --build-base /home/juan/ProyectoPR/SmartGarden1.0/smartg/build/smart_g/build install --record /home/juan/ProyectoPR/SmartGarden1.0/smartg/build/smart_g/install.log --install-scripts $base/lib/smart_g --single-version-externally-managed
