[1.383s] Invoking command in '/home/juan/ProyectoPR/SmartGarden1.0/smartg/src': CONDA_PROMPT_MODIFIER=(base) PYTHONPATH=/home/juan/ProyectoPR/SmartGarden1.0/smartg/build/smart_g/prefix_override:/home/juan/ProyectoPR/SmartGarden1.0/smartg/install/smart_g/lib/python3.8/site-packages:${PYTHONPATH} /usr/bin/python3 setup.py egg_info --egg-base ../build/smart_g build --build-base /home/juan/ProyectoPR/SmartGarden1.0/smartg/build/smart_g/build install --record /home/juan/ProyectoPR/SmartGarden1.0/smartg/build/smart_g/install.log --install-scripts $base/lib/smart_g --single-version-externally-managed
[1.550s] /home/juan/.local/lib/python3.8/site-packages/setuptools/dist.py:498: SetuptoolsDeprecationWarning: Invalid dash-separated options
[1.550s] !!
[1.551s] 
[1.551s]         ********************************************************************************
[1.551s]         Usage of dash-separated 'script-dir' will not be supported in future
[1.551s]         versions. Please use the underscore name 'script_dir' instead.
[1.551s] 
[1.551s]         This deprecation is overdue, please update your project and remove deprecated
[1.552s]         calls to avoid build errors in the future.
[1.552s] 
[1.552s]         See https://setuptools.pypa.io/en/latest/userguide/declarative_config.html for details.
[1.552s]         ********************************************************************************
[1.552s] 
[1.553s] !!
[1.553s]   opt = self.warn_dash_deprecation(opt, section)
[1.716s] running egg_info
[1.742s] writing ../build/smart_g/smart_g.egg-info/PKG-INFO
[1.743s] writing dependency_links to ../build/smart_g/smart_g.egg-info/dependency_links.txt
[1.743s] writing entry points to ../build/smart_g/smart_g.egg-info/entry_points.txt
[1.743s] writing requirements to ../build/smart_g/smart_g.egg-info/requires.txt
[1.744s] writing top-level names to ../build/smart_g/smart_g.egg-info/top_level.txt
[1.938s] reading manifest file '../build/smart_g/smart_g.egg-info/SOURCES.txt'
[1.939s] writing manifest file '../build/smart_g/smart_g.egg-info/SOURCES.txt'
[1.939s] running build
[1.939s] running build_py
[1.940s] copying smart_g/tracker.py -> /home/juan/ProyectoPR/SmartGarden1.0/smartg/build/smart_g/build/lib/smart_g
[1.940s] running install
[1.941s] /home/juan/.local/lib/python3.8/site-packages/setuptools/_distutils/cmd.py:66: SetuptoolsDeprecationWarning: setup.py install is deprecated.
[1.941s] !!
[1.941s] 
[1.941s]         ********************************************************************************
[1.941s]         Please avoid running ``setup.py`` directly.
[1.941s]         Instead, use pypa/build, pypa/installer or other
[1.941s]         standards-based tools.
[1.941s] 
[1.942s]         See https://blog.ganssle.io/articles/2021/10/setup-py-deprecated.html for details.
[1.942s]         ********************************************************************************
[1.942s] 
[1.942s] !!
[1.942s]   self.initialize_options()
[1.949s] running install_lib
[1.975s] copying /home/juan/ProyectoPR/SmartGarden1.0/smartg/build/smart_g/build/lib/smart_g/tracker.py -> /home/juan/ProyectoPR/SmartGarden1.0/smartg/install/smart_g/lib/python3.8/site-packages/smart_g
[1.976s] byte-compiling /home/juan/ProyectoPR/SmartGarden1.0/smartg/install/smart_g/lib/python3.8/site-packages/smart_g/tracker.py to tracker.cpython-38.pyc
[1.978s] running install_data
[2.003s] running install_egg_info
[2.030s] removing '/home/juan/ProyectoPR/SmartGarden1.0/smartg/install/smart_g/lib/python3.8/site-packages/smart_g-0.0.0-py3.8.egg-info' (and everything under it)
[2.031s] Copying ../build/smart_g/smart_g.egg-info to /home/juan/ProyectoPR/SmartGarden1.0/smartg/install/smart_g/lib/python3.8/site-packages/smart_g-0.0.0-py3.8.egg-info
[2.032s] running install_scripts
[2.104s] Installing VideoInput script to /home/juan/ProyectoPR/SmartGarden1.0/smartg/install/smart_g/lib/smart_g
[2.105s] Installing detector script to /home/juan/ProyectoPR/SmartGarden1.0/smartg/install/smart_g/lib/smart_g
[2.105s] Installing image_filterA script to /home/juan/ProyectoPR/SmartGarden1.0/smartg/install/smart_g/lib/smart_g
[2.105s] Installing image_filterB script to /home/juan/ProyectoPR/SmartGarden1.0/smartg/install/smart_g/lib/smart_g
[2.105s] Installing image_filterSubs script to /home/juan/ProyectoPR/SmartGarden1.0/smartg/install/smart_g/lib/smart_g
[2.106s] Installing leaf_define script to /home/juan/ProyectoPR/SmartGarden1.0/smartg/install/smart_g/lib/smart_g
[2.106s] Installing obj_Tracker script to /home/juan/ProyectoPR/SmartGarden1.0/smartg/install/smart_g/lib/smart_g
[2.106s] writing list of installed files to '/home/juan/ProyectoPR/SmartGarden1.0/smartg/build/smart_g/install.log'
[2.142s] Invoked command in '/home/juan/ProyectoPR/SmartGarden1.0/smartg/src' returned '0': CONDA_PROMPT_MODIFIER=(base) PYTHONPATH=/home/juan/ProyectoPR/SmartGarden1.0/smartg/build/smart_g/prefix_override:/home/juan/ProyectoPR/SmartGarden1.0/smartg/install/smart_g/lib/python3.8/site-packages:${PYTHONPATH} /usr/bin/python3 setup.py egg_info --egg-base ../build/smart_g build --build-base /home/juan/ProyectoPR/SmartGarden1.0/smartg/build/smart_g/build install --record /home/juan/ProyectoPR/SmartGarden1.0/smartg/build/smart_g/install.log --install-scripts $base/lib/smart_g --single-version-externally-managed
