/home/juan/.local/lib/python3.8/site-packages/setuptools/dist.py:498: SetuptoolsDeprecationWarning: Invalid dash-separated options
!!

        ********************************************************************************
        Usage of dash-separated 'script-dir' will not be supported in future
        versions. Please use the underscore name 'script_dir' instead.

        This deprecation is overdue, please update your project and remove deprecated
        calls to avoid build errors in the future.

        See https://setuptools.pypa.io/en/latest/userguide/declarative_config.html for details.
        ********************************************************************************

!!
  opt = self.warn_dash_deprecation(opt, section)
running egg_info
creating ../../build/smart_g/smart_g.egg-info
writing ../../build/smart_g/smart_g.egg-info/PKG-INFO
writing dependency_links to ../../build/smart_g/smart_g.egg-info/dependency_links.txt
writing requirements to ../../build/smart_g/smart_g.egg-info/requires.txt
writing top-level names to ../../build/smart_g/smart_g.egg-info/top_level.txt
writing manifest file '../../build/smart_g/smart_g.egg-info/SOURCES.txt'
reading manifest file '../../build/smart_g/smart_g.egg-info/SOURCES.txt'
writing manifest file '../../build/smart_g/smart_g.egg-info/SOURCES.txt'
running build
running build_py
creating /home/juan/ProyectoPR/SmartGarden1.0/smartg/build/smart_g/build
creating /home/juan/ProyectoPR/SmartGarden1.0/smartg/build/smart_g/build/lib
creating /home/juan/ProyectoPR/SmartGarden1.0/smartg/build/smart_g/build/lib/smart_g
copying smart_g/__init__.py -> /home/juan/ProyectoPR/SmartGarden1.0/smartg/build/smart_g/build/lib/smart_g
running install
/home/juan/.local/lib/python3.8/site-packages/setuptools/_distutils/cmd.py:66: SetuptoolsDeprecationWarning: setup.py install is deprecated.
!!

        ********************************************************************************
        Please avoid running ``setup.py`` directly.
        Instead, use pypa/build, pypa/installer or other
        standards-based tools.

        See https://blog.ganssle.io/articles/2021/10/setup-py-deprecated.html for details.
        ********************************************************************************

!!
  self.initialize_options()
running install_lib
creating /home/juan/ProyectoPR/SmartGarden1.0/smartg/install/smart_g/lib/python3.8/site-packages/smart_g
copying /home/juan/ProyectoPR/SmartGarden1.0/smartg/build/smart_g/build/lib/smart_g/__init__.py -> /home/juan/ProyectoPR/SmartGarden1.0/smartg/install/smart_g/lib/python3.8/site-packages/smart_g
byte-compiling /home/juan/ProyectoPR/SmartGarden1.0/smartg/install/smart_g/lib/python3.8/site-packages/smart_g/__init__.py to __init__.cpython-38.pyc
running install_data
creating /home/juan/ProyectoPR/SmartGarden1.0/smartg/install/smart_g/share/ament_index
creating /home/juan/ProyectoPR/SmartGarden1.0/smartg/install/smart_g/share/ament_index/resource_index
creating /home/juan/ProyectoPR/SmartGarden1.0/smartg/install/smart_g/share/ament_index/resource_index/packages
copying resource/smart_g -> /home/juan/ProyectoPR/SmartGarden1.0/smartg/install/smart_g/share/ament_index/resource_index/packages
copying package.xml -> /home/juan/ProyectoPR/SmartGarden1.0/smartg/install/smart_g/share/smart_g
running install_egg_info
Copying ../../build/smart_g/smart_g.egg-info to /home/juan/ProyectoPR/SmartGarden1.0/smartg/install/smart_g/lib/python3.8/site-packages/smart_g-0.0.0-py3.8.egg-info
running install_scripts
writing list of installed files to '/home/juan/ProyectoPR/SmartGarden1.0/smartg/build/smart_g/install.log'
