running egg_info
creating ../../build/smart_g/smart_g.egg-info
writing ../../build/smart_g/smart_g.egg-info/PKG-INFO
writing dependency_links to ../../build/smart_g/smart_g.egg-info/dependency_links.txt
writing requirements to ../../build/smart_g/smart_g.egg-info/requires.txt
writing top-level names to ../../build/smart_g/smart_g.egg-info/top_level.txt
writing manifest file '../../build/smart_g/smart_g.egg-info/SOURCES.txt'
reading manifest file '../../build/smart_g/smart_g.egg-info/SOURCES.txt'
writing manifest file '../../build/smart_g/smart_g.egg-info/SOURCES.txt'
running build
running build_py
creating /home/juan/ProyectoPR/SmartGarden1.0/smartg/build/smart_g/build
creating /home/juan/ProyectoPR/SmartGarden1.0/smartg/build/smart_g/build/lib
creating /home/juan/ProyectoPR/SmartGarden1.0/smartg/build/smart_g/build/lib/smart_g
copying smart_g/__init__.py -> /home/juan/ProyectoPR/SmartGarden1.0/smartg/build/smart_g/build/lib/smart_g
running install
running install_lib
creating /home/juan/ProyectoPR/SmartGarden1.0/smartg/install/smart_g/lib/python3.8/site-packages/smart_g
copying /home/juan/ProyectoPR/SmartGarden1.0/smartg/build/smart_g/build/lib/smart_g/__init__.py -> /home/juan/ProyectoPR/SmartGarden1.0/smartg/install/smart_g/lib/python3.8/site-packages/smart_g
byte-compiling /home/juan/ProyectoPR/SmartGarden1.0/smartg/install/smart_g/lib/python3.8/site-packages/smart_g/__init__.py to __init__.cpython-38.pyc
running install_data
creating /home/juan/ProyectoPR/SmartGarden1.0/smartg/install/smart_g/share/ament_index
creating /home/juan/ProyectoPR/SmartGarden1.0/smartg/install/smart_g/share/ament_index/resource_index
creating /home/juan/ProyectoPR/SmartGarden1.0/smartg/install/smart_g/share/ament_index/resource_index/packages
copying resource/smart_g -> /home/juan/ProyectoPR/SmartGarden1.0/smartg/install/smart_g/share/ament_index/resource_index/packages
copying package.xml -> /home/juan/ProyectoPR/SmartGarden1.0/smartg/install/smart_g/share/smart_g
running install_egg_info
Copying ../../build/smart_g/smart_g.egg-info to /home/juan/ProyectoPR/SmartGarden1.0/smartg/install/smart_g/lib/python3.8/site-packages/smart_g-0.0.0-py3.8.egg-info
running install_scripts
writing list of installed files to '/home/juan/ProyectoPR/SmartGarden1.0/smartg/build/smart_g/install.log'
