[3.131s] Invoking command in '/home/juan/ProyectoPR/SmartGarden1.0/smartg/src/smart_g': PYTHONPATH=/home/juan/ProyectoPR/SmartGarden1.0/smartg/build/smart_g/prefix_override:/home/juan/ProyectoPR/SmartGarden1.0/smartg/install/smart_g/lib/python3.8/site-packages:${PYTHONPATH} /usr/bin/python3 setup.py egg_info --egg-base ../../build/smart_g build --build-base /home/juan/ProyectoPR/SmartGarden1.0/smartg/build/smart_g/build install --record /home/juan/ProyectoPR/SmartGarden1.0/smartg/build/smart_g/install.log --install-scripts $base/lib/smart_g --single-version-externally-managed
[3.308s] /home/juan/.local/lib/python3.8/site-packages/setuptools/dist.py:498: SetuptoolsDeprecationWarning: Invalid dash-separated options
[3.308s] !!
[3.308s] 
[3.308s]         ********************************************************************************
[3.308s]         Usage of dash-separated 'script-dir' will not be supported in future
[3.308s]         versions. Please use the underscore name 'script_dir' instead.
[3.308s] 
[3.308s]         This deprecation is overdue, please update your project and remove deprecated
[3.308s]         calls to avoid build errors in the future.
[3.309s] 
[3.309s]         See https://setuptools.pypa.io/en/latest/userguide/declarative_config.html for details.
[3.309s]         ********************************************************************************
[3.309s] 
[3.309s] !!
[3.309s]   opt = self.warn_dash_deprecation(opt, section)
[3.473s] running egg_info
[3.473s] creating ../../build/smart_g/smart_g.egg-info
[3.500s] writing ../../build/smart_g/smart_g.egg-info/PKG-INFO
[3.500s] writing dependency_links to ../../build/smart_g/smart_g.egg-info/dependency_links.txt
[3.500s] writing requirements to ../../build/smart_g/smart_g.egg-info/requires.txt
[3.501s] writing top-level names to ../../build/smart_g/smart_g.egg-info/top_level.txt
[3.687s] writing manifest file '../../build/smart_g/smart_g.egg-info/SOURCES.txt'
[3.740s] reading manifest file '../../build/smart_g/smart_g.egg-info/SOURCES.txt'
[3.740s] writing manifest file '../../build/smart_g/smart_g.egg-info/SOURCES.txt'
[3.741s] running build
[3.741s] running build_py
[3.741s] creating /home/juan/ProyectoPR/SmartGarden1.0/smartg/build/smart_g/build
[3.741s] creating /home/juan/ProyectoPR/SmartGarden1.0/smartg/build/smart_g/build/lib
[3.741s] creating /home/juan/ProyectoPR/SmartGarden1.0/smartg/build/smart_g/build/lib/smart_g
[3.741s] copying smart_g/__init__.py -> /home/juan/ProyectoPR/SmartGarden1.0/smartg/build/smart_g/build/lib/smart_g
[3.742s] running install
[3.899s] /home/juan/.local/lib/python3.8/site-packages/setuptools/_distutils/cmd.py:66: SetuptoolsDeprecationWarning: setup.py install is deprecated.
[3.899s] !!
[3.899s] 
[3.899s]         ********************************************************************************
[3.899s]         Please avoid running ``setup.py`` directly.
[3.899s]         Instead, use pypa/build, pypa/installer or other
[3.900s]         standards-based tools.
[3.900s] 
[3.900s]         See https://blog.ganssle.io/articles/2021/10/setup-py-deprecated.html for details.
[3.900s]         ********************************************************************************
[3.900s] 
[3.900s] !!
[3.900s]   self.initialize_options()
[3.911s] running install_lib
[3.937s] creating /home/juan/ProyectoPR/SmartGarden1.0/smartg/install/smart_g/lib/python3.8/site-packages/smart_g
[3.938s] copying /home/juan/ProyectoPR/SmartGarden1.0/smartg/build/smart_g/build/lib/smart_g/__init__.py -> /home/juan/ProyectoPR/SmartGarden1.0/smartg/install/smart_g/lib/python3.8/site-packages/smart_g
[3.938s] byte-compiling /home/juan/ProyectoPR/SmartGarden1.0/smartg/install/smart_g/lib/python3.8/site-packages/smart_g/__init__.py to __init__.cpython-38.pyc
[3.938s] running install_data
[3.965s] creating /home/juan/ProyectoPR/SmartGarden1.0/smartg/install/smart_g/share/ament_index
[3.965s] creating /home/juan/ProyectoPR/SmartGarden1.0/smartg/install/smart_g/share/ament_index/resource_index
[3.965s] creating /home/juan/ProyectoPR/SmartGarden1.0/smartg/install/smart_g/share/ament_index/resource_index/packages
[3.965s] copying resource/smart_g -> /home/juan/ProyectoPR/SmartGarden1.0/smartg/install/smart_g/share/ament_index/resource_index/packages
[3.965s] copying package.xml -> /home/juan/ProyectoPR/SmartGarden1.0/smartg/install/smart_g/share/smart_g
[3.965s] running install_egg_info
[3.993s] Copying ../../build/smart_g/smart_g.egg-info to /home/juan/ProyectoPR/SmartGarden1.0/smartg/install/smart_g/lib/python3.8/site-packages/smart_g-0.0.0-py3.8.egg-info
[3.993s] running install_scripts
[4.068s] writing list of installed files to '/home/juan/ProyectoPR/SmartGarden1.0/smartg/build/smart_g/install.log'
[4.130s] Invoked command in '/home/juan/ProyectoPR/SmartGarden1.0/smartg/src/smart_g' returned '0': PYTHONPATH=/home/juan/ProyectoPR/SmartGarden1.0/smartg/build/smart_g/prefix_override:/home/juan/ProyectoPR/SmartGarden1.0/smartg/install/smart_g/lib/python3.8/site-packages:${PYTHONPATH} /usr/bin/python3 setup.py egg_info --egg-base ../../build/smart_g build --build-base /home/juan/ProyectoPR/SmartGarden1.0/smartg/build/smart_g/build install --record /home/juan/ProyectoPR/SmartGarden1.0/smartg/build/smart_g/install.log --install-scripts $base/lib/smart_g --single-version-externally-managed
