[0.895s] Invoking command in '/home/juan/ProyectoPR/SmartGarden1.0/smartg/src': CONDA_PROMPT_MODIFIER=(base) PYTHONPATH=/home/juan/ProyectoPR/SmartGarden1.0/smartg/build/smart_g/prefix_override:/home/juan/ProyectoPR/SmartGarden1.0/smartg/install/smart_g/lib/python3.8/site-packages:${PYTHONPATH} /usr/bin/python3 setup.py egg_info --egg-base ../build/smart_g build --build-base /home/juan/ProyectoPR/SmartGarden1.0/smartg/build/smart_g/build install --record /home/juan/ProyectoPR/SmartGarden1.0/smartg/build/smart_g/install.log --install-scripts $base/lib/smart_g --single-version-externally-managed
[1.009s] /home/juan/.local/lib/python3.8/site-packages/setuptools/dist.py:498: SetuptoolsDeprecationWarning: Invalid dash-separated options
[1.009s] !!
[1.009s] 
[1.009s]         ********************************************************************************
[1.009s]         Usage of dash-separated 'script-dir' will not be supported in future
[1.009s]         versions. Please use the underscore name 'script_dir' instead.
[1.009s] 
[1.010s]         This deprecation is overdue, please update your project and remove deprecated
[1.010s]         calls to avoid build errors in the future.
[1.010s] 
[1.010s]         See https://setuptools.pypa.io/en/latest/userguide/declarative_config.html for details.
[1.010s]         ********************************************************************************
[1.010s] 
[1.010s] !!
[1.010s]   opt = self.warn_dash_deprecation(opt, section)
[1.111s] running egg_info
[1.127s] writing ../build/smart_g/smart_g.egg-info/PKG-INFO
[1.127s] writing dependency_links to ../build/smart_g/smart_g.egg-info/dependency_links.txt
[1.127s] writing entry points to ../build/smart_g/smart_g.egg-info/entry_points.txt
[1.127s] writing requirements to ../build/smart_g/smart_g.egg-info/requires.txt
[1.128s] writing top-level names to ../build/smart_g/smart_g.egg-info/top_level.txt
[1.244s] reading manifest file '../build/smart_g/smart_g.egg-info/SOURCES.txt'
[1.244s] writing manifest file '../build/smart_g/smart_g.egg-info/SOURCES.txt'
[1.245s] running build
[1.245s] running build_py
[1.245s] copying smart_g/tracker.py -> /home/juan/ProyectoPR/SmartGarden1.0/smartg/build/smart_g/build/lib/smart_g
[1.245s] copying smart_g/detectorA.py -> /home/juan/ProyectoPR/SmartGarden1.0/smartg/build/smart_g/build/lib/smart_g
[1.245s] running install
[1.246s] /home/juan/.local/lib/python3.8/site-packages/setuptools/_distutils/cmd.py:66: SetuptoolsDeprecationWarning: setup.py install is deprecated.
[1.246s] !!
[1.246s] 
[1.246s]         ********************************************************************************
[1.246s]         Please avoid running ``setup.py`` directly.
[1.246s]         Instead, use pypa/build, pypa/installer or other
[1.246s]         standards-based tools.
[1.246s] 
[1.246s]         See https://blog.ganssle.io/articles/2021/10/setup-py-deprecated.html for details.
[1.246s]         ********************************************************************************
[1.247s] 
[1.247s] !!
[1.247s]   self.initialize_options()
[1.250s] running install_lib
[1.267s] copying /home/juan/ProyectoPR/SmartGarden1.0/smartg/build/smart_g/build/lib/smart_g/tracker.py -> /home/juan/ProyectoPR/SmartGarden1.0/smartg/install/smart_g/lib/python3.8/site-packages/smart_g
[1.267s] copying /home/juan/ProyectoPR/SmartGarden1.0/smartg/build/smart_g/build/lib/smart_g/detectorA.py -> /home/juan/ProyectoPR/SmartGarden1.0/smartg/install/smart_g/lib/python3.8/site-packages/smart_g
[1.267s] byte-compiling /home/juan/ProyectoPR/SmartGarden1.0/smartg/install/smart_g/lib/python3.8/site-packages/smart_g/tracker.py to tracker.cpython-38.pyc
[1.268s] byte-compiling /home/juan/ProyectoPR/SmartGarden1.0/smartg/install/smart_g/lib/python3.8/site-packages/smart_g/detectorA.py to detectorA.cpython-38.pyc
[1.269s] running install_data
[1.285s] running install_egg_info
[1.302s] removing '/home/juan/ProyectoPR/SmartGarden1.0/smartg/install/smart_g/lib/python3.8/site-packages/smart_g-0.0.0-py3.8.egg-info' (and everything under it)
[1.302s] Copying ../build/smart_g/smart_g.egg-info to /home/juan/ProyectoPR/SmartGarden1.0/smartg/install/smart_g/lib/python3.8/site-packages/smart_g-0.0.0-py3.8.egg-info
[1.302s] running install_scripts
[1.349s] Installing VideoInput script to /home/juan/ProyectoPR/SmartGarden1.0/smartg/install/smart_g/lib/smart_g
[1.349s] Installing detector script to /home/juan/ProyectoPR/SmartGarden1.0/smartg/install/smart_g/lib/smart_g
[1.350s] Installing image_filterA script to /home/juan/ProyectoPR/SmartGarden1.0/smartg/install/smart_g/lib/smart_g
[1.350s] Installing image_filterB script to /home/juan/ProyectoPR/SmartGarden1.0/smartg/install/smart_g/lib/smart_g
[1.350s] Installing image_filterSubs script to /home/juan/ProyectoPR/SmartGarden1.0/smartg/install/smart_g/lib/smart_g
[1.350s] Installing obj_Tracker script to /home/juan/ProyectoPR/SmartGarden1.0/smartg/install/smart_g/lib/smart_g
[1.350s] writing list of installed files to '/home/juan/ProyectoPR/SmartGarden1.0/smartg/build/smart_g/install.log'
[1.380s] Invoked command in '/home/juan/ProyectoPR/SmartGarden1.0/smartg/src' returned '0': CONDA_PROMPT_MODIFIER=(base) PYTHONPATH=/home/juan/ProyectoPR/SmartGarden1.0/smartg/build/smart_g/prefix_override:/home/juan/ProyectoPR/SmartGarden1.0/smartg/install/smart_g/lib/python3.8/site-packages:${PYTHONPATH} /usr/bin/python3 setup.py egg_info --egg-base ../build/smart_g build --build-base /home/juan/ProyectoPR/SmartGarden1.0/smartg/build/smart_g/build install --record /home/juan/ProyectoPR/SmartGarden1.0/smartg/build/smart_g/install.log --install-scripts $base/lib/smart_g --single-version-externally-managed
