[3.470s] DEBUG:colcon:Command line arguments: ['/usr/bin/colcon', 'build']
[3.470s] DEBUG:colcon:Parsed command line arguments: Namespace(allow_overriding=[], ament_cmake_args=None, base_paths=['.'], build_base='build', catkin_cmake_args=None, catkin_skip_building_tests=False, cmake_args=None, cmake_clean_cache=False, cmake_clean_first=False, cmake_force_configure=False, cmake_target=None, cmake_target_skip_unavailable=False, continue_on_error=False, event_handlers=None, executor='parallel', ignore_user_meta=False, install_base='install', log_base=None, log_level=None, main=<bound method BuildVerb.main of <colcon_core.verb.build.BuildVerb object at 0x7ff92cbacf70>>, merge_install=False, metas=['./colcon.meta'], packages_above=None, packages_above_and_dependencies=None, packages_above_depth=None, packages_end=None, packages_ignore=None, packages_ignore_regex=None, packages_select=None, packages_select_build_failed=False, packages_select_by_dep=None, packages_select_regex=None, packages_select_test_failures=False, packages_skip=None, packages_skip_build_finished=False, packages_skip_by_dep=None, packages_skip_regex=None, packages_skip_test_passed=False, packages_skip_up_to=None, packages_start=None, packages_up_to=None, packages_up_to_regex=None, parallel_workers=8, paths=None, symlink_install=False, test_result_base=None, verb_extension=<colcon_core.verb.build.BuildVerb object at 0x7ff92cbacf70>, verb_name='build', verb_parser=<colcon_defaults.argument_parser.defaults.DefaultArgumentsDecorator object at 0x7ff92caa59d0>)
[3.620s] Level 1:colcon.colcon_core.package_discovery:discover_packages(colcon_meta) check parameters
[3.620s] Level 1:colcon.colcon_core.package_discovery:discover_packages(recursive) check parameters
[3.620s] Level 1:colcon.colcon_core.package_discovery:discover_packages(ignore) check parameters
[3.620s] Level 1:colcon.colcon_core.package_discovery:discover_packages(path) check parameters
[3.620s] Level 1:colcon.colcon_core.package_discovery:discover_packages(colcon_meta) discover
[3.620s] Level 1:colcon.colcon_core.package_discovery:discover_packages(recursive) discover
[3.620s] INFO:colcon.colcon_core.package_discovery:Crawling recursively for packages in '/home/sofia/Proyecto_final/SmartGarden1.0/smartg'
[3.620s] Level 1:colcon.colcon_core.package_identification:_identify(.) by extensions ['ignore', 'ignore_ament_install']
[3.620s] Level 1:colcon.colcon_core.package_identification:_identify(.) by extension 'ignore'
[3.620s] Level 1:colcon.colcon_core.package_identification:_identify(.) by extension 'ignore_ament_install'
[3.620s] Level 1:colcon.colcon_core.package_identification:_identify(.) by extensions ['colcon_pkg']
[3.620s] Level 1:colcon.colcon_core.package_identification:_identify(.) by extension 'colcon_pkg'
[3.620s] Level 1:colcon.colcon_core.package_identification:_identify(.) by extensions ['colcon_meta']
[3.620s] Level 1:colcon.colcon_core.package_identification:_identify(.) by extension 'colcon_meta'
[3.620s] Level 1:colcon.colcon_core.package_identification:_identify(.) by extensions ['ros']
[3.620s] Level 1:colcon.colcon_core.package_identification:_identify(.) by extension 'ros'
[3.632s] Level 1:colcon.colcon_core.package_identification:_identify(.) by extensions ['cmake', 'python']
[3.632s] Level 1:colcon.colcon_core.package_identification:_identify(.) by extension 'cmake'
[3.632s] Level 1:colcon.colcon_core.package_identification:_identify(.) by extension 'python'
[3.632s] Level 1:colcon.colcon_core.package_identification:_identify(.) by extensions ['python_setup_py']
[3.632s] Level 1:colcon.colcon_core.package_identification:_identify(.) by extension 'python_setup_py'
[3.632s] Level 1:colcon.colcon_core.package_identification:_identify(build) by extensions ['ignore', 'ignore_ament_install']
[3.632s] Level 1:colcon.colcon_core.package_identification:_identify(build) by extension 'ignore'
[3.632s] Level 1:colcon.colcon_core.package_identification:_identify(build) ignored
[3.632s] Level 1:colcon.colcon_core.package_identification:_identify(install) by extensions ['ignore', 'ignore_ament_install']
[3.632s] Level 1:colcon.colcon_core.package_identification:_identify(install) by extension 'ignore'
[3.632s] Level 1:colcon.colcon_core.package_identification:_identify(install) ignored
[3.632s] Level 1:colcon.colcon_core.package_identification:_identify(leaf-model) by extensions ['ignore', 'ignore_ament_install']
[3.632s] Level 1:colcon.colcon_core.package_identification:_identify(leaf-model) by extension 'ignore'
[3.633s] Level 1:colcon.colcon_core.package_identification:_identify(leaf-model) by extension 'ignore_ament_install'
[3.633s] Level 1:colcon.colcon_core.package_identification:_identify(leaf-model) by extensions ['colcon_pkg']
[3.633s] Level 1:colcon.colcon_core.package_identification:_identify(leaf-model) by extension 'colcon_pkg'
[3.633s] Level 1:colcon.colcon_core.package_identification:_identify(leaf-model) by extensions ['colcon_meta']
[3.633s] Level 1:colcon.colcon_core.package_identification:_identify(leaf-model) by extension 'colcon_meta'
[3.633s] Level 1:colcon.colcon_core.package_identification:_identify(leaf-model) by extensions ['ros']
[3.633s] Level 1:colcon.colcon_core.package_identification:_identify(leaf-model) by extension 'ros'
[3.633s] Level 1:colcon.colcon_core.package_identification:_identify(leaf-model) by extensions ['cmake', 'python']
[3.633s] Level 1:colcon.colcon_core.package_identification:_identify(leaf-model) by extension 'cmake'
[3.633s] Level 1:colcon.colcon_core.package_identification:_identify(leaf-model) by extension 'python'
[3.633s] Level 1:colcon.colcon_core.package_identification:_identify(leaf-model) by extensions ['python_setup_py']
[3.633s] Level 1:colcon.colcon_core.package_identification:_identify(leaf-model) by extension 'python_setup_py'
[3.633s] Level 1:colcon.colcon_core.package_identification:_identify(log) by extensions ['ignore', 'ignore_ament_install']
[3.633s] Level 1:colcon.colcon_core.package_identification:_identify(log) by extension 'ignore'
[3.633s] Level 1:colcon.colcon_core.package_identification:_identify(log) ignored
[3.633s] Level 1:colcon.colcon_core.package_identification:_identify(src) by extensions ['ignore', 'ignore_ament_install']
[3.633s] Level 1:colcon.colcon_core.package_identification:_identify(src) by extension 'ignore'
[3.633s] Level 1:colcon.colcon_core.package_identification:_identify(src) by extension 'ignore_ament_install'
[3.633s] Level 1:colcon.colcon_core.package_identification:_identify(src) by extensions ['colcon_pkg']
[3.634s] Level 1:colcon.colcon_core.package_identification:_identify(src) by extension 'colcon_pkg'
[3.634s] Level 1:colcon.colcon_core.package_identification:_identify(src) by extensions ['colcon_meta']
[3.634s] Level 1:colcon.colcon_core.package_identification:_identify(src) by extension 'colcon_meta'
[3.634s] Level 1:colcon.colcon_core.package_identification:_identify(src) by extensions ['ros']
[3.634s] Level 1:colcon.colcon_core.package_identification:_identify(src) by extension 'ros'
[3.637s] DEBUG:colcon.colcon_core.package_identification:Package 'src' with type 'ros.ament_python' and name 'smart_g'
[3.637s] Level 1:colcon.colcon_core.package_identification:_identify(yolo-Weights) by extensions ['ignore', 'ignore_ament_install']
[3.637s] Level 1:colcon.colcon_core.package_identification:_identify(yolo-Weights) by extension 'ignore'
[3.637s] Level 1:colcon.colcon_core.package_identification:_identify(yolo-Weights) by extension 'ignore_ament_install'
[3.638s] Level 1:colcon.colcon_core.package_identification:_identify(yolo-Weights) by extensions ['colcon_pkg']
[3.638s] Level 1:colcon.colcon_core.package_identification:_identify(yolo-Weights) by extension 'colcon_pkg'
[3.638s] Level 1:colcon.colcon_core.package_identification:_identify(yolo-Weights) by extensions ['colcon_meta']
[3.638s] Level 1:colcon.colcon_core.package_identification:_identify(yolo-Weights) by extension 'colcon_meta'
[3.638s] Level 1:colcon.colcon_core.package_identification:_identify(yolo-Weights) by extensions ['ros']
[3.638s] Level 1:colcon.colcon_core.package_identification:_identify(yolo-Weights) by extension 'ros'
[3.638s] Level 1:colcon.colcon_core.package_identification:_identify(yolo-Weights) by extensions ['cmake', 'python']
[3.638s] Level 1:colcon.colcon_core.package_identification:_identify(yolo-Weights) by extension 'cmake'
[3.638s] Level 1:colcon.colcon_core.package_identification:_identify(yolo-Weights) by extension 'python'
[3.638s] Level 1:colcon.colcon_core.package_identification:_identify(yolo-Weights) by extensions ['python_setup_py']
[3.638s] Level 1:colcon.colcon_core.package_identification:_identify(yolo-Weights) by extension 'python_setup_py'
[3.638s] Level 1:colcon.colcon_core.package_discovery:discover_packages(recursive) using defaults
[3.638s] Level 1:colcon.colcon_core.package_discovery:discover_packages(ignore) discover
[3.638s] Level 1:colcon.colcon_core.package_discovery:discover_packages(ignore) using defaults
[3.638s] Level 1:colcon.colcon_core.package_discovery:discover_packages(path) discover
[3.638s] Level 1:colcon.colcon_core.package_discovery:discover_packages(path) using defaults
[3.974s] Level 1:colcon.colcon_core.package_discovery:discover_packages(prefix_path) check parameters
[3.974s] Level 1:colcon.colcon_core.package_discovery:discover_packages(prefix_path) discover
[4.107s] DEBUG:colcon.colcon_installed_package_information.package_discovery:Found 266 installed packages in /opt/ros/foxy
[4.108s] Level 1:colcon.colcon_core.package_discovery:discover_packages(prefix_path) using defaults
[4.300s] Level 5:colcon.colcon_core.verb:set package 'smart_g' build argument 'cmake_args' from command line to 'None'
[4.300s] Level 5:colcon.colcon_core.verb:set package 'smart_g' build argument 'cmake_target' from command line to 'None'
[4.300s] Level 5:colcon.colcon_core.verb:set package 'smart_g' build argument 'cmake_target_skip_unavailable' from command line to 'False'
[4.300s] Level 5:colcon.colcon_core.verb:set package 'smart_g' build argument 'cmake_clean_cache' from command line to 'False'
[4.300s] Level 5:colcon.colcon_core.verb:set package 'smart_g' build argument 'cmake_clean_first' from command line to 'False'
[4.300s] Level 5:colcon.colcon_core.verb:set package 'smart_g' build argument 'cmake_force_configure' from command line to 'False'
[4.300s] Level 5:colcon.colcon_core.verb:set package 'smart_g' build argument 'ament_cmake_args' from command line to 'None'
[4.300s] Level 5:colcon.colcon_core.verb:set package 'smart_g' build argument 'catkin_cmake_args' from command line to 'None'
[4.300s] Level 5:colcon.colcon_core.verb:set package 'smart_g' build argument 'catkin_skip_building_tests' from command line to 'False'
[4.300s] DEBUG:colcon.colcon_core.verb:Building package 'smart_g' with the following arguments: {'ament_cmake_args': None, 'build_base': '/home/sofia/Proyecto_final/SmartGarden1.0/smartg/build/smart_g', 'catkin_cmake_args': None, 'catkin_skip_building_tests': False, 'cmake_args': None, 'cmake_clean_cache': False, 'cmake_clean_first': False, 'cmake_force_configure': False, 'cmake_target': None, 'cmake_target_skip_unavailable': False, 'install_base': '/home/sofia/Proyecto_final/SmartGarden1.0/smartg/install/smart_g', 'merge_install': False, 'path': '/home/sofia/Proyecto_final/SmartGarden1.0/smartg/src', 'symlink_install': False, 'test_result_base': None}
[4.358s] INFO:colcon.colcon_core.executor:Executing jobs using 'parallel' executor
[4.417s] DEBUG:colcon.colcon_parallel_executor.executor.parallel:run_until_complete
[4.417s] INFO:colcon.colcon_ros.task.ament_python.build:Building ROS package in '/home/sofia/Proyecto_final/SmartGarden1.0/smartg/src' with build type 'ament_python'
[4.417s] Level 1:colcon.colcon_core.shell:create_environment_hook('smart_g', 'ament_prefix_path')
[4.489s] INFO:colcon.colcon_core.plugin_system:Skipping extension 'colcon_core.shell.bat': Not used on non-Windows systems
[4.490s] INFO:colcon.colcon_core.shell:Creating environment hook '/home/sofia/Proyecto_final/SmartGarden1.0/smartg/install/smart_g/share/smart_g/hook/ament_prefix_path.ps1'
[4.490s] INFO:colcon.colcon_core.shell:Creating environment descriptor '/home/sofia/Proyecto_final/SmartGarden1.0/smartg/install/smart_g/share/smart_g/hook/ament_prefix_path.dsv'
[4.491s] INFO:colcon.colcon_core.shell:Creating environment hook '/home/sofia/Proyecto_final/SmartGarden1.0/smartg/install/smart_g/share/smart_g/hook/ament_prefix_path.sh'
[4.555s] INFO:colcon.colcon_core.shell:Skip shell extension 'powershell' for command environment: Not usable outside of PowerShell
[4.555s] DEBUG:colcon.colcon_core.shell:Skip shell extension 'dsv' for command environment
[4.950s] INFO:colcon.colcon_core.task.python.build:Building Python package in '/home/sofia/Proyecto_final/SmartGarden1.0/smartg/src'
[5.011s] INFO:colcon.colcon_core.shell:Skip shell extension 'powershell' for command environment: Not usable outside of PowerShell
[5.011s] DEBUG:colcon.colcon_core.shell:Skip shell extension 'dsv' for command environment
[5.626s] DEBUG:colcon.colcon_core.event_handler.log_command:Invoking command in '/home/sofia/Proyecto_final/SmartGarden1.0/smartg/src': CONDA_PROMPT_MODIFIER=(base) PYTHONPATH=/home/sofia/Proyecto_final/SmartGarden1.0/smartg/build/smart_g/prefix_override:/home/sofia/Proyecto_final/SmartGarden1.0/smartg/install/smart_g/lib/python3.8/site-packages:${PYTHONPATH} /usr/bin/python3 setup.py egg_info --egg-base ../build/smart_g build --build-base /home/sofia/Proyecto_final/SmartGarden1.0/smartg/build/smart_g/build install --record /home/sofia/Proyecto_final/SmartGarden1.0/smartg/build/smart_g/install.log --install-scripts $base/lib/smart_g --single-version-externally-managed
[5.936s] DEBUG:colcon.colcon_core.event_handler.log_command:Invoked command in '/home/sofia/Proyecto_final/SmartGarden1.0/smartg/src' returned '0': CONDA_PROMPT_MODIFIER=(base) PYTHONPATH=/home/sofia/Proyecto_final/SmartGarden1.0/smartg/build/smart_g/prefix_override:/home/sofia/Proyecto_final/SmartGarden1.0/smartg/install/smart_g/lib/python3.8/site-packages:${PYTHONPATH} /usr/bin/python3 setup.py egg_info --egg-base ../build/smart_g build --build-base /home/sofia/Proyecto_final/SmartGarden1.0/smartg/build/smart_g/build install --record /home/sofia/Proyecto_final/SmartGarden1.0/smartg/build/smart_g/install.log --install-scripts $base/lib/smart_g --single-version-externally-managed
[6.004s] Level 1:colcon.colcon_core.environment:checking '/home/sofia/Proyecto_final/SmartGarden1.0/smartg/install/smart_g' for CMake module files
[6.004s] Level 1:colcon.colcon_core.environment:checking '/home/sofia/Proyecto_final/SmartGarden1.0/smartg/install/smart_g' for CMake config files
[6.005s] Level 1:colcon.colcon_core.environment:checking '/home/sofia/Proyecto_final/SmartGarden1.0/smartg/install/smart_g/lib'
[6.005s] Level 1:colcon.colcon_core.environment:checking '/home/sofia/Proyecto_final/SmartGarden1.0/smartg/install/smart_g/bin'
[6.005s] Level 1:colcon.colcon_core.environment:checking '/home/sofia/Proyecto_final/SmartGarden1.0/smartg/install/smart_g/lib/pkgconfig/smart_g.pc'
[6.005s] Level 1:colcon.colcon_core.environment:checking '/home/sofia/Proyecto_final/SmartGarden1.0/smartg/install/smart_g/lib/python3.8/site-packages'
[6.005s] Level 1:colcon.colcon_core.shell:create_environment_hook('smart_g', 'pythonpath')
[6.069s] INFO:colcon.colcon_core.shell:Creating environment hook '/home/sofia/Proyecto_final/SmartGarden1.0/smartg/install/smart_g/share/smart_g/hook/pythonpath.ps1'
[6.070s] INFO:colcon.colcon_core.shell:Creating environment descriptor '/home/sofia/Proyecto_final/SmartGarden1.0/smartg/install/smart_g/share/smart_g/hook/pythonpath.dsv'
[6.070s] INFO:colcon.colcon_core.shell:Creating environment hook '/home/sofia/Proyecto_final/SmartGarden1.0/smartg/install/smart_g/share/smart_g/hook/pythonpath.sh'
[6.071s] Level 1:colcon.colcon_core.environment:checking '/home/sofia/Proyecto_final/SmartGarden1.0/smartg/install/smart_g/bin'
[6.071s] Level 1:colcon.colcon_core.environment:create_environment_scripts_only(smart_g)
[6.136s] INFO:colcon.colcon_core.shell:Creating package script '/home/sofia/Proyecto_final/SmartGarden1.0/smartg/install/smart_g/share/smart_g/package.ps1'
[6.137s] INFO:colcon.colcon_core.shell:Creating package descriptor '/home/sofia/Proyecto_final/SmartGarden1.0/smartg/install/smart_g/share/smart_g/package.dsv'
[6.137s] INFO:colcon.colcon_core.shell:Creating package script '/home/sofia/Proyecto_final/SmartGarden1.0/smartg/install/smart_g/share/smart_g/package.sh'
[6.138s] INFO:colcon.colcon_core.shell:Creating package script '/home/sofia/Proyecto_final/SmartGarden1.0/smartg/install/smart_g/share/smart_g/package.bash'
[6.139s] INFO:colcon.colcon_core.shell:Creating package script '/home/sofia/Proyecto_final/SmartGarden1.0/smartg/install/smart_g/share/smart_g/package.zsh'
[6.140s] Level 1:colcon.colcon_core.environment:create_file_with_runtime_dependencies(/home/sofia/Proyecto_final/SmartGarden1.0/smartg/install/smart_g/share/colcon-core/packages/smart_g)
[6.140s] DEBUG:colcon.colcon_parallel_executor.executor.parallel:closing loop
[6.140s] DEBUG:colcon.colcon_parallel_executor.executor.parallel:loop closed
[6.141s] DEBUG:colcon.colcon_parallel_executor.executor.parallel:run_until_complete finished with '0'
[6.141s] DEBUG:colcon.colcon_core.event_reactor:joining thread
[6.210s] INFO:colcon.colcon_core.plugin_system:Skipping extension 'colcon_notification.desktop_notification.terminal_notifier': Not used on non-Darwin systems
[6.210s] INFO:colcon.colcon_core.plugin_system:Skipping extension 'colcon_notification.desktop_notification.win32': Not used on non-Windows systems
[6.210s] INFO:colcon.colcon_notification.desktop_notification:Sending desktop notification using 'notify2'
[6.225s] DEBUG:colcon.colcon_core.event_reactor:joined thread
[6.298s] INFO:colcon.colcon_core.shell:Creating prefix script '/home/sofia/Proyecto_final/SmartGarden1.0/smartg/install/local_setup.ps1'
[6.299s] INFO:colcon.colcon_core.shell:Creating prefix util module '/home/sofia/Proyecto_final/SmartGarden1.0/smartg/install/_local_setup_util_ps1.py'
[6.300s] INFO:colcon.colcon_core.shell:Creating prefix chain script '/home/sofia/Proyecto_final/SmartGarden1.0/smartg/install/setup.ps1'
[6.365s] INFO:colcon.colcon_core.shell:Creating prefix script '/home/sofia/Proyecto_final/SmartGarden1.0/smartg/install/local_setup.sh'
[6.365s] INFO:colcon.colcon_core.shell:Creating prefix util module '/home/sofia/Proyecto_final/SmartGarden1.0/smartg/install/_local_setup_util_sh.py'
[6.366s] INFO:colcon.colcon_core.shell:Creating prefix chain script '/home/sofia/Proyecto_final/SmartGarden1.0/smartg/install/setup.sh'
[6.429s] INFO:colcon.colcon_core.shell:Creating prefix script '/home/sofia/Proyecto_final/SmartGarden1.0/smartg/install/local_setup.bash'
[6.429s] INFO:colcon.colcon_core.shell:Creating prefix chain script '/home/sofia/Proyecto_final/SmartGarden1.0/smartg/install/setup.bash'
[6.491s] INFO:colcon.colcon_core.shell:Creating prefix script '/home/sofia/Proyecto_final/SmartGarden1.0/smartg/install/local_setup.zsh'
[6.492s] INFO:colcon.colcon_core.shell:Creating prefix chain script '/home/sofia/Proyecto_final/SmartGarden1.0/smartg/install/setup.zsh'
