[3.393s] DEBUG:colcon:Command line arguments: ['/usr/bin/colcon', 'build']
[3.393s] DEBUG:colcon:Parsed command line arguments: Namespace(allow_overriding=[], ament_cmake_args=None, base_paths=['.'], build_base='build', catkin_cmake_args=None, catkin_skip_building_tests=False, cmake_args=None, cmake_clean_cache=False, cmake_clean_first=False, cmake_force_configure=False, cmake_target=None, cmake_target_skip_unavailable=False, continue_on_error=False, event_handlers=None, executor='parallel', ignore_user_meta=False, install_base='install', log_base=None, log_level=None, main=<bound method BuildVerb.main of <colcon_core.verb.build.BuildVerb object at 0x7f29d67a7730>>, merge_install=False, metas=['./colcon.meta'], packages_above=None, packages_above_and_dependencies=None, packages_above_depth=None, packages_end=None, packages_ignore=None, packages_ignore_regex=None, packages_select=None, packages_select_build_failed=False, packages_select_by_dep=None, packages_select_regex=None, packages_select_test_failures=False, packages_skip=None, packages_skip_build_finished=False, packages_skip_by_dep=None, packages_skip_regex=None, packages_skip_test_passed=False, packages_skip_up_to=None, packages_start=None, packages_up_to=None, packages_up_to_regex=None, parallel_workers=8, paths=None, symlink_install=False, test_result_base=None, verb_extension=<colcon_core.verb.build.BuildVerb object at 0x7f29d67a7730>, verb_name='build', verb_parser=<colcon_defaults.argument_parser.defaults.DefaultArgumentsDecorator object at 0x7f29d66f9280>)
[3.529s] Level 1:colcon.colcon_core.package_discovery:discover_packages(colcon_meta) check parameters
[3.529s] Level 1:colcon.colcon_core.package_discovery:discover_packages(recursive) check parameters
[3.529s] Level 1:colcon.colcon_core.package_discovery:discover_packages(ignore) check parameters
[3.529s] Level 1:colcon.colcon_core.package_discovery:discover_packages(path) check parameters
[3.529s] Level 1:colcon.colcon_core.package_discovery:discover_packages(colcon_meta) discover
[3.529s] Level 1:colcon.colcon_core.package_discovery:discover_packages(recursive) discover
[3.529s] INFO:colcon.colcon_core.package_discovery:Crawling recursively for packages in '/home/sofia/Proyecto_final/SmartGarden1.0/smartg'
[3.529s] Level 1:colcon.colcon_core.package_identification:_identify(.) by extensions ['ignore', 'ignore_ament_install']
[3.530s] Level 1:colcon.colcon_core.package_identification:_identify(.) by extension 'ignore'
[3.530s] Level 1:colcon.colcon_core.package_identification:_identify(.) by extension 'ignore_ament_install'
[3.530s] Level 1:colcon.colcon_core.package_identification:_identify(.) by extensions ['colcon_pkg']
[3.530s] Level 1:colcon.colcon_core.package_identification:_identify(.) by extension 'colcon_pkg'
[3.530s] Level 1:colcon.colcon_core.package_identification:_identify(.) by extensions ['colcon_meta']
[3.530s] Level 1:colcon.colcon_core.package_identification:_identify(.) by extension 'colcon_meta'
[3.530s] Level 1:colcon.colcon_core.package_identification:_identify(.) by extensions ['ros']
[3.530s] Level 1:colcon.colcon_core.package_identification:_identify(.) by extension 'ros'
[3.538s] Level 1:colcon.colcon_core.package_identification:_identify(.) by extensions ['cmake', 'python']
[3.538s] Level 1:colcon.colcon_core.package_identification:_identify(.) by extension 'cmake'
[3.538s] Level 1:colcon.colcon_core.package_identification:_identify(.) by extension 'python'
[3.538s] Level 1:colcon.colcon_core.package_identification:_identify(.) by extensions ['python_setup_py']
[3.538s] Level 1:colcon.colcon_core.package_identification:_identify(.) by extension 'python_setup_py'
[3.539s] Level 1:colcon.colcon_core.package_identification:_identify(build) by extensions ['ignore', 'ignore_ament_install']
[3.539s] Level 1:colcon.colcon_core.package_identification:_identify(build) by extension 'ignore'
[3.539s] Level 1:colcon.colcon_core.package_identification:_identify(build) ignored
[3.539s] Level 1:colcon.colcon_core.package_identification:_identify(install) by extensions ['ignore', 'ignore_ament_install']
[3.539s] Level 1:colcon.colcon_core.package_identification:_identify(install) by extension 'ignore'
[3.539s] Level 1:colcon.colcon_core.package_identification:_identify(install) ignored
[3.539s] Level 1:colcon.colcon_core.package_identification:_identify(leaf-model) by extensions ['ignore', 'ignore_ament_install']
[3.539s] Level 1:colcon.colcon_core.package_identification:_identify(leaf-model) by extension 'ignore'
[3.539s] Level 1:colcon.colcon_core.package_identification:_identify(leaf-model) by extension 'ignore_ament_install'
[3.539s] Level 1:colcon.colcon_core.package_identification:_identify(leaf-model) by extensions ['colcon_pkg']
[3.539s] Level 1:colcon.colcon_core.package_identification:_identify(leaf-model) by extension 'colcon_pkg'
[3.539s] Level 1:colcon.colcon_core.package_identification:_identify(leaf-model) by extensions ['colcon_meta']
[3.539s] Level 1:colcon.colcon_core.package_identification:_identify(leaf-model) by extension 'colcon_meta'
[3.539s] Level 1:colcon.colcon_core.package_identification:_identify(leaf-model) by extensions ['ros']
[3.539s] Level 1:colcon.colcon_core.package_identification:_identify(leaf-model) by extension 'ros'
[3.540s] Level 1:colcon.colcon_core.package_identification:_identify(leaf-model) by extensions ['cmake', 'python']
[3.540s] Level 1:colcon.colcon_core.package_identification:_identify(leaf-model) by extension 'cmake'
[3.540s] Level 1:colcon.colcon_core.package_identification:_identify(leaf-model) by extension 'python'
[3.540s] Level 1:colcon.colcon_core.package_identification:_identify(leaf-model) by extensions ['python_setup_py']
[3.540s] Level 1:colcon.colcon_core.package_identification:_identify(leaf-model) by extension 'python_setup_py'
[3.540s] Level 1:colcon.colcon_core.package_identification:_identify(log) by extensions ['ignore', 'ignore_ament_install']
[3.540s] Level 1:colcon.colcon_core.package_identification:_identify(log) by extension 'ignore'
[3.540s] Level 1:colcon.colcon_core.package_identification:_identify(log) ignored
[3.540s] Level 1:colcon.colcon_core.package_identification:_identify(src) by extensions ['ignore', 'ignore_ament_install']
[3.540s] Level 1:colcon.colcon_core.package_identification:_identify(src) by extension 'ignore'
[3.540s] Level 1:colcon.colcon_core.package_identification:_identify(src) by extension 'ignore_ament_install'
[3.540s] Level 1:colcon.colcon_core.package_identification:_identify(src) by extensions ['colcon_pkg']
[3.540s] Level 1:colcon.colcon_core.package_identification:_identify(src) by extension 'colcon_pkg'
[3.540s] Level 1:colcon.colcon_core.package_identification:_identify(src) by extensions ['colcon_meta']
[3.540s] Level 1:colcon.colcon_core.package_identification:_identify(src) by extension 'colcon_meta'
[3.540s] Level 1:colcon.colcon_core.package_identification:_identify(src) by extensions ['ros']
[3.540s] Level 1:colcon.colcon_core.package_identification:_identify(src) by extension 'ros'
[3.543s] DEBUG:colcon.colcon_core.package_identification:Package 'src' with type 'ros.ament_python' and name 'smart_g'
[3.543s] Level 1:colcon.colcon_core.package_identification:_identify(yolo-Weights) by extensions ['ignore', 'ignore_ament_install']
[3.543s] Level 1:colcon.colcon_core.package_identification:_identify(yolo-Weights) by extension 'ignore'
[3.543s] Level 1:colcon.colcon_core.package_identification:_identify(yolo-Weights) by extension 'ignore_ament_install'
[3.543s] Level 1:colcon.colcon_core.package_identification:_identify(yolo-Weights) by extensions ['colcon_pkg']
[3.543s] Level 1:colcon.colcon_core.package_identification:_identify(yolo-Weights) by extension 'colcon_pkg'
[3.543s] Level 1:colcon.colcon_core.package_identification:_identify(yolo-Weights) by extensions ['colcon_meta']
[3.543s] Level 1:colcon.colcon_core.package_identification:_identify(yolo-Weights) by extension 'colcon_meta'
[3.543s] Level 1:colcon.colcon_core.package_identification:_identify(yolo-Weights) by extensions ['ros']
[3.543s] Level 1:colcon.colcon_core.package_identification:_identify(yolo-Weights) by extension 'ros'
[3.543s] Level 1:colcon.colcon_core.package_identification:_identify(yolo-Weights) by extensions ['cmake', 'python']
[3.544s] Level 1:colcon.colcon_core.package_identification:_identify(yolo-Weights) by extension 'cmake'
[3.544s] Level 1:colcon.colcon_core.package_identification:_identify(yolo-Weights) by extension 'python'
[3.544s] Level 1:colcon.colcon_core.package_identification:_identify(yolo-Weights) by extensions ['python_setup_py']
[3.544s] Level 1:colcon.colcon_core.package_identification:_identify(yolo-Weights) by extension 'python_setup_py'
[3.544s] Level 1:colcon.colcon_core.package_discovery:discover_packages(recursive) using defaults
[3.544s] Level 1:colcon.colcon_core.package_discovery:discover_packages(ignore) discover
[3.544s] Level 1:colcon.colcon_core.package_discovery:discover_packages(ignore) using defaults
[3.544s] Level 1:colcon.colcon_core.package_discovery:discover_packages(path) discover
[3.544s] Level 1:colcon.colcon_core.package_discovery:discover_packages(path) using defaults
[3.861s] Level 1:colcon.colcon_core.package_discovery:discover_packages(prefix_path) check parameters
[3.861s] Level 1:colcon.colcon_core.package_discovery:discover_packages(prefix_path) discover
[3.981s] DEBUG:colcon.colcon_installed_package_information.package_discovery:Found 1 installed packages in /home/sofia/Proyecto_final/SmartGarden1.0/smartg/install
[4.042s] DEBUG:colcon.colcon_installed_package_information.package_discovery:Found 266 installed packages in /opt/ros/foxy
[4.043s] Level 1:colcon.colcon_core.package_discovery:discover_packages(prefix_path) using defaults
[4.233s] Level 5:colcon.colcon_core.verb:set package 'smart_g' build argument 'cmake_args' from command line to 'None'
[4.233s] Level 5:colcon.colcon_core.verb:set package 'smart_g' build argument 'cmake_target' from command line to 'None'
[4.233s] Level 5:colcon.colcon_core.verb:set package 'smart_g' build argument 'cmake_target_skip_unavailable' from command line to 'False'
[4.233s] Level 5:colcon.colcon_core.verb:set package 'smart_g' build argument 'cmake_clean_cache' from command line to 'False'
[4.233s] Level 5:colcon.colcon_core.verb:set package 'smart_g' build argument 'cmake_clean_first' from command line to 'False'
[4.233s] Level 5:colcon.colcon_core.verb:set package 'smart_g' build argument 'cmake_force_configure' from command line to 'False'
[4.233s] Level 5:colcon.colcon_core.verb:set package 'smart_g' build argument 'ament_cmake_args' from command line to 'None'
[4.233s] Level 5:colcon.colcon_core.verb:set package 'smart_g' build argument 'catkin_cmake_args' from command line to 'None'
[4.233s] Level 5:colcon.colcon_core.verb:set package 'smart_g' build argument 'catkin_skip_building_tests' from command line to 'False'
[4.233s] DEBUG:colcon.colcon_core.verb:Building package 'smart_g' with the following arguments: {'ament_cmake_args': None, 'build_base': '/home/sofia/Proyecto_final/SmartGarden1.0/smartg/build/smart_g', 'catkin_cmake_args': None, 'catkin_skip_building_tests': False, 'cmake_args': None, 'cmake_clean_cache': False, 'cmake_clean_first': False, 'cmake_force_configure': False, 'cmake_target': None, 'cmake_target_skip_unavailable': False, 'install_base': '/home/sofia/Proyecto_final/SmartGarden1.0/smartg/install/smart_g', 'merge_install': False, 'path': '/home/sofia/Proyecto_final/SmartGarden1.0/smartg/src', 'symlink_install': False, 'test_result_base': None}
[4.291s] INFO:colcon.colcon_core.executor:Executing jobs using 'parallel' executor
[4.351s] DEBUG:colcon.colcon_parallel_executor.executor.parallel:run_until_complete
[4.351s] INFO:colcon.colcon_ros.task.ament_python.build:Building ROS package in '/home/sofia/Proyecto_final/SmartGarden1.0/smartg/src' with build type 'ament_python'
[4.351s] Level 1:colcon.colcon_core.shell:create_environment_hook('smart_g', 'ament_prefix_path')
[4.417s] INFO:colcon.colcon_core.plugin_system:Skipping extension 'colcon_core.shell.bat': Not used on non-Windows systems
[4.417s] INFO:colcon.colcon_core.shell:Creating environment hook '/home/sofia/Proyecto_final/SmartGarden1.0/smartg/install/smart_g/share/smart_g/hook/ament_prefix_path.ps1'
[4.418s] INFO:colcon.colcon_core.shell:Creating environment descriptor '/home/sofia/Proyecto_final/SmartGarden1.0/smartg/install/smart_g/share/smart_g/hook/ament_prefix_path.dsv'
[4.418s] INFO:colcon.colcon_core.shell:Creating environment hook '/home/sofia/Proyecto_final/SmartGarden1.0/smartg/install/smart_g/share/smart_g/hook/ament_prefix_path.sh'
[4.482s] INFO:colcon.colcon_core.shell:Skip shell extension 'powershell' for command environment: Not usable outside of PowerShell
[4.483s] DEBUG:colcon.colcon_core.shell:Skip shell extension 'dsv' for command environment
[4.944s] INFO:colcon.colcon_core.task.python.build:Building Python package in '/home/sofia/Proyecto_final/SmartGarden1.0/smartg/src'
[5.008s] INFO:colcon.colcon_core.shell:Skip shell extension 'powershell' for command environment: Not usable outside of PowerShell
[5.008s] DEBUG:colcon.colcon_core.shell:Skip shell extension 'dsv' for command environment
[5.622s] DEBUG:colcon.colcon_core.event_handler.log_command:Invoking command in '/home/sofia/Proyecto_final/SmartGarden1.0/smartg/src': CONDA_PROMPT_MODIFIER=(base) PYTHONPATH=/home/sofia/Proyecto_final/SmartGarden1.0/smartg/build/smart_g/prefix_override:/home/sofia/Proyecto_final/SmartGarden1.0/smartg/install/smart_g/lib/python3.8/site-packages:${PYTHONPATH} /usr/bin/python3 setup.py egg_info --egg-base ../build/smart_g build --build-base /home/sofia/Proyecto_final/SmartGarden1.0/smartg/build/smart_g/build install --record /home/sofia/Proyecto_final/SmartGarden1.0/smartg/build/smart_g/install.log --install-scripts $base/lib/smart_g --single-version-externally-managed
[5.917s] DEBUG:colcon.colcon_core.event_handler.log_command:Invoked command in '/home/sofia/Proyecto_final/SmartGarden1.0/smartg/src' returned '0': CONDA_PROMPT_MODIFIER=(base) PYTHONPATH=/home/sofia/Proyecto_final/SmartGarden1.0/smartg/build/smart_g/prefix_override:/home/sofia/Proyecto_final/SmartGarden1.0/smartg/install/smart_g/lib/python3.8/site-packages:${PYTHONPATH} /usr/bin/python3 setup.py egg_info --egg-base ../build/smart_g build --build-base /home/sofia/Proyecto_final/SmartGarden1.0/smartg/build/smart_g/build install --record /home/sofia/Proyecto_final/SmartGarden1.0/smartg/build/smart_g/install.log --install-scripts $base/lib/smart_g --single-version-externally-managed
[5.982s] Level 1:colcon.colcon_core.environment:checking '/home/sofia/Proyecto_final/SmartGarden1.0/smartg/install/smart_g' for CMake module files
[5.982s] Level 1:colcon.colcon_core.environment:checking '/home/sofia/Proyecto_final/SmartGarden1.0/smartg/install/smart_g' for CMake config files
[5.983s] Level 1:colcon.colcon_core.environment:checking '/home/sofia/Proyecto_final/SmartGarden1.0/smartg/install/smart_g/lib'
[5.983s] Level 1:colcon.colcon_core.environment:checking '/home/sofia/Proyecto_final/SmartGarden1.0/smartg/install/smart_g/bin'
[5.983s] Level 1:colcon.colcon_core.environment:checking '/home/sofia/Proyecto_final/SmartGarden1.0/smartg/install/smart_g/lib/pkgconfig/smart_g.pc'
[5.983s] Level 1:colcon.colcon_core.environment:checking '/home/sofia/Proyecto_final/SmartGarden1.0/smartg/install/smart_g/lib/python3.8/site-packages'
[5.983s] Level 1:colcon.colcon_core.shell:create_environment_hook('smart_g', 'pythonpath')
[6.046s] INFO:colcon.colcon_core.shell:Creating environment hook '/home/sofia/Proyecto_final/SmartGarden1.0/smartg/install/smart_g/share/smart_g/hook/pythonpath.ps1'
[6.046s] INFO:colcon.colcon_core.shell:Creating environment descriptor '/home/sofia/Proyecto_final/SmartGarden1.0/smartg/install/smart_g/share/smart_g/hook/pythonpath.dsv'
[6.046s] INFO:colcon.colcon_core.shell:Creating environment hook '/home/sofia/Proyecto_final/SmartGarden1.0/smartg/install/smart_g/share/smart_g/hook/pythonpath.sh'
[6.047s] Level 1:colcon.colcon_core.environment:checking '/home/sofia/Proyecto_final/SmartGarden1.0/smartg/install/smart_g/bin'
[6.047s] Level 1:colcon.colcon_core.environment:create_environment_scripts_only(smart_g)
[6.155s] INFO:colcon.colcon_core.shell:Creating package script '/home/sofia/Proyecto_final/SmartGarden1.0/smartg/install/smart_g/share/smart_g/package.ps1'
[6.157s] INFO:colcon.colcon_core.shell:Creating package descriptor '/home/sofia/Proyecto_final/SmartGarden1.0/smartg/install/smart_g/share/smart_g/package.dsv'
[6.158s] INFO:colcon.colcon_core.shell:Creating package script '/home/sofia/Proyecto_final/SmartGarden1.0/smartg/install/smart_g/share/smart_g/package.sh'
[6.159s] INFO:colcon.colcon_core.shell:Creating package script '/home/sofia/Proyecto_final/SmartGarden1.0/smartg/install/smart_g/share/smart_g/package.bash'
[6.160s] INFO:colcon.colcon_core.shell:Creating package script '/home/sofia/Proyecto_final/SmartGarden1.0/smartg/install/smart_g/share/smart_g/package.zsh'
[6.161s] Level 1:colcon.colcon_core.environment:create_file_with_runtime_dependencies(/home/sofia/Proyecto_final/SmartGarden1.0/smartg/install/smart_g/share/colcon-core/packages/smart_g)
[6.161s] DEBUG:colcon.colcon_parallel_executor.executor.parallel:closing loop
[6.162s] DEBUG:colcon.colcon_parallel_executor.executor.parallel:loop closed
[6.162s] DEBUG:colcon.colcon_parallel_executor.executor.parallel:run_until_complete finished with '0'
[6.162s] DEBUG:colcon.colcon_core.event_reactor:joining thread
[6.230s] INFO:colcon.colcon_core.plugin_system:Skipping extension 'colcon_notification.desktop_notification.terminal_notifier': Not used on non-Darwin systems
[6.230s] INFO:colcon.colcon_core.plugin_system:Skipping extension 'colcon_notification.desktop_notification.win32': Not used on non-Windows systems
[6.230s] INFO:colcon.colcon_notification.desktop_notification:Sending desktop notification using 'notify2'
[6.241s] DEBUG:colcon.colcon_core.event_reactor:joined thread
[6.316s] INFO:colcon.colcon_core.shell:Creating prefix script '/home/sofia/Proyecto_final/SmartGarden1.0/smartg/install/local_setup.ps1'
[6.317s] INFO:colcon.colcon_core.shell:Creating prefix util module '/home/sofia/Proyecto_final/SmartGarden1.0/smartg/install/_local_setup_util_ps1.py'
[6.319s] INFO:colcon.colcon_core.shell:Creating prefix chain script '/home/sofia/Proyecto_final/SmartGarden1.0/smartg/install/setup.ps1'
[6.388s] INFO:colcon.colcon_core.shell:Creating prefix script '/home/sofia/Proyecto_final/SmartGarden1.0/smartg/install/local_setup.sh'
[6.389s] INFO:colcon.colcon_core.shell:Creating prefix util module '/home/sofia/Proyecto_final/SmartGarden1.0/smartg/install/_local_setup_util_sh.py'
[6.389s] INFO:colcon.colcon_core.shell:Creating prefix chain script '/home/sofia/Proyecto_final/SmartGarden1.0/smartg/install/setup.sh'
[6.455s] INFO:colcon.colcon_core.shell:Creating prefix script '/home/sofia/Proyecto_final/SmartGarden1.0/smartg/install/local_setup.bash'
[6.456s] INFO:colcon.colcon_core.shell:Creating prefix chain script '/home/sofia/Proyecto_final/SmartGarden1.0/smartg/install/setup.bash'
[6.517s] INFO:colcon.colcon_core.shell:Creating prefix script '/home/sofia/Proyecto_final/SmartGarden1.0/smartg/install/local_setup.zsh'
[6.517s] INFO:colcon.colcon_core.shell:Creating prefix chain script '/home/sofia/Proyecto_final/SmartGarden1.0/smartg/install/setup.zsh'
